<?xml version="1.0" encoding="UTF-8"?>
<testsuite xmlns:xsi="http://www.w3.org/2001/XMLSchema-instance" xsi:noNamespaceSchemaLocation="https://maven.apache.org/surefire/maven-surefire-plugin/xsd/surefire-test-report-3.0.xsd" version="3.0" name="j3s.qa.tests.runner.CucumberTestRunner" time="11.835" tests="8" errors="0" skipped="0" failures="0">
  <properties>
    <property name="tests.backendBaseUrl" value="http://localhost:5173"/>
    <property name="java.specification.version" value="17"/>
    <property name="webdriver.chrome.driver" value="/Users/sivanesan.murugesan/.cache/selenium/chromedriver/mac64/140.0.7339.207/chromedriver"/>
    <property name="sun.jnu.encoding" value="UTF-8"/>
    <property name="java.class.path" value="/Users/sivanesan.murugesan/Downloads/Siva_j3s/j3s-qa-fintech/j3s-fintech-test-suites/target/test-classes:/Users/sivanesan.murugesan/Downloads/Siva_j3s/j3s-qa-fintech/j3s-fintech-test-suites/target/classes:/Users/sivanesan.murugesan/.m2/repository/io/cucumber/cucumber-spring/7.17.0/cucumber-spring-7.17.0.jar:/Users/sivanesan.murugesan/.m2/repository/io/cucumber/cucumber-core/7.17.0/cucumber-core-7.17.0.jar:/Users/sivanesan.murugesan/.m2/repository/io/cucumber/cucumber-gherkin/7.17.0/cucumber-gherkin-7.17.0.jar:/Users/sivanesan.murugesan/.m2/repository/io/cucumber/cucumber-gherkin-messages/7.17.0/cucumber-gherkin-messages-7.17.0.jar:/Users/sivanesan.murugesan/.m2/repository/io/cucumber/gherkin/28.0.0/gherkin-28.0.0.jar:/Users/sivanesan.murugesan/.m2/repository/io/cucumber/messages/24.1.0/messages-24.1.0.jar:/Users/sivanesan.murugesan/.m2/repository/io/cucumber/testng-xml-formatter/0.1.0/testng-xml-formatter-0.1.0.jar:/Users/sivanesan.murugesan/.m2/repository/io/cucumber/query/12.2.0/query-12.2.0.jar:/Users/sivanesan.murugesan/.m2/repository/io/cucumber/tag-expressions/6.1.0/tag-expressions-6.1.0.jar:/Users/sivanesan.murugesan/.m2/repository/io/cucumber/cucumber-expressions/17.1.0/cucumber-expressions-17.1.0.jar:/Users/sivanesan.murugesan/.m2/repository/io/cucumber/datatable/7.17.0/datatable-7.17.0.jar:/Users/sivanesan.murugesan/.m2/repository/io/cucumber/cucumber-plugin/7.17.0/cucumber-plugin-7.17.0.jar:/Users/sivanesan.murugesan/.m2/repository/io/cucumber/docstring/7.17.0/docstring-7.17.0.jar:/Users/sivanesan.murugesan/.m2/repository/io/cucumber/html-formatter/21.3.1/html-formatter-21.3.1.jar:/Users/sivanesan.murugesan/.m2/repository/io/cucumber/junit-xml-formatter/0.4.0/junit-xml-formatter-0.4.0.jar:/Users/sivanesan.murugesan/.m2/repository/io/cucumber/ci-environment/10.0.1/ci-environment-10.0.1.jar:/Users/sivanesan.murugesan/.m2/repository/org/apiguardian/apiguardian-api/1.1.2/apiguardian-api-1.1.2.jar:/Users/sivanesan.murugesan/.m2/repository/org/springframework/boot/spring-boot-starter-web/3.3.2/spring-boot-starter-web-3.3.2.jar:/Users/sivanesan.murugesan/.m2/repository/org/springframework/boot/spring-boot-starter/3.3.2/spring-boot-starter-3.3.2.jar:/Users/sivanesan.murugesan/.m2/repository/org/springframework/boot/spring-boot/3.3.2/spring-boot-3.3.2.jar:/Users/sivanesan.murugesan/.m2/repository/org/springframework/boot/spring-boot-autoconfigure/3.3.2/spring-boot-autoconfigure-3.3.2.jar:/Users/sivanesan.murugesan/.m2/repository/org/springframework/boot/spring-boot-starter-logging/3.3.2/spring-boot-starter-logging-3.3.2.jar:/Users/sivanesan.murugesan/.m2/repository/ch/qos/logback/logback-classic/1.5.6/logback-classic-1.5.6.jar:/Users/sivanesan.murugesan/.m2/repository/ch/qos/logback/logback-core/1.5.6/logback-core-1.5.6.jar:/Users/sivanesan.murugesan/.m2/repository/org/apache/logging/log4j/log4j-to-slf4j/2.23.1/log4j-to-slf4j-2.23.1.jar:/Users/sivanesan.murugesan/.m2/repository/org/apache/logging/log4j/log4j-api/2.23.1/log4j-api-2.23.1.jar:/Users/sivanesan.murugesan/.m2/repository/org/slf4j/jul-to-slf4j/2.0.13/jul-to-slf4j-2.0.13.jar:/Users/sivanesan.murugesan/.m2/repository/jakarta/annotation/jakarta.annotation-api/2.1.1/jakarta.annotation-api-2.1.1.jar:/Users/sivanesan.murugesan/.m2/repository/org/yaml/snakeyaml/2.2/snakeyaml-2.2.jar:/Users/sivanesan.murugesan/.m2/repository/org/springframework/boot/spring-boot-starter-json/3.3.2/spring-boot-starter-json-3.3.2.jar:/Users/sivanesan.murugesan/.m2/repository/com/fasterxml/jackson/core/jackson-databind/2.17.2/jackson-databind-2.17.2.jar:/Users/sivanesan.murugesan/.m2/repository/com/fasterxml/jackson/core/jackson-annotations/2.17.2/jackson-annotations-2.17.2.jar:/Users/sivanesan.murugesan/.m2/repository/com/fasterxml/jackson/core/jackson-core/2.17.2/jackson-core-2.17.2.jar:/Users/sivanesan.murugesan/.m2/repository/com/fasterxml/jackson/datatype/jackson-datatype-jdk8/2.17.2/jackson-datatype-jdk8-2.17.2.jar:/Users/sivanesan.murugesan/.m2/repository/com/fasterxml/jackson/datatype/jackson-datatype-jsr310/2.17.2/jackson-datatype-jsr310-2.17.2.jar:/Users/sivanesan.murugesan/.m2/repository/com/fasterxml/jackson/module/jackson-module-parameter-names/2.17.2/jackson-module-parameter-names-2.17.2.jar:/Users/sivanesan.murugesan/.m2/repository/org/springframework/boot/spring-boot-starter-tomcat/3.3.2/spring-boot-starter-tomcat-3.3.2.jar:/Users/sivanesan.murugesan/.m2/repository/org/apache/tomcat/embed/tomcat-embed-core/10.1.26/tomcat-embed-core-10.1.26.jar:/Users/sivanesan.murugesan/.m2/repository/org/apache/tomcat/embed/tomcat-embed-el/10.1.26/tomcat-embed-el-10.1.26.jar:/Users/sivanesan.murugesan/.m2/repository/org/apache/tomcat/embed/tomcat-embed-websocket/10.1.26/tomcat-embed-websocket-10.1.26.jar:/Users/sivanesan.murugesan/.m2/repository/org/springframework/spring-web/6.1.11/spring-web-6.1.11.jar:/Users/sivanesan.murugesan/.m2/repository/org/springframework/spring-beans/6.1.11/spring-beans-6.1.11.jar:/Users/sivanesan.murugesan/.m2/repository/io/micrometer/micrometer-observation/1.13.2/micrometer-observation-1.13.2.jar:/Users/sivanesan.murugesan/.m2/repository/io/micrometer/micrometer-commons/1.13.2/micrometer-commons-1.13.2.jar:/Users/sivanesan.murugesan/.m2/repository/org/springframework/spring-webmvc/6.1.11/spring-webmvc-6.1.11.jar:/Users/sivanesan.murugesan/.m2/repository/org/springframework/spring-aop/6.1.11/spring-aop-6.1.11.jar:/Users/sivanesan.murugesan/.m2/repository/org/springframework/spring-context/6.1.11/spring-context-6.1.11.jar:/Users/sivanesan.murugesan/.m2/repository/org/springframework/spring-expression/6.1.11/spring-expression-6.1.11.jar:/Users/sivanesan.murugesan/.m2/repository/org/springframework/boot/spring-boot-starter-test/3.3.2/spring-boot-starter-test-3.3.2.jar:/Users/sivanesan.murugesan/.m2/repository/org/springframework/boot/spring-boot-test/3.3.2/spring-boot-test-3.3.2.jar:/Users/sivanesan.murugesan/.m2/repository/org/springframework/boot/spring-boot-test-autoconfigure/3.3.2/spring-boot-test-autoconfigure-3.3.2.jar:/Users/sivanesan.murugesan/.m2/repository/com/jayway/jsonpath/json-path/2.9.0/json-path-2.9.0.jar:/Users/sivanesan.murugesan/.m2/repository/jakarta/xml/bind/jakarta.xml.bind-api/4.0.2/jakarta.xml.bind-api-4.0.2.jar:/Users/sivanesan.murugesan/.m2/repository/jakarta/activation/jakarta.activation-api/2.1.3/jakarta.activation-api-2.1.3.jar:/Users/sivanesan.murugesan/.m2/repository/net/minidev/json-smart/2.5.1/json-smart-2.5.1.jar:/Users/sivanesan.murugesan/.m2/repository/net/minidev/accessors-smart/2.5.1/accessors-smart-2.5.1.jar:/Users/sivanesan.murugesan/.m2/repository/org/ow2/asm/asm/9.6/asm-9.6.jar:/Users/sivanesan.murugesan/.m2/repository/org/assertj/assertj-core/3.25.3/assertj-core-3.25.3.jar:/Users/sivanesan.murugesan/.m2/repository/net/bytebuddy/byte-buddy/1.14.18/byte-buddy-1.14.18.jar:/Users/sivanesan.murugesan/.m2/repository/org/awaitility/awaitility/4.2.1/awaitility-4.2.1.jar:/Users/sivanesan.murugesan/.m2/repository/org/hamcrest/hamcrest/2.2/hamcrest-2.2.jar:/Users/sivanesan.murugesan/.m2/repository/org/mockito/mockito-core/5.11.0/mockito-core-5.11.0.jar:/Users/sivanesan.murugesan/.m2/repository/net/bytebuddy/byte-buddy-agent/1.14.18/byte-buddy-agent-1.14.18.jar:/Users/sivanesan.murugesan/.m2/repository/org/objenesis/objenesis/3.3/objenesis-3.3.jar:/Users/sivanesan.murugesan/.m2/repository/org/mockito/mockito-junit-jupiter/5.11.0/mockito-junit-jupiter-5.11.0.jar:/Users/sivanesan.murugesan/.m2/repository/org/skyscreamer/jsonassert/1.5.3/jsonassert-1.5.3.jar:/Users/sivanesan.murugesan/.m2/repository/com/vaadin/external/google/android-json/0.0.20131108.vaadin1/android-json-0.0.20131108.vaadin1.jar:/Users/sivanesan.murugesan/.m2/repository/org/springframework/spring-core/6.1.11/spring-core-6.1.11.jar:/Users/sivanesan.murugesan/.m2/repository/org/springframework/spring-jcl/6.1.11/spring-jcl-6.1.11.jar:/Users/sivanesan.murugesan/.m2/repository/org/springframework/spring-test/6.1.11/spring-test-6.1.11.jar:/Users/sivanesan.murugesan/.m2/repository/org/xmlunit/xmlunit-core/2.9.1/xmlunit-core-2.9.1.jar:/Users/sivanesan.murugesan/.m2/repository/io/cucumber/cucumber-java/7.17.0/cucumber-java-7.17.0.jar:/Users/sivanesan.murugesan/.m2/repository/io/cucumber/cucumber-junit-platform-engine/7.17.0/cucumber-junit-platform-engine-7.17.0.jar:/Users/sivanesan.murugesan/.m2/repository/org/junit/platform/junit-platform-engine/1.10.3/junit-platform-engine-1.10.3.jar:/Users/sivanesan.murugesan/.m2/repository/org/opentest4j/opentest4j/1.3.0/opentest4j-1.3.0.jar:/Users/sivanesan.murugesan/.m2/repository/org/junit/platform/junit-platform-commons/1.10.3/junit-platform-commons-1.10.3.jar:/Users/sivanesan.murugesan/.m2/repository/io/rest-assured/rest-assured/5.4.0/rest-assured-5.4.0.jar:/Users/sivanesan.murugesan/.m2/repository/org/apache/groovy/groovy/4.0.22/groovy-4.0.22.jar:/Users/sivanesan.murugesan/.m2/repository/org/apache/groovy/groovy-xml/4.0.22/groovy-xml-4.0.22.jar:/Users/sivanesan.murugesan/.m2/repository/org/apache/httpcomponents/httpclient/4.5.13/httpclient-4.5.13.jar:/Users/sivanesan.murugesan/.m2/repository/org/apache/httpcomponents/httpcore/4.4.16/httpcore-4.4.16.jar:/Users/sivanesan.murugesan/.m2/repository/commons-logging/commons-logging/1.2/commons-logging-1.2.jar:/Users/sivanesan.murugesan/.m2/repository/commons-codec/commons-codec/1.16.1/commons-codec-1.16.1.jar:/Users/sivanesan.murugesan/.m2/repository/org/apache/httpcomponents/httpmime/4.5.13/httpmime-4.5.13.jar:/Users/sivanesan.murugesan/.m2/repository/org/ccil/cowan/tagsoup/tagsoup/1.2.1/tagsoup-1.2.1.jar:/Users/sivanesan.murugesan/.m2/repository/io/rest-assured/xml-path/5.4.0/xml-path-5.4.0.jar:/Users/sivanesan.murugesan/.m2/repository/io/rest-assured/json-path/5.4.0/json-path-5.4.0.jar:/Users/sivanesan.murugesan/.m2/repository/org/apache/groovy/groovy-json/4.0.22/groovy-json-4.0.22.jar:/Users/sivanesan.murugesan/.m2/repository/io/rest-assured/rest-assured-common/5.4.0/rest-assured-common-5.4.0.jar:/Users/sivanesan.murugesan/.m2/repository/io/rest-assured/json-schema-validator/5.4.0/json-schema-validator-5.4.0.jar:/Users/sivanesan.murugesan/.m2/repository/com/github/java-json-tools/json-schema-validator/2.2.14/json-schema-validator-2.2.14.jar:/Users/sivanesan.murugesan/.m2/repository/com/github/java-json-tools/jackson-coreutils-equivalence/1.0/jackson-coreutils-equivalence-1.0.jar:/Users/sivanesan.murugesan/.m2/repository/com/github/java-json-tools/jackson-coreutils/2.0/jackson-coreutils-2.0.jar:/Users/sivanesan.murugesan/.m2/repository/com/github/java-json-tools/msg-simple/1.2/msg-simple-1.2.jar:/Users/sivanesan.murugesan/.m2/repository/com/github/java-json-tools/btf/1.3/btf-1.3.jar:/Users/sivanesan.murugesan/.m2/repository/com/github/java-json-tools/json-schema-core/1.2.14/json-schema-core-1.2.14.jar:/Users/sivanesan.murugesan/.m2/repository/com/github/java-json-tools/uri-template/0.10/uri-template-0.10.jar:/Users/sivanesan.murugesan/.m2/repository/org/mozilla/rhino/1.7.7.2/rhino-1.7.7.2.jar:/Users/sivanesan.murugesan/.m2/repository/com/sun/mail/mailapi/1.6.2/mailapi-1.6.2.jar:/Users/sivanesan.murugesan/.m2/repository/joda-time/joda-time/2.10.5/joda-time-2.10.5.jar:/Users/sivanesan.murugesan/.m2/repository/com/googlecode/libphonenumber/libphonenumber/8.11.1/libphonenumber-8.11.1.jar:/Users/sivanesan.murugesan/.m2/repository/com/google/code/findbugs/jsr305/3.0.2/jsr305-3.0.2.jar:/Users/sivanesan.murugesan/.m2/repository/net/sf/jopt-simple/jopt-simple/5.0.4/jopt-simple-5.0.4.jar:/Users/sivanesan.murugesan/.m2/repository/com/google/guava/guava/32.0.1-jre/guava-32.0.1-jre.jar:/Users/sivanesan.murugesan/.m2/repository/com/google/guava/failureaccess/1.0.1/failureaccess-1.0.1.jar:/Users/sivanesan.murugesan/.m2/repository/com/google/guava/listenablefuture/9999.0-empty-to-avoid-conflict-with-guava/listenablefuture-9999.0-empty-to-avoid-conflict-with-guava.jar:/Users/sivanesan.murugesan/.m2/repository/org/checkerframework/checker-qual/3.33.0/checker-qual-3.33.0.jar:/Users/sivanesan.murugesan/.m2/repository/com/google/errorprone/error_prone_annotations/2.18.0/error_prone_annotations-2.18.0.jar:/Users/sivanesan.murugesan/.m2/repository/com/google/j2objc/j2objc-annotations/2.8/j2objc-annotations-2.8.jar:/Users/sivanesan.murugesan/.m2/repository/org/seleniumhq/selenium/selenium-java/4.23.0/selenium-java-4.23.0.jar:/Users/sivanesan.murugesan/.m2/repository/org/seleniumhq/selenium/selenium-api/4.19.1/selenium-api-4.19.1.jar:/Users/sivanesan.murugesan/.m2/repository/org/seleniumhq/selenium/selenium-chrome-driver/4.19.1/selenium-chrome-driver-4.19.1.jar:/Users/sivanesan.murugesan/.m2/repository/com/google/auto/service/auto-service-annotations/1.1.1/auto-service-annotations-1.1.1.jar:/Users/sivanesan.murugesan/.m2/repository/org/seleniumhq/selenium/selenium-chromium-driver/4.19.1/selenium-chromium-driver-4.19.1.jar:/Users/sivanesan.murugesan/.m2/repository/org/seleniumhq/selenium/selenium-json/4.19.1/selenium-json-4.19.1.jar:/Users/sivanesan.murugesan/.m2/repository/org/seleniumhq/selenium/selenium-manager/4.19.1/selenium-manager-4.19.1.jar:/Users/sivanesan.murugesan/.m2/repository/org/seleniumhq/selenium/selenium-devtools-v125/4.23.0/selenium-devtools-v125-4.23.0.jar:/Users/sivanesan.murugesan/.m2/repository/org/seleniumhq/selenium/selenium-devtools-v126/4.23.0/selenium-devtools-v126-4.23.0.jar:/Users/sivanesan.murugesan/.m2/repository/org/seleniumhq/selenium/selenium-devtools-v127/4.23.0/selenium-devtools-v127-4.23.0.jar:/Users/sivanesan.murugesan/.m2/repository/org/seleniumhq/selenium/selenium-devtools-v85/4.19.1/selenium-devtools-v85-4.19.1.jar:/Users/sivanesan.murugesan/.m2/repository/org/seleniumhq/selenium/selenium-edge-driver/4.19.1/selenium-edge-driver-4.19.1.jar:/Users/sivanesan.murugesan/.m2/repository/org/seleniumhq/selenium/selenium-firefox-driver/4.19.1/selenium-firefox-driver-4.19.1.jar:/Users/sivanesan.murugesan/.m2/repository/org/seleniumhq/selenium/selenium-http/4.19.1/selenium-http-4.19.1.jar:/Users/sivanesan.murugesan/.m2/repository/dev/failsafe/failsafe/3.3.2/failsafe-3.3.2.jar:/Users/sivanesan.murugesan/.m2/repository/org/seleniumhq/selenium/selenium-ie-driver/4.19.1/selenium-ie-driver-4.19.1.jar:/Users/sivanesan.murugesan/.m2/repository/org/seleniumhq/selenium/selenium-remote-driver/4.19.1/selenium-remote-driver-4.19.1.jar:/Users/sivanesan.murugesan/.m2/repository/io/opentelemetry/semconv/opentelemetry-semconv/1.23.1-alpha/opentelemetry-semconv-1.23.1-alpha.jar:/Users/sivanesan.murugesan/.m2/repository/io/opentelemetry/opentelemetry-api/1.37.0/opentelemetry-api-1.37.0.jar:/Users/sivanesan.murugesan/.m2/repository/io/opentelemetry/opentelemetry-context/1.37.0/opentelemetry-context-1.37.0.jar:/Users/sivanesan.murugesan/.m2/repository/io/opentelemetry/opentelemetry-exporter-logging/1.37.0/opentelemetry-exporter-logging-1.37.0.jar:/Users/sivanesan.murugesan/.m2/repository/io/opentelemetry/opentelemetry-sdk-common/1.37.0/opentelemetry-sdk-common-1.37.0.jar:/Users/sivanesan.murugesan/.m2/repository/io/opentelemetry/opentelemetry-sdk-extension-autoconfigure-spi/1.37.0/opentelemetry-sdk-extension-autoconfigure-spi-1.37.0.jar:/Users/sivanesan.murugesan/.m2/repository/io/opentelemetry/opentelemetry-sdk-extension-autoconfigure/1.37.0/opentelemetry-sdk-extension-autoconfigure-1.37.0.jar:/Users/sivanesan.murugesan/.m2/repository/io/opentelemetry/opentelemetry-api-incubator/1.37.0-alpha/opentelemetry-api-incubator-1.37.0-alpha.jar:/Users/sivanesan.murugesan/.m2/repository/io/opentelemetry/opentelemetry-sdk-trace/1.37.0/opentelemetry-sdk-trace-1.37.0.jar:/Users/sivanesan.murugesan/.m2/repository/io/opentelemetry/opentelemetry-sdk/1.37.0/opentelemetry-sdk-1.37.0.jar:/Users/sivanesan.murugesan/.m2/repository/io/opentelemetry/opentelemetry-sdk-metrics/1.37.0/opentelemetry-sdk-metrics-1.37.0.jar:/Users/sivanesan.murugesan/.m2/repository/io/opentelemetry/opentelemetry-sdk-logs/1.37.0/opentelemetry-sdk-logs-1.37.0.jar:/Users/sivanesan.murugesan/.m2/repository/org/seleniumhq/selenium/selenium-os/4.19.1/selenium-os-4.19.1.jar:/Users/sivanesan.murugesan/.m2/repository/org/apache/commons/commons-exec/1.3/commons-exec-1.3.jar:/Users/sivanesan.murugesan/.m2/repository/org/seleniumhq/selenium/selenium-safari-driver/4.19.1/selenium-safari-driver-4.19.1.jar:/Users/sivanesan.murugesan/.m2/repository/org/seleniumhq/selenium/selenium-support/4.19.1/selenium-support-4.19.1.jar:/Users/sivanesan.murugesan/.m2/repository/io/github/bonigarcia/webdrivermanager/5.9.2/webdrivermanager-5.9.2.jar:/Users/sivanesan.murugesan/.m2/repository/org/slf4j/slf4j-api/2.0.13/slf4j-api-2.0.13.jar:/Users/sivanesan.murugesan/.m2/repository/com/google/code/gson/gson/2.10.1/gson-2.10.1.jar:/Users/sivanesan.murugesan/.m2/repository/com/github/docker-java/docker-java/3.4.0/docker-java-3.4.0.jar:/Users/sivanesan.murugesan/.m2/repository/com/github/docker-java/docker-java-core/3.4.0/docker-java-core-3.4.0.jar:/Users/sivanesan.murugesan/.m2/repository/com/github/docker-java/docker-java-api/3.4.0/docker-java-api-3.4.0.jar:/Users/sivanesan.murugesan/.m2/repository/org/slf4j/jcl-over-slf4j/2.0.13/jcl-over-slf4j-2.0.13.jar:/Users/sivanesan.murugesan/.m2/repository/com/github/docker-java/docker-java-transport-httpclient5/3.4.0/docker-java-transport-httpclient5-3.4.0.jar:/Users/sivanesan.murugesan/.m2/repository/com/github/docker-java/docker-java-transport/3.4.0/docker-java-transport-3.4.0.jar:/Users/sivanesan.murugesan/.m2/repository/net/java/dev/jna/jna/5.13.0/jna-5.13.0.jar:/Users/sivanesan.murugesan/.m2/repository/org/brotli/dec/0.1.2/dec-0.1.2.jar:/Users/sivanesan.murugesan/.m2/repository/org/apache/commons/commons-lang3/3.14.0/commons-lang3-3.14.0.jar:/Users/sivanesan.murugesan/.m2/repository/org/apache/commons/commons-compress/1.26.2/commons-compress-1.26.2.jar:/Users/sivanesan.murugesan/.m2/repository/commons-io/commons-io/2.16.1/commons-io-2.16.1.jar:/Users/sivanesan.murugesan/.m2/repository/org/apache/httpcomponents/client5/httpclient5/5.3.1/httpclient5-5.3.1.jar:/Users/sivanesan.murugesan/.m2/repository/org/apache/httpcomponents/core5/httpcore5/5.2.5/httpcore5-5.2.5.jar:/Users/sivanesan.murugesan/.m2/repository/org/apache/httpcomponents/core5/httpcore5-h2/5.2.5/httpcore5-h2-5.2.5.jar:/Users/sivanesan.murugesan/.m2/repository/org/junit/jupiter/junit-jupiter-engine/5.10.3/junit-jupiter-engine-5.10.3.jar:/Users/sivanesan.murugesan/.m2/repository/org/junit/jupiter/junit-jupiter-api/5.10.3/junit-jupiter-api-5.10.3.jar:/Users/sivanesan.murugesan/.m2/repository/org/junit/jupiter/junit-jupiter/5.10.3/junit-jupiter-5.10.3.jar:/Users/sivanesan.murugesan/.m2/repository/org/junit/jupiter/junit-jupiter-params/5.10.3/junit-jupiter-params-5.10.3.jar:/Users/sivanesan.murugesan/.m2/repository/org/junit/platform/junit-platform-suite/1.10.1/junit-platform-suite-1.10.1.jar:/Users/sivanesan.murugesan/.m2/repository/org/junit/platform/junit-platform-suite-api/1.10.3/junit-platform-suite-api-1.10.3.jar:/Users/sivanesan.murugesan/.m2/repository/org/junit/platform/junit-platform-suite-engine/1.10.3/junit-platform-suite-engine-1.10.3.jar:/Users/sivanesan.murugesan/.m2/repository/org/junit/platform/junit-platform-suite-commons/1.10.3/junit-platform-suite-commons-1.10.3.jar:/Users/sivanesan.murugesan/.m2/repository/org/junit/platform/junit-platform-launcher/1.10.3/junit-platform-launcher-1.10.3.jar:"/>
    <property name="java.vm.vendor" value="Amazon.com Inc."/>
    <property name="sun.arch.data.model" value="64"/>
    <property name="java.vendor.url" value="https://aws.amazon.com/corretto/"/>
    <property name="user.timezone" value="America/Los_Angeles"/>
    <property name="os.name" value="Mac OS X"/>
    <property name="java.vm.specification.version" value="17"/>
    <property name="sun.java.launcher" value="SUN_STANDARD"/>
    <property name="user.country" value="US"/>
    <property name="sun.boot.library.path" value="/usr/local/Cellar/sdkman-cli/5.19.0/libexec/candidates/java/17.0.14-amzn/lib"/>
    <property name="sun.java.command" value="/Users/sivanesan.murugesan/Downloads/Siva_j3s/j3s-qa-fintech/j3s-fintech-test-suites/target/surefire/surefirebooter-20250928162728251_3.jar /Users/sivanesan.murugesan/Downloads/Siva_j3s/j3s-qa-fintech/j3s-fintech-test-suites/target/surefire 2025-09-28T16-27-28_167-jvmRun1 surefire-20250928162728251_1tmp surefire_0-20250928162728251_2tmp"/>
    <property name="http.nonProxyHosts" value="local|*.local|169.254/16|*.169.254/16"/>
    <property name="jdk.debug" value="release"/>
    <property name="surefire.test.class.path" value="/Users/sivanesan.murugesan/Downloads/Siva_j3s/j3s-qa-fintech/j3s-fintech-test-suites/target/test-classes:/Users/sivanesan.murugesan/Downloads/Siva_j3s/j3s-qa-fintech/j3s-fintech-test-suites/target/classes:/Users/sivanesan.murugesan/.m2/repository/io/cucumber/cucumber-spring/7.17.0/cucumber-spring-7.17.0.jar:/Users/sivanesan.murugesan/.m2/repository/io/cucumber/cucumber-core/7.17.0/cucumber-core-7.17.0.jar:/Users/sivanesan.murugesan/.m2/repository/io/cucumber/cucumber-gherkin/7.17.0/cucumber-gherkin-7.17.0.jar:/Users/sivanesan.murugesan/.m2/repository/io/cucumber/cucumber-gherkin-messages/7.17.0/cucumber-gherkin-messages-7.17.0.jar:/Users/sivanesan.murugesan/.m2/repository/io/cucumber/gherkin/28.0.0/gherkin-28.0.0.jar:/Users/sivanesan.murugesan/.m2/repository/io/cucumber/messages/24.1.0/messages-24.1.0.jar:/Users/sivanesan.murugesan/.m2/repository/io/cucumber/testng-xml-formatter/0.1.0/testng-xml-formatter-0.1.0.jar:/Users/sivanesan.murugesan/.m2/repository/io/cucumber/query/12.2.0/query-12.2.0.jar:/Users/sivanesan.murugesan/.m2/repository/io/cucumber/tag-expressions/6.1.0/tag-expressions-6.1.0.jar:/Users/sivanesan.murugesan/.m2/repository/io/cucumber/cucumber-expressions/17.1.0/cucumber-expressions-17.1.0.jar:/Users/sivanesan.murugesan/.m2/repository/io/cucumber/datatable/7.17.0/datatable-7.17.0.jar:/Users/sivanesan.murugesan/.m2/repository/io/cucumber/cucumber-plugin/7.17.0/cucumber-plugin-7.17.0.jar:/Users/sivanesan.murugesan/.m2/repository/io/cucumber/docstring/7.17.0/docstring-7.17.0.jar:/Users/sivanesan.murugesan/.m2/repository/io/cucumber/html-formatter/21.3.1/html-formatter-21.3.1.jar:/Users/sivanesan.murugesan/.m2/repository/io/cucumber/junit-xml-formatter/0.4.0/junit-xml-formatter-0.4.0.jar:/Users/sivanesan.murugesan/.m2/repository/io/cucumber/ci-environment/10.0.1/ci-environment-10.0.1.jar:/Users/sivanesan.murugesan/.m2/repository/org/apiguardian/apiguardian-api/1.1.2/apiguardian-api-1.1.2.jar:/Users/sivanesan.murugesan/.m2/repository/org/springframework/boot/spring-boot-starter-web/3.3.2/spring-boot-starter-web-3.3.2.jar:/Users/sivanesan.murugesan/.m2/repository/org/springframework/boot/spring-boot-starter/3.3.2/spring-boot-starter-3.3.2.jar:/Users/sivanesan.murugesan/.m2/repository/org/springframework/boot/spring-boot/3.3.2/spring-boot-3.3.2.jar:/Users/sivanesan.murugesan/.m2/repository/org/springframework/boot/spring-boot-autoconfigure/3.3.2/spring-boot-autoconfigure-3.3.2.jar:/Users/sivanesan.murugesan/.m2/repository/org/springframework/boot/spring-boot-starter-logging/3.3.2/spring-boot-starter-logging-3.3.2.jar:/Users/sivanesan.murugesan/.m2/repository/ch/qos/logback/logback-classic/1.5.6/logback-classic-1.5.6.jar:/Users/sivanesan.murugesan/.m2/repository/ch/qos/logback/logback-core/1.5.6/logback-core-1.5.6.jar:/Users/sivanesan.murugesan/.m2/repository/org/apache/logging/log4j/log4j-to-slf4j/2.23.1/log4j-to-slf4j-2.23.1.jar:/Users/sivanesan.murugesan/.m2/repository/org/apache/logging/log4j/log4j-api/2.23.1/log4j-api-2.23.1.jar:/Users/sivanesan.murugesan/.m2/repository/org/slf4j/jul-to-slf4j/2.0.13/jul-to-slf4j-2.0.13.jar:/Users/sivanesan.murugesan/.m2/repository/jakarta/annotation/jakarta.annotation-api/2.1.1/jakarta.annotation-api-2.1.1.jar:/Users/sivanesan.murugesan/.m2/repository/org/yaml/snakeyaml/2.2/snakeyaml-2.2.jar:/Users/sivanesan.murugesan/.m2/repository/org/springframework/boot/spring-boot-starter-json/3.3.2/spring-boot-starter-json-3.3.2.jar:/Users/sivanesan.murugesan/.m2/repository/com/fasterxml/jackson/core/jackson-databind/2.17.2/jackson-databind-2.17.2.jar:/Users/sivanesan.murugesan/.m2/repository/com/fasterxml/jackson/core/jackson-annotations/2.17.2/jackson-annotations-2.17.2.jar:/Users/sivanesan.murugesan/.m2/repository/com/fasterxml/jackson/core/jackson-core/2.17.2/jackson-core-2.17.2.jar:/Users/sivanesan.murugesan/.m2/repository/com/fasterxml/jackson/datatype/jackson-datatype-jdk8/2.17.2/jackson-datatype-jdk8-2.17.2.jar:/Users/sivanesan.murugesan/.m2/repository/com/fasterxml/jackson/datatype/jackson-datatype-jsr310/2.17.2/jackson-datatype-jsr310-2.17.2.jar:/Users/sivanesan.murugesan/.m2/repository/com/fasterxml/jackson/module/jackson-module-parameter-names/2.17.2/jackson-module-parameter-names-2.17.2.jar:/Users/sivanesan.murugesan/.m2/repository/org/springframework/boot/spring-boot-starter-tomcat/3.3.2/spring-boot-starter-tomcat-3.3.2.jar:/Users/sivanesan.murugesan/.m2/repository/org/apache/tomcat/embed/tomcat-embed-core/10.1.26/tomcat-embed-core-10.1.26.jar:/Users/sivanesan.murugesan/.m2/repository/org/apache/tomcat/embed/tomcat-embed-el/10.1.26/tomcat-embed-el-10.1.26.jar:/Users/sivanesan.murugesan/.m2/repository/org/apache/tomcat/embed/tomcat-embed-websocket/10.1.26/tomcat-embed-websocket-10.1.26.jar:/Users/sivanesan.murugesan/.m2/repository/org/springframework/spring-web/6.1.11/spring-web-6.1.11.jar:/Users/sivanesan.murugesan/.m2/repository/org/springframework/spring-beans/6.1.11/spring-beans-6.1.11.jar:/Users/sivanesan.murugesan/.m2/repository/io/micrometer/micrometer-observation/1.13.2/micrometer-observation-1.13.2.jar:/Users/sivanesan.murugesan/.m2/repository/io/micrometer/micrometer-commons/1.13.2/micrometer-commons-1.13.2.jar:/Users/sivanesan.murugesan/.m2/repository/org/springframework/spring-webmvc/6.1.11/spring-webmvc-6.1.11.jar:/Users/sivanesan.murugesan/.m2/repository/org/springframework/spring-aop/6.1.11/spring-aop-6.1.11.jar:/Users/sivanesan.murugesan/.m2/repository/org/springframework/spring-context/6.1.11/spring-context-6.1.11.jar:/Users/sivanesan.murugesan/.m2/repository/org/springframework/spring-expression/6.1.11/spring-expression-6.1.11.jar:/Users/sivanesan.murugesan/.m2/repository/org/springframework/boot/spring-boot-starter-test/3.3.2/spring-boot-starter-test-3.3.2.jar:/Users/sivanesan.murugesan/.m2/repository/org/springframework/boot/spring-boot-test/3.3.2/spring-boot-test-3.3.2.jar:/Users/sivanesan.murugesan/.m2/repository/org/springframework/boot/spring-boot-test-autoconfigure/3.3.2/spring-boot-test-autoconfigure-3.3.2.jar:/Users/sivanesan.murugesan/.m2/repository/com/jayway/jsonpath/json-path/2.9.0/json-path-2.9.0.jar:/Users/sivanesan.murugesan/.m2/repository/jakarta/xml/bind/jakarta.xml.bind-api/4.0.2/jakarta.xml.bind-api-4.0.2.jar:/Users/sivanesan.murugesan/.m2/repository/jakarta/activation/jakarta.activation-api/2.1.3/jakarta.activation-api-2.1.3.jar:/Users/sivanesan.murugesan/.m2/repository/net/minidev/json-smart/2.5.1/json-smart-2.5.1.jar:/Users/sivanesan.murugesan/.m2/repository/net/minidev/accessors-smart/2.5.1/accessors-smart-2.5.1.jar:/Users/sivanesan.murugesan/.m2/repository/org/ow2/asm/asm/9.6/asm-9.6.jar:/Users/sivanesan.murugesan/.m2/repository/org/assertj/assertj-core/3.25.3/assertj-core-3.25.3.jar:/Users/sivanesan.murugesan/.m2/repository/net/bytebuddy/byte-buddy/1.14.18/byte-buddy-1.14.18.jar:/Users/sivanesan.murugesan/.m2/repository/org/awaitility/awaitility/4.2.1/awaitility-4.2.1.jar:/Users/sivanesan.murugesan/.m2/repository/org/hamcrest/hamcrest/2.2/hamcrest-2.2.jar:/Users/sivanesan.murugesan/.m2/repository/org/mockito/mockito-core/5.11.0/mockito-core-5.11.0.jar:/Users/sivanesan.murugesan/.m2/repository/net/bytebuddy/byte-buddy-agent/1.14.18/byte-buddy-agent-1.14.18.jar:/Users/sivanesan.murugesan/.m2/repository/org/objenesis/objenesis/3.3/objenesis-3.3.jar:/Users/sivanesan.murugesan/.m2/repository/org/mockito/mockito-junit-jupiter/5.11.0/mockito-junit-jupiter-5.11.0.jar:/Users/sivanesan.murugesan/.m2/repository/org/skyscreamer/jsonassert/1.5.3/jsonassert-1.5.3.jar:/Users/sivanesan.murugesan/.m2/repository/com/vaadin/external/google/android-json/0.0.20131108.vaadin1/android-json-0.0.20131108.vaadin1.jar:/Users/sivanesan.murugesan/.m2/repository/org/springframework/spring-core/6.1.11/spring-core-6.1.11.jar:/Users/sivanesan.murugesan/.m2/repository/org/springframework/spring-jcl/6.1.11/spring-jcl-6.1.11.jar:/Users/sivanesan.murugesan/.m2/repository/org/springframework/spring-test/6.1.11/spring-test-6.1.11.jar:/Users/sivanesan.murugesan/.m2/repository/org/xmlunit/xmlunit-core/2.9.1/xmlunit-core-2.9.1.jar:/Users/sivanesan.murugesan/.m2/repository/io/cucumber/cucumber-java/7.17.0/cucumber-java-7.17.0.jar:/Users/sivanesan.murugesan/.m2/repository/io/cucumber/cucumber-junit-platform-engine/7.17.0/cucumber-junit-platform-engine-7.17.0.jar:/Users/sivanesan.murugesan/.m2/repository/org/junit/platform/junit-platform-engine/1.10.3/junit-platform-engine-1.10.3.jar:/Users/sivanesan.murugesan/.m2/repository/org/opentest4j/opentest4j/1.3.0/opentest4j-1.3.0.jar:/Users/sivanesan.murugesan/.m2/repository/org/junit/platform/junit-platform-commons/1.10.3/junit-platform-commons-1.10.3.jar:/Users/sivanesan.murugesan/.m2/repository/io/rest-assured/rest-assured/5.4.0/rest-assured-5.4.0.jar:/Users/sivanesan.murugesan/.m2/repository/org/apache/groovy/groovy/4.0.22/groovy-4.0.22.jar:/Users/sivanesan.murugesan/.m2/repository/org/apache/groovy/groovy-xml/4.0.22/groovy-xml-4.0.22.jar:/Users/sivanesan.murugesan/.m2/repository/org/apache/httpcomponents/httpclient/4.5.13/httpclient-4.5.13.jar:/Users/sivanesan.murugesan/.m2/repository/org/apache/httpcomponents/httpcore/4.4.16/httpcore-4.4.16.jar:/Users/sivanesan.murugesan/.m2/repository/commons-logging/commons-logging/1.2/commons-logging-1.2.jar:/Users/sivanesan.murugesan/.m2/repository/commons-codec/commons-codec/1.16.1/commons-codec-1.16.1.jar:/Users/sivanesan.murugesan/.m2/repository/org/apache/httpcomponents/httpmime/4.5.13/httpmime-4.5.13.jar:/Users/sivanesan.murugesan/.m2/repository/org/ccil/cowan/tagsoup/tagsoup/1.2.1/tagsoup-1.2.1.jar:/Users/sivanesan.murugesan/.m2/repository/io/rest-assured/xml-path/5.4.0/xml-path-5.4.0.jar:/Users/sivanesan.murugesan/.m2/repository/io/rest-assured/json-path/5.4.0/json-path-5.4.0.jar:/Users/sivanesan.murugesan/.m2/repository/org/apache/groovy/groovy-json/4.0.22/groovy-json-4.0.22.jar:/Users/sivanesan.murugesan/.m2/repository/io/rest-assured/rest-assured-common/5.4.0/rest-assured-common-5.4.0.jar:/Users/sivanesan.murugesan/.m2/repository/io/rest-assured/json-schema-validator/5.4.0/json-schema-validator-5.4.0.jar:/Users/sivanesan.murugesan/.m2/repository/com/github/java-json-tools/json-schema-validator/2.2.14/json-schema-validator-2.2.14.jar:/Users/sivanesan.murugesan/.m2/repository/com/github/java-json-tools/jackson-coreutils-equivalence/1.0/jackson-coreutils-equivalence-1.0.jar:/Users/sivanesan.murugesan/.m2/repository/com/github/java-json-tools/jackson-coreutils/2.0/jackson-coreutils-2.0.jar:/Users/sivanesan.murugesan/.m2/repository/com/github/java-json-tools/msg-simple/1.2/msg-simple-1.2.jar:/Users/sivanesan.murugesan/.m2/repository/com/github/java-json-tools/btf/1.3/btf-1.3.jar:/Users/sivanesan.murugesan/.m2/repository/com/github/java-json-tools/json-schema-core/1.2.14/json-schema-core-1.2.14.jar:/Users/sivanesan.murugesan/.m2/repository/com/github/java-json-tools/uri-template/0.10/uri-template-0.10.jar:/Users/sivanesan.murugesan/.m2/repository/org/mozilla/rhino/1.7.7.2/rhino-1.7.7.2.jar:/Users/sivanesan.murugesan/.m2/repository/com/sun/mail/mailapi/1.6.2/mailapi-1.6.2.jar:/Users/sivanesan.murugesan/.m2/repository/joda-time/joda-time/2.10.5/joda-time-2.10.5.jar:/Users/sivanesan.murugesan/.m2/repository/com/googlecode/libphonenumber/libphonenumber/8.11.1/libphonenumber-8.11.1.jar:/Users/sivanesan.murugesan/.m2/repository/com/google/code/findbugs/jsr305/3.0.2/jsr305-3.0.2.jar:/Users/sivanesan.murugesan/.m2/repository/net/sf/jopt-simple/jopt-simple/5.0.4/jopt-simple-5.0.4.jar:/Users/sivanesan.murugesan/.m2/repository/com/google/guava/guava/32.0.1-jre/guava-32.0.1-jre.jar:/Users/sivanesan.murugesan/.m2/repository/com/google/guava/failureaccess/1.0.1/failureaccess-1.0.1.jar:/Users/sivanesan.murugesan/.m2/repository/com/google/guava/listenablefuture/9999.0-empty-to-avoid-conflict-with-guava/listenablefuture-9999.0-empty-to-avoid-conflict-with-guava.jar:/Users/sivanesan.murugesan/.m2/repository/org/checkerframework/checker-qual/3.33.0/checker-qual-3.33.0.jar:/Users/sivanesan.murugesan/.m2/repository/com/google/errorprone/error_prone_annotations/2.18.0/error_prone_annotations-2.18.0.jar:/Users/sivanesan.murugesan/.m2/repository/com/google/j2objc/j2objc-annotations/2.8/j2objc-annotations-2.8.jar:/Users/sivanesan.murugesan/.m2/repository/org/seleniumhq/selenium/selenium-java/4.23.0/selenium-java-4.23.0.jar:/Users/sivanesan.murugesan/.m2/repository/org/seleniumhq/selenium/selenium-api/4.19.1/selenium-api-4.19.1.jar:/Users/sivanesan.murugesan/.m2/repository/org/seleniumhq/selenium/selenium-chrome-driver/4.19.1/selenium-chrome-driver-4.19.1.jar:/Users/sivanesan.murugesan/.m2/repository/com/google/auto/service/auto-service-annotations/1.1.1/auto-service-annotations-1.1.1.jar:/Users/sivanesan.murugesan/.m2/repository/org/seleniumhq/selenium/selenium-chromium-driver/4.19.1/selenium-chromium-driver-4.19.1.jar:/Users/sivanesan.murugesan/.m2/repository/org/seleniumhq/selenium/selenium-json/4.19.1/selenium-json-4.19.1.jar:/Users/sivanesan.murugesan/.m2/repository/org/seleniumhq/selenium/selenium-manager/4.19.1/selenium-manager-4.19.1.jar:/Users/sivanesan.murugesan/.m2/repository/org/seleniumhq/selenium/selenium-devtools-v125/4.23.0/selenium-devtools-v125-4.23.0.jar:/Users/sivanesan.murugesan/.m2/repository/org/seleniumhq/selenium/selenium-devtools-v126/4.23.0/selenium-devtools-v126-4.23.0.jar:/Users/sivanesan.murugesan/.m2/repository/org/seleniumhq/selenium/selenium-devtools-v127/4.23.0/selenium-devtools-v127-4.23.0.jar:/Users/sivanesan.murugesan/.m2/repository/org/seleniumhq/selenium/selenium-devtools-v85/4.19.1/selenium-devtools-v85-4.19.1.jar:/Users/sivanesan.murugesan/.m2/repository/org/seleniumhq/selenium/selenium-edge-driver/4.19.1/selenium-edge-driver-4.19.1.jar:/Users/sivanesan.murugesan/.m2/repository/org/seleniumhq/selenium/selenium-firefox-driver/4.19.1/selenium-firefox-driver-4.19.1.jar:/Users/sivanesan.murugesan/.m2/repository/org/seleniumhq/selenium/selenium-http/4.19.1/selenium-http-4.19.1.jar:/Users/sivanesan.murugesan/.m2/repository/dev/failsafe/failsafe/3.3.2/failsafe-3.3.2.jar:/Users/sivanesan.murugesan/.m2/repository/org/seleniumhq/selenium/selenium-ie-driver/4.19.1/selenium-ie-driver-4.19.1.jar:/Users/sivanesan.murugesan/.m2/repository/org/seleniumhq/selenium/selenium-remote-driver/4.19.1/selenium-remote-driver-4.19.1.jar:/Users/sivanesan.murugesan/.m2/repository/io/opentelemetry/semconv/opentelemetry-semconv/1.23.1-alpha/opentelemetry-semconv-1.23.1-alpha.jar:/Users/sivanesan.murugesan/.m2/repository/io/opentelemetry/opentelemetry-api/1.37.0/opentelemetry-api-1.37.0.jar:/Users/sivanesan.murugesan/.m2/repository/io/opentelemetry/opentelemetry-context/1.37.0/opentelemetry-context-1.37.0.jar:/Users/sivanesan.murugesan/.m2/repository/io/opentelemetry/opentelemetry-exporter-logging/1.37.0/opentelemetry-exporter-logging-1.37.0.jar:/Users/sivanesan.murugesan/.m2/repository/io/opentelemetry/opentelemetry-sdk-common/1.37.0/opentelemetry-sdk-common-1.37.0.jar:/Users/sivanesan.murugesan/.m2/repository/io/opentelemetry/opentelemetry-sdk-extension-autoconfigure-spi/1.37.0/opentelemetry-sdk-extension-autoconfigure-spi-1.37.0.jar:/Users/sivanesan.murugesan/.m2/repository/io/opentelemetry/opentelemetry-sdk-extension-autoconfigure/1.37.0/opentelemetry-sdk-extension-autoconfigure-1.37.0.jar:/Users/sivanesan.murugesan/.m2/repository/io/opentelemetry/opentelemetry-api-incubator/1.37.0-alpha/opentelemetry-api-incubator-1.37.0-alpha.jar:/Users/sivanesan.murugesan/.m2/repository/io/opentelemetry/opentelemetry-sdk-trace/1.37.0/opentelemetry-sdk-trace-1.37.0.jar:/Users/sivanesan.murugesan/.m2/repository/io/opentelemetry/opentelemetry-sdk/1.37.0/opentelemetry-sdk-1.37.0.jar:/Users/sivanesan.murugesan/.m2/repository/io/opentelemetry/opentelemetry-sdk-metrics/1.37.0/opentelemetry-sdk-metrics-1.37.0.jar:/Users/sivanesan.murugesan/.m2/repository/io/opentelemetry/opentelemetry-sdk-logs/1.37.0/opentelemetry-sdk-logs-1.37.0.jar:/Users/sivanesan.murugesan/.m2/repository/org/seleniumhq/selenium/selenium-os/4.19.1/selenium-os-4.19.1.jar:/Users/sivanesan.murugesan/.m2/repository/org/apache/commons/commons-exec/1.3/commons-exec-1.3.jar:/Users/sivanesan.murugesan/.m2/repository/org/seleniumhq/selenium/selenium-safari-driver/4.19.1/selenium-safari-driver-4.19.1.jar:/Users/sivanesan.murugesan/.m2/repository/org/seleniumhq/selenium/selenium-support/4.19.1/selenium-support-4.19.1.jar:/Users/sivanesan.murugesan/.m2/repository/io/github/bonigarcia/webdrivermanager/5.9.2/webdrivermanager-5.9.2.jar:/Users/sivanesan.murugesan/.m2/repository/org/slf4j/slf4j-api/2.0.13/slf4j-api-2.0.13.jar:/Users/sivanesan.murugesan/.m2/repository/com/google/code/gson/gson/2.10.1/gson-2.10.1.jar:/Users/sivanesan.murugesan/.m2/repository/com/github/docker-java/docker-java/3.4.0/docker-java-3.4.0.jar:/Users/sivanesan.murugesan/.m2/repository/com/github/docker-java/docker-java-core/3.4.0/docker-java-core-3.4.0.jar:/Users/sivanesan.murugesan/.m2/repository/com/github/docker-java/docker-java-api/3.4.0/docker-java-api-3.4.0.jar:/Users/sivanesan.murugesan/.m2/repository/org/slf4j/jcl-over-slf4j/2.0.13/jcl-over-slf4j-2.0.13.jar:/Users/sivanesan.murugesan/.m2/repository/com/github/docker-java/docker-java-transport-httpclient5/3.4.0/docker-java-transport-httpclient5-3.4.0.jar:/Users/sivanesan.murugesan/.m2/repository/com/github/docker-java/docker-java-transport/3.4.0/docker-java-transport-3.4.0.jar:/Users/sivanesan.murugesan/.m2/repository/net/java/dev/jna/jna/5.13.0/jna-5.13.0.jar:/Users/sivanesan.murugesan/.m2/repository/org/brotli/dec/0.1.2/dec-0.1.2.jar:/Users/sivanesan.murugesan/.m2/repository/org/apache/commons/commons-lang3/3.14.0/commons-lang3-3.14.0.jar:/Users/sivanesan.murugesan/.m2/repository/org/apache/commons/commons-compress/1.26.2/commons-compress-1.26.2.jar:/Users/sivanesan.murugesan/.m2/repository/commons-io/commons-io/2.16.1/commons-io-2.16.1.jar:/Users/sivanesan.murugesan/.m2/repository/org/apache/httpcomponents/client5/httpclient5/5.3.1/httpclient5-5.3.1.jar:/Users/sivanesan.murugesan/.m2/repository/org/apache/httpcomponents/core5/httpcore5/5.2.5/httpcore5-5.2.5.jar:/Users/sivanesan.murugesan/.m2/repository/org/apache/httpcomponents/core5/httpcore5-h2/5.2.5/httpcore5-h2-5.2.5.jar:/Users/sivanesan.murugesan/.m2/repository/org/junit/jupiter/junit-jupiter-engine/5.10.3/junit-jupiter-engine-5.10.3.jar:/Users/sivanesan.murugesan/.m2/repository/org/junit/jupiter/junit-jupiter-api/5.10.3/junit-jupiter-api-5.10.3.jar:/Users/sivanesan.murugesan/.m2/repository/org/junit/jupiter/junit-jupiter/5.10.3/junit-jupiter-5.10.3.jar:/Users/sivanesan.murugesan/.m2/repository/org/junit/jupiter/junit-jupiter-params/5.10.3/junit-jupiter-params-5.10.3.jar:/Users/sivanesan.murugesan/.m2/repository/org/junit/platform/junit-platform-suite/1.10.1/junit-platform-suite-1.10.1.jar:/Users/sivanesan.murugesan/.m2/repository/org/junit/platform/junit-platform-suite-api/1.10.3/junit-platform-suite-api-1.10.3.jar:/Users/sivanesan.murugesan/.m2/repository/org/junit/platform/junit-platform-suite-engine/1.10.3/junit-platform-suite-engine-1.10.3.jar:/Users/sivanesan.murugesan/.m2/repository/org/junit/platform/junit-platform-suite-commons/1.10.3/junit-platform-suite-commons-1.10.3.jar:/Users/sivanesan.murugesan/.m2/repository/org/junit/platform/junit-platform-launcher/1.10.3/junit-platform-launcher-1.10.3.jar:"/>
    <property name="sun.cpu.endian" value="little"/>
    <property name="user.home" value="/Users/sivanesan.murugesan"/>
    <property name="user.language" value="en"/>
    <property name="java.specification.vendor" value="Oracle Corporation"/>
    <property name="java.version.date" value="2025-01-21"/>
    <property name="java.home" value="/usr/local/Cellar/sdkman-cli/5.19.0/libexec/candidates/java/17.0.14-amzn"/>
    <property name="file.separator" value="/"/>
    <property name="basedir" value="/Users/sivanesan.murugesan/Downloads/Siva_j3s/j3s-qa-fintech/j3s-fintech-test-suites"/>
    <property name="java.vm.compressedOopsMode" value="Zero based"/>
    <property name="line.separator" value="&#10;"/>
    <property name="java.vm.specification.vendor" value="Oracle Corporation"/>
    <property name="java.specification.name" value="Java Platform API Specification"/>
    <property name="FILE_LOG_CHARSET" value="UTF-8"/>
    <property name="java.awt.headless" value="true"/>
    <property name="surefire.real.class.path" value="/Users/sivanesan.murugesan/Downloads/Siva_j3s/j3s-qa-fintech/j3s-fintech-test-suites/target/surefire/surefirebooter-20250928162728251_3.jar"/>
    <property name="sun.management.compiler" value="HotSpot 64-Bit Tiered Compilers"/>
    <property name="ftp.nonProxyHosts" value="local|*.local|169.254/16|*.169.254/16"/>
    <property name="cucumber.plugin" value="pretty, summary, junit:target/cucumber-junit.xml, html:target/cucumber-report.html"/>
    <property name="java.runtime.version" value="17.0.14+7-LTS"/>
    <property name="user.name" value="sivanesan.murugesan"/>
    <property name="path.separator" value=":"/>
    <property name="os.version" value="15.6"/>
    <property name="java.runtime.name" value="OpenJDK Runtime Environment"/>
    <property name="file.encoding" value="UTF-8"/>
    <property name="java.vm.name" value="OpenJDK 64-Bit Server VM"/>
    <property name="java.vendor.version" value="Corretto-17.0.14.7.1"/>
    <property name="localRepository" value="/Users/sivanesan.murugesan/.m2/repository"/>
    <property name="java.vendor.url.bug" value="https://github.com/corretto/corretto-17/issues/"/>
    <property name="java.io.tmpdir" value="/var/folders/cp/6vgb87s90v7cklh9cdmfc4440000gn/T/"/>
    <property name="java.version" value="17.0.14"/>
    <property name="user.dir" value="/Users/sivanesan.murugesan/Downloads/Siva_j3s/j3s-qa-fintech/j3s-fintech-test-suites"/>
    <property name="os.arch" value="x86_64"/>
    <property name="java.vm.specification.name" value="Java Virtual Machine Specification"/>
    <property name="PID" value="38673"/>
    <property name="CONSOLE_LOG_CHARSET" value="UTF-8"/>
    <property name="native.encoding" value="UTF-8"/>
    <property name="java.library.path" value="/Users/sivanesan.murugesan/Library/Java/Extensions:/Library/Java/Extensions:/Network/Library/Java/Extensions:/System/Library/Java/Extensions:/usr/lib/java:."/>
    <property name="java.vm.info" value="mixed mode, sharing"/>
    <property name="java.vendor" value="Amazon.com Inc."/>
    <property name="java.vm.version" value="17.0.14+7-LTS"/>
    <property name="java.specification.maintenance.version" value="1"/>
    <property name="sun.io.unicode.encoding" value="UnicodeBig"/>
    <property name="socksNonProxyHosts" value="local|*.local|169.254/16|*.169.254/16"/>
    <property name="java.class.version" value="61.0"/>
  </properties>
  <testcase name="Create and list usersx" classname="API CRUD and data validation" time="2.876">
    <system-out><![CDATA[
  .   ____          _            __ _ _
 /\\ / ___'_ __ _ _(_)_ __  __ _ \ \ \ \
( ( )\___ | '_ | '_| | '_ \/ _` | \ \ \ \
 \\/  ___)| |_)| | | | | || (_| |  ) ) ) )
  '  |____| .__|_| |_|_| |_\__, | / / / /
 =========|_|==============|___/=/_/_/_/

 :: Spring Boot ::                (v3.3.2)

2025-09-28T16:27:29.991-07:00  INFO 38673 --- [           main] j.qa.tests.support.CucumberSpringConfig  : Starting CucumberSpringConfig using Java 17.0.14 with PID 38673 (started by sivanesan.murugesan in /Users/sivanesan.murugesan/Downloads/Siva_j3s/j3s-qa-fintech/j3s-fintech-test-suites)
2025-09-28T16:27:29.994-07:00  INFO 38673 --- [           main] j.qa.tests.support.CucumberSpringConfig  : The following 1 profile is active: "test"
2025-09-28T16:27:30.309-07:00  INFO 38673 --- [           main] j.qa.tests.support.CucumberSpringConfig  : Started CucumberSpringConfig in 0.555 seconds (process running for 1.964)

Scenario: Create and list usersx                                                &amp#27;[90m# features/api_crud.feature:3&amp#27;[0m
  &amp#27;[32mGiven &amp#27;[0m&amp#27;[32mthe backend base URL is set&amp#27;[0m                                             &amp#27;[90m# j3s.qa.tests.steps.ApiStepDefs.the_backend_base_url_is_set()&amp#27;[0m
  &amp#27;[32mWhen &amp#27;[0m&amp#27;[32mI create a user with name &amp#27;[0m&amp#27;[32m&amp#27;[1m"John Doe"&amp#27;[0m&amp#27;[32m email &amp#27;[0m&amp#27;[32m&amp#27;[1m"john@j3s.com"&amp#27;[0m&amp#27;[32m type &amp#27;[0m&amp#27;[32m&amp#27;[1m"premium"&amp#27;[0m &amp#27;[90m# j3s.qa.tests.steps.ApiStepDefs.i_create_user(java.lang.String,java.lang.String,java.lang.String)&amp#27;[0m
  &amp#27;[32mThen &amp#27;[0m&amp#27;[32mthe response code should be &amp#27;[0m&amp#27;[32m&amp#27;[1m200&amp#27;[0m                                          &amp#27;[90m# j3s.qa.tests.steps.ApiStepDefs.the_response_code_should_be(java.lang.Integer)&amp#27;[0m
  &amp#27;[32mAnd &amp#27;[0m&amp#27;[32mthe response should contain field &amp#27;[0m&amp#27;[32m&amp#27;[1m"data.id"&amp#27;[0m                               &amp#27;[90m# j3s.qa.tests.steps.ApiStepDefs.response_should_contain_field(java.lang.String)&amp#27;[0m
  &amp#27;[32mWhen &amp#27;[0m&amp#27;[32mI request the list of users&amp#27;[0m                                              &amp#27;[90m# j3s.qa.tests.steps.ApiStepDefs.i_request_users()&amp#27;[0m
  &amp#27;[32mThen &amp#27;[0m&amp#27;[32mthe response code should be &amp#27;[0m&amp#27;[32m&amp#27;[1m200&amp#27;[0m                                          &amp#27;[90m# j3s.qa.tests.steps.ApiStepDefs.the_response_code_should_be(java.lang.Integer)&amp#27;[0m
  &amp#27;[32mAnd &amp#27;[0m&amp#27;[32mthe list should contain at least &amp#27;[0m&amp#27;[32m&amp#27;[1m1&amp#27;[0m&amp#27;[32m user&amp#27;[0m                                   &amp#27;[90m# j3s.qa.tests.steps.ApiStepDefs.list_contains_users(java.lang.Integer)&amp#27;[0m
]]></system-out>
  </testcase>
  <testcase name="Create transaction between two users" classname="API CRUD and data validation" time="0.099">
    <system-out><![CDATA[
Scenario: Create transaction between two users                                &amp#27;[90m# features/api_crud.feature:12&amp#27;[0m
  &amp#27;[32mGiven &amp#27;[0m&amp#27;[32mthe backend base URL is set&amp#27;[0m                                           &amp#27;[90m# j3s.qa.tests.steps.ApiStepDefs.the_backend_base_url_is_set()&amp#27;[0m
  &amp#27;[32mAnd &amp#27;[0m&amp#27;[32mI create a user with name &amp#27;[0m&amp#27;[32m&amp#27;[1m"Alice"&amp#27;[0m&amp#27;[32m email &amp#27;[0m&amp#27;[32m&amp#27;[1m"alice@j3s.com"&amp#27;[0m&amp#27;[32m type &amp#27;[0m&amp#27;[32m&amp#27;[1m"standard"&amp#27;[0m &amp#27;[90m# j3s.qa.tests.steps.ApiStepDefs.i_create_user(java.lang.String,java.lang.String,java.lang.String)&amp#27;[0m
  &amp#27;[32mAnd &amp#27;[0m&amp#27;[32mI create a user with name &amp#27;[0m&amp#27;[32m&amp#27;[1m"Bob"&amp#27;[0m&amp#27;[32m email &amp#27;[0m&amp#27;[32m&amp#27;[1m"bob@j3s.com"&amp#27;[0m&amp#27;[32m type &amp#27;[0m&amp#27;[32m&amp#27;[1m"standard"&amp#27;[0m     &amp#27;[90m# j3s.qa.tests.steps.ApiStepDefs.i_create_user(java.lang.String,java.lang.String,java.lang.String)&amp#27;[0m
  &amp#27;[32mWhen &amp#27;[0m&amp#27;[32mI create a transfer of &amp#27;[0m&amp#27;[32m&amp#27;[1m50.25&amp#27;[0m&amp#27;[32m from the last user to the previous user&amp#27;[0m   &amp#27;[90m# j3s.qa.tests.steps.ApiStepDefs.i_create_transfer_between_last_two(double)&amp#27;[0m
  &amp#27;[32mThen &amp#27;[0m&amp#27;[32mthe response code should be &amp#27;[0m&amp#27;[32m&amp#27;[1m200&amp#27;[0m                                        &amp#27;[90m# j3s.qa.tests.steps.ApiStepDefs.the_response_code_should_be(java.lang.Integer)&amp#27;[0m
  &amp#27;[32mAnd &amp#27;[0m&amp#27;[32mthe response message should contain &amp#27;[0m&amp#27;[32m&amp#27;[1m"Transfer successful"&amp#27;[0m               &amp#27;[90m# j3s.qa.tests.steps.ApiStepDefs.message_contains(java.lang.String)&amp#27;[0m
]]></system-out>
  </testcase>
  <testcase name="Validation errors for user creation" classname="API error handling and (placeholder) auth tests" time="0.052">
    <system-out><![CDATA[
Scenario: Validation errors for user creation                   &amp#27;[90m# features/api_errors_auth.feature:6&amp#27;[0m
  &amp#27;[32mGiven &amp#27;[0m&amp#27;[32mthe backend base URL is set&amp#27;[0m                             &amp#27;[90m# j3s.qa.tests.steps.ApiStepDefs.the_backend_base_url_is_set()&amp#27;[0m
  &amp#27;[32mWhen &amp#27;[0m&amp#27;[32mI try to create a user with invalid email &amp#27;[0m&amp#27;[32m&amp#27;[1m"not-an-email"&amp#27;[0m &amp#27;[90m# j3s.qa.tests.steps.ApiStepDefs.create_user_invalid_email(java.lang.String)&amp#27;[0m
  &amp#27;[32mThen &amp#27;[0m&amp#27;[32mthe response code should be &amp#27;[0m&amp#27;[32m&amp#27;[1m400&amp#27;[0m                          &amp#27;[90m# j3s.qa.tests.steps.ApiStepDefs.the_response_code_should_be(java.lang.Integer)&amp#27;[0m
]]></system-out>
  </testcase>
  <testcase name="Insufficient funds" classname="API error handling and (placeholder) auth tests" time="0.065">
    <system-out><![CDATA[
Scenario: Insufficient funds                                                  &amp#27;[90m# features/api_errors_auth.feature:10&amp#27;[0m
  &amp#27;[32mGiven &amp#27;[0m&amp#27;[32mthe backend base URL is set&amp#27;[0m                                           &amp#27;[90m# j3s.qa.tests.steps.ApiStepDefs.the_backend_base_url_is_set()&amp#27;[0m
  &amp#27;[32mGiven &amp#27;[0m&amp#27;[32mI create a user with name &amp#27;[0m&amp#27;[32m&amp#27;[1m"Low"&amp#27;[0m&amp#27;[32m email &amp#27;[0m&amp#27;[32m&amp#27;[1m"low@j3s.com"&amp#27;[0m&amp#27;[32m type &amp#27;[0m&amp#27;[32m&amp#27;[1m"standard"&amp#27;[0m   &amp#27;[90m# j3s.qa.tests.steps.ApiStepDefs.i_create_user(java.lang.String,java.lang.String,java.lang.String)&amp#27;[0m
  &amp#27;[32mAnd &amp#27;[0m&amp#27;[32mI create a user with name &amp#27;[0m&amp#27;[32m&amp#27;[1m"Rich"&amp#27;[0m&amp#27;[32m email &amp#27;[0m&amp#27;[32m&amp#27;[1m"rich@j3s.com"&amp#27;[0m&amp#27;[32m type &amp#27;[0m&amp#27;[32m&amp#27;[1m"standard"&amp#27;[0m   &amp#27;[90m# j3s.qa.tests.steps.ApiStepDefs.i_create_user(java.lang.String,java.lang.String,java.lang.String)&amp#27;[0m
  &amp#27;[32mWhen &amp#27;[0m&amp#27;[32mI create a transfer of &amp#27;[0m&amp#27;[32m&amp#27;[1m2000.00&amp#27;[0m&amp#27;[32m from the last user to the previous user&amp#27;[0m &amp#27;[90m# j3s.qa.tests.steps.ApiStepDefs.i_create_transfer_between_last_two(double)&amp#27;[0m
  &amp#27;[32mThen &amp#27;[0m&amp#27;[32mthe response code should be &amp#27;[0m&amp#27;[32m&amp#27;[1m400&amp#27;[0m                                        &amp#27;[90m# j3s.qa.tests.steps.ApiStepDefs.the_response_code_should_be(java.lang.Integer)&amp#27;[0m
  &amp#27;[32mAnd &amp#27;[0m&amp#27;[32mthe response message should contain &amp#27;[0m&amp#27;[32m&amp#27;[1m"Insufficient funds"&amp#27;[0m                &amp#27;[90m# j3s.qa.tests.steps.ApiStepDefs.message_contains(java.lang.String)&amp#27;[0m
]]></system-out>
  </testcase>
  <testcase name="Placeholder auth test (no auth required in sample backend)" classname="API error handling and (placeholder) auth tests" time="0.037">
    <system-out><![CDATA[
Scenario: Placeholder auth test (no auth required in sample backend)             &amp#27;[90m# features/api_errors_auth.feature:17&amp#27;[0m
  &amp#27;[32mGiven &amp#27;[0m&amp#27;[32mthe backend base URL is set&amp#27;[0m                                              &amp#27;[90m# j3s.qa.tests.steps.ApiStepDefs.the_backend_base_url_is_set()&amp#27;[0m
  &amp#27;[32mWhen &amp#27;[0m&amp#27;[32mI create a user with name &amp#27;[0m&amp#27;[32m&amp#27;[1m"NoAuth"&amp#27;[0m&amp#27;[32m email &amp#27;[0m&amp#27;[32m&amp#27;[1m"noauth@j3s.com"&amp#27;[0m&amp#27;[32m type &amp#27;[0m&amp#27;[32m&amp#27;[1m"standard"&amp#27;[0m &amp#27;[90m# j3s.qa.tests.steps.ApiStepDefs.i_create_user(java.lang.String,java.lang.String,java.lang.String)&amp#27;[0m
  &amp#27;[32mThen &amp#27;[0m&amp#27;[32mthe response code should be &amp#27;[0m&amp#27;[32m&amp#27;[1m200&amp#27;[0m                                           &amp#27;[90m# j3s.qa.tests.steps.ApiStepDefs.the_response_code_should_be(java.lang.Integer)&amp#27;[0m
  &amp#27;[32mAnd &amp#27;[0m&amp#27;[32mthe response json path &amp#27;[0m&amp#27;[32m&amp#27;[1m"success"&amp#27;[0m&amp#27;[32m should be true&amp#27;[0m                            &amp#27;[90m# j3s.qa.tests.steps.ApiStepDefs.the_response_json_path_should_be_true(java.lang.String)&amp#27;[0m
]]></system-out>
  </testcase>
  <testcase name="User registration flow" classname="UI flows on mock frontend" time="2.129">
    <system-out><![CDATA[
Scenario: User registration flow                                  &amp#27;[90m# features/ui_flows.feature:7&amp#27;[0m
  &amp#27;[32mGiven &amp#27;[0m&amp#27;[32mthe mock UI server is running&amp#27;[0m                             &amp#27;[90m# j3s.qa.tests.steps.UiStepDefs.mock_ui_running()&amp#27;[0m
  &amp#27;[32mAnd &amp#27;[0m&amp#27;[32mthe backend base URL is set&amp#27;[0m                                 &amp#27;[90m# j3s.qa.tests.steps.ApiStepDefs.the_backend_base_url_is_set()&amp#27;[0m
************getting driver....
2025-09-28T16:27:32.884-07:00  INFO 38673 --- [           main] i.g.bonigarcia.wdm.WebDriverManager      : Using chromedriver 140.0.7339.207 (resolved driver for Chrome 140)
2025-09-28T16:27:32.899-07:00  INFO 38673 --- [           main] i.g.bonigarcia.wdm.WebDriverManager      : Exporting webdriver.chrome.driver as /Users/sivanesan.murugesan/.cache/selenium/chromedriver/mac64/140.0.7339.207/chromedriver
2025-09-28T16:27:33.980-07:00  WARN 38673 --- [           main] o.o.selenium.devtools.CdpVersionFinder   : Unable to find CDP implementation matching 140
2025-09-28T16:27:33.980-07:00  WARN 38673 --- [           main] o.o.selenium.chromium.ChromiumDriver     : Unable to find version of CDP to use for 140.0.7339.208. You may need to include a dependency on a specific version of the CDP using something similar to `org.seleniumhq.selenium:selenium-devtools-v86:4.19.1` where the version ("v86") matches the version of the chromium-based browser you're using and the version number of the artifact is the same as Selenium's.
  &amp#27;[32mWhen &amp#27;[0m&amp#27;[32mI open the mock UI&amp#27;[0m                                         &amp#27;[90m# j3s.qa.tests.steps.UiStepDefs.open_mock_ui()&amp#27;[0m
  &amp#27;[32mAnd &amp#27;[0m&amp#27;[32mI register user &amp#27;[0m&amp#27;[32m&amp#27;[1m"Jane Roe"&amp#27;[0m&amp#27;[32m with &amp#27;[0m&amp#27;[32m&amp#27;[1m"jane@j3s.com"&amp#27;[0m&amp#27;[32m as &amp#27;[0m&amp#27;[32m&amp#27;[1m"premium"&amp#27;[0m &amp#27;[90m# j3s.qa.tests.steps.UiStepDefs.register_user(java.lang.String,java.lang.String,java.lang.String)&amp#27;[0m
  &amp#27;[32mThen &amp#27;[0m&amp#27;[32mI should see a status message containing &amp#27;[0m&amp#27;[32m&amp#27;[1m"User created"&amp#27;[0m    &amp#27;[90m# j3s.qa.tests.steps.UiStepDefs.i_should_see_a_status_message_containing(java.lang.String)&amp#27;[0m
]]></system-out>
  </testcase>
  <testcase name="Transaction creation flow" classname="UI flows on mock frontend" time="4.748">
    <system-out><![CDATA[
Scenario: Transaction creation flow                                  &amp#27;[90m# features/ui_flows.feature:12&amp#27;[0m
  &amp#27;[32mGiven &amp#27;[0m&amp#27;[32mthe mock UI server is running&amp#27;[0m                                &amp#27;[90m# j3s.qa.tests.steps.UiStepDefs.mock_ui_running()&amp#27;[0m
  &amp#27;[32mAnd &amp#27;[0m&amp#27;[32mthe backend base URL is set&amp#27;[0m                                    &amp#27;[90m# j3s.qa.tests.steps.ApiStepDefs.the_backend_base_url_is_set()&amp#27;[0m
************getting driver....
2025-09-28T16:27:34.834-07:00  INFO 38673 --- [           main] i.g.bonigarcia.wdm.WebDriverManager      : Using chromedriver 140.0.7339.207 (resolved driver for Chrome 140)
2025-09-28T16:27:34.838-07:00  INFO 38673 --- [           main] i.g.bonigarcia.wdm.WebDriverManager      : Exporting webdriver.chrome.driver as /Users/sivanesan.murugesan/.cache/selenium/chromedriver/mac64/140.0.7339.207/chromedriver
2025-09-28T16:27:35.502-07:00  WARN 38673 --- [           main] o.o.selenium.devtools.CdpVersionFinder   : Unable to find CDP implementation matching 140
2025-09-28T16:27:35.503-07:00  WARN 38673 --- [           main] o.o.selenium.chromium.ChromiumDriver     : Unable to find version of CDP to use for 140.0.7339.208. You may need to include a dependency on a specific version of the CDP using something similar to `org.seleniumhq.selenium:selenium-devtools-v86:4.19.1` where the version ("v86") matches the version of the chromium-based browser you're using and the version number of the artifact is the same as Selenium's.
  &amp#27;[32mWhen &amp#27;[0m&amp#27;[32mI open the mock UI&amp#27;[0m                                            &amp#27;[90m# j3s.qa.tests.steps.UiStepDefs.open_mock_ui()&amp#27;[0m
****user 'alice+1759102055693@j3s.com' in row: 100 John Doe john@j3s.com premium 1000.00
****user 'alice+1759102055693@j3s.com' in row: 101 Alice alice@j3s.com standard 1050.25
****user 'alice+1759102055693@j3s.com' in row: 102 Bob bob@j3s.com standard 949.75
****user 'alice+1759102055693@j3s.com' in row: 103 Low low@j3s.com standard 1000.00
****user 'alice+1759102055693@j3s.com' in row: 104 Rich rich@j3s.com standard 1000.00
****user 'alice+1759102055693@j3s.com' in row: 105 NoAuth noauth@j3s.com standard 1000.00
****user 'alice+1759102055693@j3s.com' in row: 106 Jane Roe jane@j3s.com premium 1000.00
****user 'alice+1759102055693@j3s.com' in row: 107 Alice alice+1759102055693@j3s.com standard 1000.00
Found user 'alice+1759102055693@j3s.com' in row: 107 Alice alice+1759102055693@j3s.com standard 1000.00
****** newUserId: 107
****user 'bob+1759102056486@j3s.com' in row: 100 John Doe john@j3s.com premium 1000.00
****user 'bob+1759102056486@j3s.com' in row: 101 Alice alice@j3s.com standard 1050.25
****user 'bob+1759102056486@j3s.com' in row: 102 Bob bob@j3s.com standard 949.75
****user 'bob+1759102056486@j3s.com' in row: 103 Low low@j3s.com standard 1000.00
****user 'bob+1759102056486@j3s.com' in row: 104 Rich rich@j3s.com standard 1000.00
****user 'bob+1759102056486@j3s.com' in row: 105 NoAuth noauth@j3s.com standard 1000.00
****user 'bob+1759102056486@j3s.com' in row: 106 Jane Roe jane@j3s.com premium 1000.00
****user 'bob+1759102056486@j3s.com' in row: 107 Alice alice+1759102055693@j3s.com standard 1000.00
****user 'bob+1759102056486@j3s.com' in row: 108 Bob bob+1759102056486@j3s.com standard 1000.00
Found user 'bob+1759102056486@j3s.com' in row: 108 Bob bob+1759102056486@j3s.com standard 1000.00
****** newUserId: 108
****user 'bob+1759102057154@j3s.com' in row: 100 John Doe john@j3s.com premium 1000.00
****user 'bob+1759102057154@j3s.com' in row: 101 Alice alice@j3s.com standard 1050.25
****user 'bob+1759102057154@j3s.com' in row: 102 Bob bob@j3s.com standard 949.75
****user 'bob+1759102057154@j3s.com' in row: 103 Low low@j3s.com standard 1000.00
****user 'bob+1759102057154@j3s.com' in row: 104 Rich rich@j3s.com standard 1000.00
****user 'bob+1759102057154@j3s.com' in row: 105 NoAuth noauth@j3s.com standard 1000.00
****user 'bob+1759102057154@j3s.com' in row: 106 Jane Roe jane@j3s.com premium 1000.00
****user 'bob+1759102057154@j3s.com' in row: 107 Alice alice+1759102055693@j3s.com standard 1000.00
****user 'bob+1759102057154@j3s.com' in row: 108 Bob bob+1759102056486@j3s.com standard 1000.00
****user 'bob+1759102057154@j3s.com' in row: 109 Bob bob+1759102057154@j3s.com standard 1000.00
Found user 'bob+1759102057154@j3s.com' in row: 109 Bob bob+1759102057154@j3s.com standard 1000.00
****** newUserId: 109
****user 'bob+1759102057829@j3s.com' in row: 110 Bob bob+1759102057829@j3s.com standard 1000.00
Found user 'bob+1759102057829@j3s.com' in row: 110 Bob bob+1759102057829@j3s.com standard 1000.00
****** newUserId: 110
****user 'bob+1759102058380@j3s.com' in row: 110 Bob bob+1759102057829@j3s.com standard 1000.00
****user 'bob+1759102058380@j3s.com' in row: 100 John Doe john@j3s.com premium 1000.00
****user 'bob+1759102058380@j3s.com' in row: 111 Bob bob+1759102058380@j3s.com standard 1000.00
Found user 'bob+1759102058380@j3s.com' in row: 111 Bob bob+1759102058380@j3s.com standard 1000.00
****** newUserId: 111
  &amp#27;[32mAnd &amp#27;[0m&amp#27;[32mI ensure users exist for a transfer&amp#27;[0m                            &amp#27;[90m# j3s.qa.tests.steps.UiStepDefs.i_ensure_users_exist_for_a_transfer()&amp#27;[0m
**** before submitting: lastTxnUserIds: [107, 108]
  &amp#27;[32mAnd &amp#27;[0m&amp#27;[32mI submit a transfer of &amp#27;[0m&amp#27;[32m&amp#27;[1m10.5&amp#27;[0m&amp#27;[32m between the last two created users&amp#27;[0m &amp#27;[90m# j3s.qa.tests.steps.UiStepDefs.i_submit_a_transfer_of_between_the_last_two_created_users(java.lang.Double)&amp#27;[0m
  &amp#27;[32mAnd &amp#27;[0m&amp#27;[32mI reload the mock UI&amp#27;[0m                                           &amp#27;[90m# j3s.qa.tests.steps.UiStepDefs.reload_mock_ui()&amp#27;[0m
*******Rows count: 2
****lastTxnUserIds: [107, 108]
***transaction rows: :1001 107 108 10.5 transfer 2025-09-28T23:27:39.494143Z
***transaction rows: :1000 102 101 50.25 transfer 2025-09-28T23:27:32.527533Z
  &amp#27;[32mThen &amp#27;[0m&amp#27;[32mI should see the respective transaction rows&amp#27;[0m                  &amp#27;[90m# j3s.qa.tests.steps.UiStepDefs.i_should_see_the_respective_transaction_rows()&amp#27;[0m
]]></system-out>
  </testcase>
  <testcase name="Transfer to invalid recipient" classname="UI flows on mock frontend" time="1.368">
    <system-out><![CDATA[
Scenario: Transfer to invalid recipient                                         &amp#27;[90m# features/ui_flows.feature:19&amp#27;[0m
  &amp#27;[32mGiven &amp#27;[0m&amp#27;[32mthe mock UI server is running&amp#27;[0m                                           &amp#27;[90m# j3s.qa.tests.steps.UiStepDefs.mock_ui_running()&amp#27;[0m
  &amp#27;[32mAnd &amp#27;[0m&amp#27;[32mthe backend base URL is set&amp#27;[0m                                               &amp#27;[90m# j3s.qa.tests.steps.ApiStepDefs.the_backend_base_url_is_set()&amp#27;[0m
************getting driver....
2025-09-28T16:27:39.584-07:00  INFO 38673 --- [           main] i.g.bonigarcia.wdm.WebDriverManager      : Using chromedriver 140.0.7339.207 (resolved driver for Chrome 140)
2025-09-28T16:27:39.587-07:00  INFO 38673 --- [           main] i.g.bonigarcia.wdm.WebDriverManager      : Exporting webdriver.chrome.driver as /Users/sivanesan.murugesan/.cache/selenium/chromedriver/mac64/140.0.7339.207/chromedriver
2025-09-28T16:27:40.302-07:00  WARN 38673 --- [           main] o.o.selenium.devtools.CdpVersionFinder   : Unable to find CDP implementation matching 140
2025-09-28T16:27:40.302-07:00  WARN 38673 --- [           main] o.o.selenium.chromium.ChromiumDriver     : Unable to find version of CDP to use for 140.0.7339.208. You may need to include a dependency on a specific version of the CDP using something similar to `org.seleniumhq.selenium:selenium-devtools-v86:4.19.1` where the version ("v86") matches the version of the chromium-based browser you're using and the version number of the artifact is the same as Selenium's.
  &amp#27;[32mWhen &amp#27;[0m&amp#27;[32mI open the mock UI&amp#27;[0m                                                       &amp#27;[90m# j3s.qa.tests.steps.UiStepDefs.open_mock_ui()&amp#27;[0m
  &amp#27;[32mAnd &amp#27;[0m&amp#27;[32mI submit a transfer to a invalid recipient&amp#27;[0m                                &amp#27;[90m# j3s.qa.tests.steps.UiStepDefs.i_submit_a_transfer_to_a_invalid_recipient()&amp#27;[0m
  &amp#27;[32mThen &amp#27;[0m&amp#27;[32mI should see a status message containing &amp#27;[0m&amp#27;[32m&amp#27;[1m"Invalid userId or recipientId"&amp#27;[0m &amp#27;[90m# j3s.qa.tests.steps.UiStepDefs.i_should_see_a_status_message_containing(java.lang.String)&amp#27;[0m
]]></system-out>
  </testcase>
</testsuite>