<?xml version="1.0" encoding="UTF-8"?>
<testsuite xmlns:xsi="http://www.w3.org/2001/XMLSchema-instance" xsi:noNamespaceSchemaLocation="https://maven.apache.org/surefire/maven-surefire-plugin/xsd/surefire-test-report-3.0.xsd" version="3.0" name="j3s.qa.tests.runner.CucumberTestRunner" time="15.905" tests="8" errors="0" skipped="0" failures="0">
  <properties>
    <property name="tests.backendBaseUrl" value="http://localhost:5173"/>
    <property name="java.specification.version" value="17"/>
    <property name="webdriver.chrome.driver" value="/Users/sivanesan.murugesan/.cache/selenium/chromedriver/mac64/140.0.7339.207/chromedriver"/>
    <property name="sun.jnu.encoding" value="UTF-8"/>
    <property name="java.class.path" value="/Users/sivanesan.murugesan/Downloads/Siva_j3s/fintech-test-suites-fixed/target/test-classes:/Users/sivanesan.murugesan/Downloads/Siva_j3s/fintech-test-suites-fixed/target/classes:/Users/sivanesan.murugesan/.m2/repository/io/cucumber/cucumber-spring/7.17.0/cucumber-spring-7.17.0.jar:/Users/sivanesan.murugesan/.m2/repository/io/cucumber/cucumber-core/7.17.0/cucumber-core-7.17.0.jar:/Users/sivanesan.murugesan/.m2/repository/io/cucumber/cucumber-gherkin/7.17.0/cucumber-gherkin-7.17.0.jar:/Users/sivanesan.murugesan/.m2/repository/io/cucumber/cucumber-gherkin-messages/7.17.0/cucumber-gherkin-messages-7.17.0.jar:/Users/sivanesan.murugesan/.m2/repository/io/cucumber/gherkin/28.0.0/gherkin-28.0.0.jar:/Users/sivanesan.murugesan/.m2/repository/io/cucumber/messages/24.1.0/messages-24.1.0.jar:/Users/sivanesan.murugesan/.m2/repository/io/cucumber/testng-xml-formatter/0.1.0/testng-xml-formatter-0.1.0.jar:/Users/sivanesan.murugesan/.m2/repository/io/cucumber/query/12.2.0/query-12.2.0.jar:/Users/sivanesan.murugesan/.m2/repository/io/cucumber/tag-expressions/6.1.0/tag-expressions-6.1.0.jar:/Users/sivanesan.murugesan/.m2/repository/io/cucumber/cucumber-expressions/17.1.0/cucumber-expressions-17.1.0.jar:/Users/sivanesan.murugesan/.m2/repository/io/cucumber/datatable/7.17.0/datatable-7.17.0.jar:/Users/sivanesan.murugesan/.m2/repository/io/cucumber/cucumber-plugin/7.17.0/cucumber-plugin-7.17.0.jar:/Users/sivanesan.murugesan/.m2/repository/io/cucumber/docstring/7.17.0/docstring-7.17.0.jar:/Users/sivanesan.murugesan/.m2/repository/io/cucumber/html-formatter/21.3.1/html-formatter-21.3.1.jar:/Users/sivanesan.murugesan/.m2/repository/io/cucumber/junit-xml-formatter/0.4.0/junit-xml-formatter-0.4.0.jar:/Users/sivanesan.murugesan/.m2/repository/io/cucumber/ci-environment/10.0.1/ci-environment-10.0.1.jar:/Users/sivanesan.murugesan/.m2/repository/org/apiguardian/apiguardian-api/1.1.2/apiguardian-api-1.1.2.jar:/Users/sivanesan.murugesan/.m2/repository/org/springframework/boot/spring-boot-starter-web/3.3.2/spring-boot-starter-web-3.3.2.jar:/Users/sivanesan.murugesan/.m2/repository/org/springframework/boot/spring-boot-starter/3.3.2/spring-boot-starter-3.3.2.jar:/Users/sivanesan.murugesan/.m2/repository/org/springframework/boot/spring-boot/3.3.2/spring-boot-3.3.2.jar:/Users/sivanesan.murugesan/.m2/repository/org/springframework/boot/spring-boot-autoconfigure/3.3.2/spring-boot-autoconfigure-3.3.2.jar:/Users/sivanesan.murugesan/.m2/repository/org/springframework/boot/spring-boot-starter-logging/3.3.2/spring-boot-starter-logging-3.3.2.jar:/Users/sivanesan.murugesan/.m2/repository/ch/qos/logback/logback-classic/1.5.6/logback-classic-1.5.6.jar:/Users/sivanesan.murugesan/.m2/repository/ch/qos/logback/logback-core/1.5.6/logback-core-1.5.6.jar:/Users/sivanesan.murugesan/.m2/repository/org/apache/logging/log4j/log4j-to-slf4j/2.23.1/log4j-to-slf4j-2.23.1.jar:/Users/sivanesan.murugesan/.m2/repository/org/apache/logging/log4j/log4j-api/2.23.1/log4j-api-2.23.1.jar:/Users/sivanesan.murugesan/.m2/repository/org/slf4j/jul-to-slf4j/2.0.13/jul-to-slf4j-2.0.13.jar:/Users/sivanesan.murugesan/.m2/repository/jakarta/annotation/jakarta.annotation-api/2.1.1/jakarta.annotation-api-2.1.1.jar:/Users/sivanesan.murugesan/.m2/repository/org/yaml/snakeyaml/2.2/snakeyaml-2.2.jar:/Users/sivanesan.murugesan/.m2/repository/org/springframework/boot/spring-boot-starter-json/3.3.2/spring-boot-starter-json-3.3.2.jar:/Users/sivanesan.murugesan/.m2/repository/com/fasterxml/jackson/core/jackson-databind/2.17.2/jackson-databind-2.17.2.jar:/Users/sivanesan.murugesan/.m2/repository/com/fasterxml/jackson/core/jackson-annotations/2.17.2/jackson-annotations-2.17.2.jar:/Users/sivanesan.murugesan/.m2/repository/com/fasterxml/jackson/core/jackson-core/2.17.2/jackson-core-2.17.2.jar:/Users/sivanesan.murugesan/.m2/repository/com/fasterxml/jackson/datatype/jackson-datatype-jdk8/2.17.2/jackson-datatype-jdk8-2.17.2.jar:/Users/sivanesan.murugesan/.m2/repository/com/fasterxml/jackson/datatype/jackson-datatype-jsr310/2.17.2/jackson-datatype-jsr310-2.17.2.jar:/Users/sivanesan.murugesan/.m2/repository/com/fasterxml/jackson/module/jackson-module-parameter-names/2.17.2/jackson-module-parameter-names-2.17.2.jar:/Users/sivanesan.murugesan/.m2/repository/org/springframework/boot/spring-boot-starter-tomcat/3.3.2/spring-boot-starter-tomcat-3.3.2.jar:/Users/sivanesan.murugesan/.m2/repository/org/apache/tomcat/embed/tomcat-embed-core/10.1.26/tomcat-embed-core-10.1.26.jar:/Users/sivanesan.murugesan/.m2/repository/org/apache/tomcat/embed/tomcat-embed-el/10.1.26/tomcat-embed-el-10.1.26.jar:/Users/sivanesan.murugesan/.m2/repository/org/apache/tomcat/embed/tomcat-embed-websocket/10.1.26/tomcat-embed-websocket-10.1.26.jar:/Users/sivanesan.murugesan/.m2/repository/org/springframework/spring-web/6.1.11/spring-web-6.1.11.jar:/Users/sivanesan.murugesan/.m2/repository/org/springframework/spring-beans/6.1.11/spring-beans-6.1.11.jar:/Users/sivanesan.murugesan/.m2/repository/io/micrometer/micrometer-observation/1.13.2/micrometer-observation-1.13.2.jar:/Users/sivanesan.murugesan/.m2/repository/io/micrometer/micrometer-commons/1.13.2/micrometer-commons-1.13.2.jar:/Users/sivanesan.murugesan/.m2/repository/org/springframework/spring-webmvc/6.1.11/spring-webmvc-6.1.11.jar:/Users/sivanesan.murugesan/.m2/repository/org/springframework/spring-aop/6.1.11/spring-aop-6.1.11.jar:/Users/sivanesan.murugesan/.m2/repository/org/springframework/spring-context/6.1.11/spring-context-6.1.11.jar:/Users/sivanesan.murugesan/.m2/repository/org/springframework/spring-expression/6.1.11/spring-expression-6.1.11.jar:/Users/sivanesan.murugesan/.m2/repository/org/springframework/boot/spring-boot-starter-test/3.3.2/spring-boot-starter-test-3.3.2.jar:/Users/sivanesan.murugesan/.m2/repository/org/springframework/boot/spring-boot-test/3.3.2/spring-boot-test-3.3.2.jar:/Users/sivanesan.murugesan/.m2/repository/org/springframework/boot/spring-boot-test-autoconfigure/3.3.2/spring-boot-test-autoconfigure-3.3.2.jar:/Users/sivanesan.murugesan/.m2/repository/com/jayway/jsonpath/json-path/2.9.0/json-path-2.9.0.jar:/Users/sivanesan.murugesan/.m2/repository/jakarta/xml/bind/jakarta.xml.bind-api/4.0.2/jakarta.xml.bind-api-4.0.2.jar:/Users/sivanesan.murugesan/.m2/repository/jakarta/activation/jakarta.activation-api/2.1.3/jakarta.activation-api-2.1.3.jar:/Users/sivanesan.murugesan/.m2/repository/net/minidev/json-smart/2.5.1/json-smart-2.5.1.jar:/Users/sivanesan.murugesan/.m2/repository/net/minidev/accessors-smart/2.5.1/accessors-smart-2.5.1.jar:/Users/sivanesan.murugesan/.m2/repository/org/ow2/asm/asm/9.6/asm-9.6.jar:/Users/sivanesan.murugesan/.m2/repository/org/assertj/assertj-core/3.25.3/assertj-core-3.25.3.jar:/Users/sivanesan.murugesan/.m2/repository/net/bytebuddy/byte-buddy/1.14.18/byte-buddy-1.14.18.jar:/Users/sivanesan.murugesan/.m2/repository/org/awaitility/awaitility/4.2.1/awaitility-4.2.1.jar:/Users/sivanesan.murugesan/.m2/repository/org/hamcrest/hamcrest/2.2/hamcrest-2.2.jar:/Users/sivanesan.murugesan/.m2/repository/org/mockito/mockito-core/5.11.0/mockito-core-5.11.0.jar:/Users/sivanesan.murugesan/.m2/repository/net/bytebuddy/byte-buddy-agent/1.14.18/byte-buddy-agent-1.14.18.jar:/Users/sivanesan.murugesan/.m2/repository/org/objenesis/objenesis/3.3/objenesis-3.3.jar:/Users/sivanesan.murugesan/.m2/repository/org/mockito/mockito-junit-jupiter/5.11.0/mockito-junit-jupiter-5.11.0.jar:/Users/sivanesan.murugesan/.m2/repository/org/skyscreamer/jsonassert/1.5.3/jsonassert-1.5.3.jar:/Users/sivanesan.murugesan/.m2/repository/com/vaadin/external/google/android-json/0.0.20131108.vaadin1/android-json-0.0.20131108.vaadin1.jar:/Users/sivanesan.murugesan/.m2/repository/org/springframework/spring-core/6.1.11/spring-core-6.1.11.jar:/Users/sivanesan.murugesan/.m2/repository/org/springframework/spring-jcl/6.1.11/spring-jcl-6.1.11.jar:/Users/sivanesan.murugesan/.m2/repository/org/springframework/spring-test/6.1.11/spring-test-6.1.11.jar:/Users/sivanesan.murugesan/.m2/repository/org/xmlunit/xmlunit-core/2.9.1/xmlunit-core-2.9.1.jar:/Users/sivanesan.murugesan/.m2/repository/io/cucumber/cucumber-java/7.17.0/cucumber-java-7.17.0.jar:/Users/sivanesan.murugesan/.m2/repository/io/cucumber/cucumber-junit-platform-engine/7.17.0/cucumber-junit-platform-engine-7.17.0.jar:/Users/sivanesan.murugesan/.m2/repository/org/junit/platform/junit-platform-engine/1.10.3/junit-platform-engine-1.10.3.jar:/Users/sivanesan.murugesan/.m2/repository/org/opentest4j/opentest4j/1.3.0/opentest4j-1.3.0.jar:/Users/sivanesan.murugesan/.m2/repository/org/junit/platform/junit-platform-commons/1.10.3/junit-platform-commons-1.10.3.jar:/Users/sivanesan.murugesan/.m2/repository/io/rest-assured/rest-assured/5.4.0/rest-assured-5.4.0.jar:/Users/sivanesan.murugesan/.m2/repository/org/apache/groovy/groovy/4.0.22/groovy-4.0.22.jar:/Users/sivanesan.murugesan/.m2/repository/org/apache/groovy/groovy-xml/4.0.22/groovy-xml-4.0.22.jar:/Users/sivanesan.murugesan/.m2/repository/org/apache/httpcomponents/httpclient/4.5.13/httpclient-4.5.13.jar:/Users/sivanesan.murugesan/.m2/repository/org/apache/httpcomponents/httpcore/4.4.16/httpcore-4.4.16.jar:/Users/sivanesan.murugesan/.m2/repository/commons-logging/commons-logging/1.2/commons-logging-1.2.jar:/Users/sivanesan.murugesan/.m2/repository/commons-codec/commons-codec/1.16.1/commons-codec-1.16.1.jar:/Users/sivanesan.murugesan/.m2/repository/org/apache/httpcomponents/httpmime/4.5.13/httpmime-4.5.13.jar:/Users/sivanesan.murugesan/.m2/repository/org/ccil/cowan/tagsoup/tagsoup/1.2.1/tagsoup-1.2.1.jar:/Users/sivanesan.murugesan/.m2/repository/io/rest-assured/xml-path/5.4.0/xml-path-5.4.0.jar:/Users/sivanesan.murugesan/.m2/repository/io/rest-assured/json-path/5.4.0/json-path-5.4.0.jar:/Users/sivanesan.murugesan/.m2/repository/org/apache/groovy/groovy-json/4.0.22/groovy-json-4.0.22.jar:/Users/sivanesan.murugesan/.m2/repository/io/rest-assured/rest-assured-common/5.4.0/rest-assured-common-5.4.0.jar:/Users/sivanesan.murugesan/.m2/repository/io/rest-assured/json-schema-validator/5.4.0/json-schema-validator-5.4.0.jar:/Users/sivanesan.murugesan/.m2/repository/com/github/java-json-tools/json-schema-validator/2.2.14/json-schema-validator-2.2.14.jar:/Users/sivanesan.murugesan/.m2/repository/com/github/java-json-tools/jackson-coreutils-equivalence/1.0/jackson-coreutils-equivalence-1.0.jar:/Users/sivanesan.murugesan/.m2/repository/com/github/java-json-tools/jackson-coreutils/2.0/jackson-coreutils-2.0.jar:/Users/sivanesan.murugesan/.m2/repository/com/github/java-json-tools/msg-simple/1.2/msg-simple-1.2.jar:/Users/sivanesan.murugesan/.m2/repository/com/github/java-json-tools/btf/1.3/btf-1.3.jar:/Users/sivanesan.murugesan/.m2/repository/com/github/java-json-tools/json-schema-core/1.2.14/json-schema-core-1.2.14.jar:/Users/sivanesan.murugesan/.m2/repository/com/github/java-json-tools/uri-template/0.10/uri-template-0.10.jar:/Users/sivanesan.murugesan/.m2/repository/org/mozilla/rhino/1.7.7.2/rhino-1.7.7.2.jar:/Users/sivanesan.murugesan/.m2/repository/com/sun/mail/mailapi/1.6.2/mailapi-1.6.2.jar:/Users/sivanesan.murugesan/.m2/repository/joda-time/joda-time/2.10.5/joda-time-2.10.5.jar:/Users/sivanesan.murugesan/.m2/repository/com/googlecode/libphonenumber/libphonenumber/8.11.1/libphonenumber-8.11.1.jar:/Users/sivanesan.murugesan/.m2/repository/com/google/code/findbugs/jsr305/3.0.2/jsr305-3.0.2.jar:/Users/sivanesan.murugesan/.m2/repository/net/sf/jopt-simple/jopt-simple/5.0.4/jopt-simple-5.0.4.jar:/Users/sivanesan.murugesan/.m2/repository/com/google/guava/guava/32.0.1-jre/guava-32.0.1-jre.jar:/Users/sivanesan.murugesan/.m2/repository/com/google/guava/failureaccess/1.0.1/failureaccess-1.0.1.jar:/Users/sivanesan.murugesan/.m2/repository/com/google/guava/listenablefuture/9999.0-empty-to-avoid-conflict-with-guava/listenablefuture-9999.0-empty-to-avoid-conflict-with-guava.jar:/Users/sivanesan.murugesan/.m2/repository/org/checkerframework/checker-qual/3.33.0/checker-qual-3.33.0.jar:/Users/sivanesan.murugesan/.m2/repository/com/google/errorprone/error_prone_annotations/2.18.0/error_prone_annotations-2.18.0.jar:/Users/sivanesan.murugesan/.m2/repository/com/google/j2objc/j2objc-annotations/2.8/j2objc-annotations-2.8.jar:/Users/sivanesan.murugesan/.m2/repository/org/seleniumhq/selenium/selenium-java/4.23.0/selenium-java-4.23.0.jar:/Users/sivanesan.murugesan/.m2/repository/org/seleniumhq/selenium/selenium-api/4.19.1/selenium-api-4.19.1.jar:/Users/sivanesan.murugesan/.m2/repository/org/seleniumhq/selenium/selenium-chrome-driver/4.19.1/selenium-chrome-driver-4.19.1.jar:/Users/sivanesan.murugesan/.m2/repository/com/google/auto/service/auto-service-annotations/1.1.1/auto-service-annotations-1.1.1.jar:/Users/sivanesan.murugesan/.m2/repository/org/seleniumhq/selenium/selenium-chromium-driver/4.19.1/selenium-chromium-driver-4.19.1.jar:/Users/sivanesan.murugesan/.m2/repository/org/seleniumhq/selenium/selenium-json/4.19.1/selenium-json-4.19.1.jar:/Users/sivanesan.murugesan/.m2/repository/org/seleniumhq/selenium/selenium-manager/4.19.1/selenium-manager-4.19.1.jar:/Users/sivanesan.murugesan/.m2/repository/org/seleniumhq/selenium/selenium-devtools-v125/4.23.0/selenium-devtools-v125-4.23.0.jar:/Users/sivanesan.murugesan/.m2/repository/org/seleniumhq/selenium/selenium-devtools-v126/4.23.0/selenium-devtools-v126-4.23.0.jar:/Users/sivanesan.murugesan/.m2/repository/org/seleniumhq/selenium/selenium-devtools-v127/4.23.0/selenium-devtools-v127-4.23.0.jar:/Users/sivanesan.murugesan/.m2/repository/org/seleniumhq/selenium/selenium-devtools-v85/4.19.1/selenium-devtools-v85-4.19.1.jar:/Users/sivanesan.murugesan/.m2/repository/org/seleniumhq/selenium/selenium-edge-driver/4.19.1/selenium-edge-driver-4.19.1.jar:/Users/sivanesan.murugesan/.m2/repository/org/seleniumhq/selenium/selenium-firefox-driver/4.19.1/selenium-firefox-driver-4.19.1.jar:/Users/sivanesan.murugesan/.m2/repository/org/seleniumhq/selenium/selenium-http/4.19.1/selenium-http-4.19.1.jar:/Users/sivanesan.murugesan/.m2/repository/dev/failsafe/failsafe/3.3.2/failsafe-3.3.2.jar:/Users/sivanesan.murugesan/.m2/repository/org/seleniumhq/selenium/selenium-ie-driver/4.19.1/selenium-ie-driver-4.19.1.jar:/Users/sivanesan.murugesan/.m2/repository/org/seleniumhq/selenium/selenium-remote-driver/4.19.1/selenium-remote-driver-4.19.1.jar:/Users/sivanesan.murugesan/.m2/repository/io/opentelemetry/semconv/opentelemetry-semconv/1.23.1-alpha/opentelemetry-semconv-1.23.1-alpha.jar:/Users/sivanesan.murugesan/.m2/repository/io/opentelemetry/opentelemetry-api/1.37.0/opentelemetry-api-1.37.0.jar:/Users/sivanesan.murugesan/.m2/repository/io/opentelemetry/opentelemetry-context/1.37.0/opentelemetry-context-1.37.0.jar:/Users/sivanesan.murugesan/.m2/repository/io/opentelemetry/opentelemetry-exporter-logging/1.37.0/opentelemetry-exporter-logging-1.37.0.jar:/Users/sivanesan.murugesan/.m2/repository/io/opentelemetry/opentelemetry-sdk-common/1.37.0/opentelemetry-sdk-common-1.37.0.jar:/Users/sivanesan.murugesan/.m2/repository/io/opentelemetry/opentelemetry-sdk-extension-autoconfigure-spi/1.37.0/opentelemetry-sdk-extension-autoconfigure-spi-1.37.0.jar:/Users/sivanesan.murugesan/.m2/repository/io/opentelemetry/opentelemetry-sdk-extension-autoconfigure/1.37.0/opentelemetry-sdk-extension-autoconfigure-1.37.0.jar:/Users/sivanesan.murugesan/.m2/repository/io/opentelemetry/opentelemetry-api-incubator/1.37.0-alpha/opentelemetry-api-incubator-1.37.0-alpha.jar:/Users/sivanesan.murugesan/.m2/repository/io/opentelemetry/opentelemetry-sdk-trace/1.37.0/opentelemetry-sdk-trace-1.37.0.jar:/Users/sivanesan.murugesan/.m2/repository/io/opentelemetry/opentelemetry-sdk/1.37.0/opentelemetry-sdk-1.37.0.jar:/Users/sivanesan.murugesan/.m2/repository/io/opentelemetry/opentelemetry-sdk-metrics/1.37.0/opentelemetry-sdk-metrics-1.37.0.jar:/Users/sivanesan.murugesan/.m2/repository/io/opentelemetry/opentelemetry-sdk-logs/1.37.0/opentelemetry-sdk-logs-1.37.0.jar:/Users/sivanesan.murugesan/.m2/repository/org/seleniumhq/selenium/selenium-os/4.19.1/selenium-os-4.19.1.jar:/Users/sivanesan.murugesan/.m2/repository/org/apache/commons/commons-exec/1.3/commons-exec-1.3.jar:/Users/sivanesan.murugesan/.m2/repository/org/seleniumhq/selenium/selenium-safari-driver/4.19.1/selenium-safari-driver-4.19.1.jar:/Users/sivanesan.murugesan/.m2/repository/org/seleniumhq/selenium/selenium-support/4.19.1/selenium-support-4.19.1.jar:/Users/sivanesan.murugesan/.m2/repository/io/github/bonigarcia/webdrivermanager/5.9.2/webdrivermanager-5.9.2.jar:/Users/sivanesan.murugesan/.m2/repository/org/slf4j/slf4j-api/2.0.13/slf4j-api-2.0.13.jar:/Users/sivanesan.murugesan/.m2/repository/com/google/code/gson/gson/2.10.1/gson-2.10.1.jar:/Users/sivanesan.murugesan/.m2/repository/com/github/docker-java/docker-java/3.4.0/docker-java-3.4.0.jar:/Users/sivanesan.murugesan/.m2/repository/com/github/docker-java/docker-java-core/3.4.0/docker-java-core-3.4.0.jar:/Users/sivanesan.murugesan/.m2/repository/com/github/docker-java/docker-java-api/3.4.0/docker-java-api-3.4.0.jar:/Users/sivanesan.murugesan/.m2/repository/org/slf4j/jcl-over-slf4j/2.0.13/jcl-over-slf4j-2.0.13.jar:/Users/sivanesan.murugesan/.m2/repository/com/github/docker-java/docker-java-transport-httpclient5/3.4.0/docker-java-transport-httpclient5-3.4.0.jar:/Users/sivanesan.murugesan/.m2/repository/com/github/docker-java/docker-java-transport/3.4.0/docker-java-transport-3.4.0.jar:/Users/sivanesan.murugesan/.m2/repository/net/java/dev/jna/jna/5.13.0/jna-5.13.0.jar:/Users/sivanesan.murugesan/.m2/repository/org/brotli/dec/0.1.2/dec-0.1.2.jar:/Users/sivanesan.murugesan/.m2/repository/org/apache/commons/commons-lang3/3.14.0/commons-lang3-3.14.0.jar:/Users/sivanesan.murugesan/.m2/repository/org/apache/commons/commons-compress/1.26.2/commons-compress-1.26.2.jar:/Users/sivanesan.murugesan/.m2/repository/commons-io/commons-io/2.16.1/commons-io-2.16.1.jar:/Users/sivanesan.murugesan/.m2/repository/org/apache/httpcomponents/client5/httpclient5/5.3.1/httpclient5-5.3.1.jar:/Users/sivanesan.murugesan/.m2/repository/org/apache/httpcomponents/core5/httpcore5/5.2.5/httpcore5-5.2.5.jar:/Users/sivanesan.murugesan/.m2/repository/org/apache/httpcomponents/core5/httpcore5-h2/5.2.5/httpcore5-h2-5.2.5.jar:/Users/sivanesan.murugesan/.m2/repository/org/junit/jupiter/junit-jupiter-engine/5.10.3/junit-jupiter-engine-5.10.3.jar:/Users/sivanesan.murugesan/.m2/repository/org/junit/jupiter/junit-jupiter-api/5.10.3/junit-jupiter-api-5.10.3.jar:/Users/sivanesan.murugesan/.m2/repository/org/junit/jupiter/junit-jupiter/5.10.3/junit-jupiter-5.10.3.jar:/Users/sivanesan.murugesan/.m2/repository/org/junit/jupiter/junit-jupiter-params/5.10.3/junit-jupiter-params-5.10.3.jar:/Users/sivanesan.murugesan/.m2/repository/org/junit/platform/junit-platform-suite/1.10.1/junit-platform-suite-1.10.1.jar:/Users/sivanesan.murugesan/.m2/repository/org/junit/platform/junit-platform-suite-api/1.10.3/junit-platform-suite-api-1.10.3.jar:/Users/sivanesan.murugesan/.m2/repository/org/junit/platform/junit-platform-suite-engine/1.10.3/junit-platform-suite-engine-1.10.3.jar:/Users/sivanesan.murugesan/.m2/repository/org/junit/platform/junit-platform-suite-commons/1.10.3/junit-platform-suite-commons-1.10.3.jar:/Users/sivanesan.murugesan/.m2/repository/org/junit/platform/junit-platform-launcher/1.10.3/junit-platform-launcher-1.10.3.jar:"/>
    <property name="java.vm.vendor" value="Amazon.com Inc."/>
    <property name="sun.arch.data.model" value="64"/>
    <property name="java.vendor.url" value="https://aws.amazon.com/corretto/"/>
    <property name="user.timezone" value="America/Los_Angeles"/>
    <property name="os.name" value="Mac OS X"/>
    <property name="java.vm.specification.version" value="17"/>
    <property name="sun.java.launcher" value="SUN_STANDARD"/>
    <property name="user.country" value="US"/>
    <property name="sun.boot.library.path" value="/usr/local/Cellar/sdkman-cli/5.19.0/libexec/candidates/java/17.0.14-amzn/lib"/>
    <property name="sun.java.command" value="/Users/sivanesan.murugesan/Downloads/Siva_j3s/fintech-test-suites-fixed/target/surefire/surefirebooter-20250928145647021_3.jar /Users/sivanesan.murugesan/Downloads/Siva_j3s/fintech-test-suites-fixed/target/surefire 2025-09-28T14-56-46_948-jvmRun1 surefire-20250928145647021_1tmp surefire_0-20250928145647021_2tmp"/>
    <property name="http.nonProxyHosts" value="local|*.local|169.254/16|*.169.254/16"/>
    <property name="jdk.debug" value="release"/>
    <property name="surefire.test.class.path" value="/Users/sivanesan.murugesan/Downloads/Siva_j3s/fintech-test-suites-fixed/target/test-classes:/Users/sivanesan.murugesan/Downloads/Siva_j3s/fintech-test-suites-fixed/target/classes:/Users/sivanesan.murugesan/.m2/repository/io/cucumber/cucumber-spring/7.17.0/cucumber-spring-7.17.0.jar:/Users/sivanesan.murugesan/.m2/repository/io/cucumber/cucumber-core/7.17.0/cucumber-core-7.17.0.jar:/Users/sivanesan.murugesan/.m2/repository/io/cucumber/cucumber-gherkin/7.17.0/cucumber-gherkin-7.17.0.jar:/Users/sivanesan.murugesan/.m2/repository/io/cucumber/cucumber-gherkin-messages/7.17.0/cucumber-gherkin-messages-7.17.0.jar:/Users/sivanesan.murugesan/.m2/repository/io/cucumber/gherkin/28.0.0/gherkin-28.0.0.jar:/Users/sivanesan.murugesan/.m2/repository/io/cucumber/messages/24.1.0/messages-24.1.0.jar:/Users/sivanesan.murugesan/.m2/repository/io/cucumber/testng-xml-formatter/0.1.0/testng-xml-formatter-0.1.0.jar:/Users/sivanesan.murugesan/.m2/repository/io/cucumber/query/12.2.0/query-12.2.0.jar:/Users/sivanesan.murugesan/.m2/repository/io/cucumber/tag-expressions/6.1.0/tag-expressions-6.1.0.jar:/Users/sivanesan.murugesan/.m2/repository/io/cucumber/cucumber-expressions/17.1.0/cucumber-expressions-17.1.0.jar:/Users/sivanesan.murugesan/.m2/repository/io/cucumber/datatable/7.17.0/datatable-7.17.0.jar:/Users/sivanesan.murugesan/.m2/repository/io/cucumber/cucumber-plugin/7.17.0/cucumber-plugin-7.17.0.jar:/Users/sivanesan.murugesan/.m2/repository/io/cucumber/docstring/7.17.0/docstring-7.17.0.jar:/Users/sivanesan.murugesan/.m2/repository/io/cucumber/html-formatter/21.3.1/html-formatter-21.3.1.jar:/Users/sivanesan.murugesan/.m2/repository/io/cucumber/junit-xml-formatter/0.4.0/junit-xml-formatter-0.4.0.jar:/Users/sivanesan.murugesan/.m2/repository/io/cucumber/ci-environment/10.0.1/ci-environment-10.0.1.jar:/Users/sivanesan.murugesan/.m2/repository/org/apiguardian/apiguardian-api/1.1.2/apiguardian-api-1.1.2.jar:/Users/sivanesan.murugesan/.m2/repository/org/springframework/boot/spring-boot-starter-web/3.3.2/spring-boot-starter-web-3.3.2.jar:/Users/sivanesan.murugesan/.m2/repository/org/springframework/boot/spring-boot-starter/3.3.2/spring-boot-starter-3.3.2.jar:/Users/sivanesan.murugesan/.m2/repository/org/springframework/boot/spring-boot/3.3.2/spring-boot-3.3.2.jar:/Users/sivanesan.murugesan/.m2/repository/org/springframework/boot/spring-boot-autoconfigure/3.3.2/spring-boot-autoconfigure-3.3.2.jar:/Users/sivanesan.murugesan/.m2/repository/org/springframework/boot/spring-boot-starter-logging/3.3.2/spring-boot-starter-logging-3.3.2.jar:/Users/sivanesan.murugesan/.m2/repository/ch/qos/logback/logback-classic/1.5.6/logback-classic-1.5.6.jar:/Users/sivanesan.murugesan/.m2/repository/ch/qos/logback/logback-core/1.5.6/logback-core-1.5.6.jar:/Users/sivanesan.murugesan/.m2/repository/org/apache/logging/log4j/log4j-to-slf4j/2.23.1/log4j-to-slf4j-2.23.1.jar:/Users/sivanesan.murugesan/.m2/repository/org/apache/logging/log4j/log4j-api/2.23.1/log4j-api-2.23.1.jar:/Users/sivanesan.murugesan/.m2/repository/org/slf4j/jul-to-slf4j/2.0.13/jul-to-slf4j-2.0.13.jar:/Users/sivanesan.murugesan/.m2/repository/jakarta/annotation/jakarta.annotation-api/2.1.1/jakarta.annotation-api-2.1.1.jar:/Users/sivanesan.murugesan/.m2/repository/org/yaml/snakeyaml/2.2/snakeyaml-2.2.jar:/Users/sivanesan.murugesan/.m2/repository/org/springframework/boot/spring-boot-starter-json/3.3.2/spring-boot-starter-json-3.3.2.jar:/Users/sivanesan.murugesan/.m2/repository/com/fasterxml/jackson/core/jackson-databind/2.17.2/jackson-databind-2.17.2.jar:/Users/sivanesan.murugesan/.m2/repository/com/fasterxml/jackson/core/jackson-annotations/2.17.2/jackson-annotations-2.17.2.jar:/Users/sivanesan.murugesan/.m2/repository/com/fasterxml/jackson/core/jackson-core/2.17.2/jackson-core-2.17.2.jar:/Users/sivanesan.murugesan/.m2/repository/com/fasterxml/jackson/datatype/jackson-datatype-jdk8/2.17.2/jackson-datatype-jdk8-2.17.2.jar:/Users/sivanesan.murugesan/.m2/repository/com/fasterxml/jackson/datatype/jackson-datatype-jsr310/2.17.2/jackson-datatype-jsr310-2.17.2.jar:/Users/sivanesan.murugesan/.m2/repository/com/fasterxml/jackson/module/jackson-module-parameter-names/2.17.2/jackson-module-parameter-names-2.17.2.jar:/Users/sivanesan.murugesan/.m2/repository/org/springframework/boot/spring-boot-starter-tomcat/3.3.2/spring-boot-starter-tomcat-3.3.2.jar:/Users/sivanesan.murugesan/.m2/repository/org/apache/tomcat/embed/tomcat-embed-core/10.1.26/tomcat-embed-core-10.1.26.jar:/Users/sivanesan.murugesan/.m2/repository/org/apache/tomcat/embed/tomcat-embed-el/10.1.26/tomcat-embed-el-10.1.26.jar:/Users/sivanesan.murugesan/.m2/repository/org/apache/tomcat/embed/tomcat-embed-websocket/10.1.26/tomcat-embed-websocket-10.1.26.jar:/Users/sivanesan.murugesan/.m2/repository/org/springframework/spring-web/6.1.11/spring-web-6.1.11.jar:/Users/sivanesan.murugesan/.m2/repository/org/springframework/spring-beans/6.1.11/spring-beans-6.1.11.jar:/Users/sivanesan.murugesan/.m2/repository/io/micrometer/micrometer-observation/1.13.2/micrometer-observation-1.13.2.jar:/Users/sivanesan.murugesan/.m2/repository/io/micrometer/micrometer-commons/1.13.2/micrometer-commons-1.13.2.jar:/Users/sivanesan.murugesan/.m2/repository/org/springframework/spring-webmvc/6.1.11/spring-webmvc-6.1.11.jar:/Users/sivanesan.murugesan/.m2/repository/org/springframework/spring-aop/6.1.11/spring-aop-6.1.11.jar:/Users/sivanesan.murugesan/.m2/repository/org/springframework/spring-context/6.1.11/spring-context-6.1.11.jar:/Users/sivanesan.murugesan/.m2/repository/org/springframework/spring-expression/6.1.11/spring-expression-6.1.11.jar:/Users/sivanesan.murugesan/.m2/repository/org/springframework/boot/spring-boot-starter-test/3.3.2/spring-boot-starter-test-3.3.2.jar:/Users/sivanesan.murugesan/.m2/repository/org/springframework/boot/spring-boot-test/3.3.2/spring-boot-test-3.3.2.jar:/Users/sivanesan.murugesan/.m2/repository/org/springframework/boot/spring-boot-test-autoconfigure/3.3.2/spring-boot-test-autoconfigure-3.3.2.jar:/Users/sivanesan.murugesan/.m2/repository/com/jayway/jsonpath/json-path/2.9.0/json-path-2.9.0.jar:/Users/sivanesan.murugesan/.m2/repository/jakarta/xml/bind/jakarta.xml.bind-api/4.0.2/jakarta.xml.bind-api-4.0.2.jar:/Users/sivanesan.murugesan/.m2/repository/jakarta/activation/jakarta.activation-api/2.1.3/jakarta.activation-api-2.1.3.jar:/Users/sivanesan.murugesan/.m2/repository/net/minidev/json-smart/2.5.1/json-smart-2.5.1.jar:/Users/sivanesan.murugesan/.m2/repository/net/minidev/accessors-smart/2.5.1/accessors-smart-2.5.1.jar:/Users/sivanesan.murugesan/.m2/repository/org/ow2/asm/asm/9.6/asm-9.6.jar:/Users/sivanesan.murugesan/.m2/repository/org/assertj/assertj-core/3.25.3/assertj-core-3.25.3.jar:/Users/sivanesan.murugesan/.m2/repository/net/bytebuddy/byte-buddy/1.14.18/byte-buddy-1.14.18.jar:/Users/sivanesan.murugesan/.m2/repository/org/awaitility/awaitility/4.2.1/awaitility-4.2.1.jar:/Users/sivanesan.murugesan/.m2/repository/org/hamcrest/hamcrest/2.2/hamcrest-2.2.jar:/Users/sivanesan.murugesan/.m2/repository/org/mockito/mockito-core/5.11.0/mockito-core-5.11.0.jar:/Users/sivanesan.murugesan/.m2/repository/net/bytebuddy/byte-buddy-agent/1.14.18/byte-buddy-agent-1.14.18.jar:/Users/sivanesan.murugesan/.m2/repository/org/objenesis/objenesis/3.3/objenesis-3.3.jar:/Users/sivanesan.murugesan/.m2/repository/org/mockito/mockito-junit-jupiter/5.11.0/mockito-junit-jupiter-5.11.0.jar:/Users/sivanesan.murugesan/.m2/repository/org/skyscreamer/jsonassert/1.5.3/jsonassert-1.5.3.jar:/Users/sivanesan.murugesan/.m2/repository/com/vaadin/external/google/android-json/0.0.20131108.vaadin1/android-json-0.0.20131108.vaadin1.jar:/Users/sivanesan.murugesan/.m2/repository/org/springframework/spring-core/6.1.11/spring-core-6.1.11.jar:/Users/sivanesan.murugesan/.m2/repository/org/springframework/spring-jcl/6.1.11/spring-jcl-6.1.11.jar:/Users/sivanesan.murugesan/.m2/repository/org/springframework/spring-test/6.1.11/spring-test-6.1.11.jar:/Users/sivanesan.murugesan/.m2/repository/org/xmlunit/xmlunit-core/2.9.1/xmlunit-core-2.9.1.jar:/Users/sivanesan.murugesan/.m2/repository/io/cucumber/cucumber-java/7.17.0/cucumber-java-7.17.0.jar:/Users/sivanesan.murugesan/.m2/repository/io/cucumber/cucumber-junit-platform-engine/7.17.0/cucumber-junit-platform-engine-7.17.0.jar:/Users/sivanesan.murugesan/.m2/repository/org/junit/platform/junit-platform-engine/1.10.3/junit-platform-engine-1.10.3.jar:/Users/sivanesan.murugesan/.m2/repository/org/opentest4j/opentest4j/1.3.0/opentest4j-1.3.0.jar:/Users/sivanesan.murugesan/.m2/repository/org/junit/platform/junit-platform-commons/1.10.3/junit-platform-commons-1.10.3.jar:/Users/sivanesan.murugesan/.m2/repository/io/rest-assured/rest-assured/5.4.0/rest-assured-5.4.0.jar:/Users/sivanesan.murugesan/.m2/repository/org/apache/groovy/groovy/4.0.22/groovy-4.0.22.jar:/Users/sivanesan.murugesan/.m2/repository/org/apache/groovy/groovy-xml/4.0.22/groovy-xml-4.0.22.jar:/Users/sivanesan.murugesan/.m2/repository/org/apache/httpcomponents/httpclient/4.5.13/httpclient-4.5.13.jar:/Users/sivanesan.murugesan/.m2/repository/org/apache/httpcomponents/httpcore/4.4.16/httpcore-4.4.16.jar:/Users/sivanesan.murugesan/.m2/repository/commons-logging/commons-logging/1.2/commons-logging-1.2.jar:/Users/sivanesan.murugesan/.m2/repository/commons-codec/commons-codec/1.16.1/commons-codec-1.16.1.jar:/Users/sivanesan.murugesan/.m2/repository/org/apache/httpcomponents/httpmime/4.5.13/httpmime-4.5.13.jar:/Users/sivanesan.murugesan/.m2/repository/org/ccil/cowan/tagsoup/tagsoup/1.2.1/tagsoup-1.2.1.jar:/Users/sivanesan.murugesan/.m2/repository/io/rest-assured/xml-path/5.4.0/xml-path-5.4.0.jar:/Users/sivanesan.murugesan/.m2/repository/io/rest-assured/json-path/5.4.0/json-path-5.4.0.jar:/Users/sivanesan.murugesan/.m2/repository/org/apache/groovy/groovy-json/4.0.22/groovy-json-4.0.22.jar:/Users/sivanesan.murugesan/.m2/repository/io/rest-assured/rest-assured-common/5.4.0/rest-assured-common-5.4.0.jar:/Users/sivanesan.murugesan/.m2/repository/io/rest-assured/json-schema-validator/5.4.0/json-schema-validator-5.4.0.jar:/Users/sivanesan.murugesan/.m2/repository/com/github/java-json-tools/json-schema-validator/2.2.14/json-schema-validator-2.2.14.jar:/Users/sivanesan.murugesan/.m2/repository/com/github/java-json-tools/jackson-coreutils-equivalence/1.0/jackson-coreutils-equivalence-1.0.jar:/Users/sivanesan.murugesan/.m2/repository/com/github/java-json-tools/jackson-coreutils/2.0/jackson-coreutils-2.0.jar:/Users/sivanesan.murugesan/.m2/repository/com/github/java-json-tools/msg-simple/1.2/msg-simple-1.2.jar:/Users/sivanesan.murugesan/.m2/repository/com/github/java-json-tools/btf/1.3/btf-1.3.jar:/Users/sivanesan.murugesan/.m2/repository/com/github/java-json-tools/json-schema-core/1.2.14/json-schema-core-1.2.14.jar:/Users/sivanesan.murugesan/.m2/repository/com/github/java-json-tools/uri-template/0.10/uri-template-0.10.jar:/Users/sivanesan.murugesan/.m2/repository/org/mozilla/rhino/1.7.7.2/rhino-1.7.7.2.jar:/Users/sivanesan.murugesan/.m2/repository/com/sun/mail/mailapi/1.6.2/mailapi-1.6.2.jar:/Users/sivanesan.murugesan/.m2/repository/joda-time/joda-time/2.10.5/joda-time-2.10.5.jar:/Users/sivanesan.murugesan/.m2/repository/com/googlecode/libphonenumber/libphonenumber/8.11.1/libphonenumber-8.11.1.jar:/Users/sivanesan.murugesan/.m2/repository/com/google/code/findbugs/jsr305/3.0.2/jsr305-3.0.2.jar:/Users/sivanesan.murugesan/.m2/repository/net/sf/jopt-simple/jopt-simple/5.0.4/jopt-simple-5.0.4.jar:/Users/sivanesan.murugesan/.m2/repository/com/google/guava/guava/32.0.1-jre/guava-32.0.1-jre.jar:/Users/sivanesan.murugesan/.m2/repository/com/google/guava/failureaccess/1.0.1/failureaccess-1.0.1.jar:/Users/sivanesan.murugesan/.m2/repository/com/google/guava/listenablefuture/9999.0-empty-to-avoid-conflict-with-guava/listenablefuture-9999.0-empty-to-avoid-conflict-with-guava.jar:/Users/sivanesan.murugesan/.m2/repository/org/checkerframework/checker-qual/3.33.0/checker-qual-3.33.0.jar:/Users/sivanesan.murugesan/.m2/repository/com/google/errorprone/error_prone_annotations/2.18.0/error_prone_annotations-2.18.0.jar:/Users/sivanesan.murugesan/.m2/repository/com/google/j2objc/j2objc-annotations/2.8/j2objc-annotations-2.8.jar:/Users/sivanesan.murugesan/.m2/repository/org/seleniumhq/selenium/selenium-java/4.23.0/selenium-java-4.23.0.jar:/Users/sivanesan.murugesan/.m2/repository/org/seleniumhq/selenium/selenium-api/4.19.1/selenium-api-4.19.1.jar:/Users/sivanesan.murugesan/.m2/repository/org/seleniumhq/selenium/selenium-chrome-driver/4.19.1/selenium-chrome-driver-4.19.1.jar:/Users/sivanesan.murugesan/.m2/repository/com/google/auto/service/auto-service-annotations/1.1.1/auto-service-annotations-1.1.1.jar:/Users/sivanesan.murugesan/.m2/repository/org/seleniumhq/selenium/selenium-chromium-driver/4.19.1/selenium-chromium-driver-4.19.1.jar:/Users/sivanesan.murugesan/.m2/repository/org/seleniumhq/selenium/selenium-json/4.19.1/selenium-json-4.19.1.jar:/Users/sivanesan.murugesan/.m2/repository/org/seleniumhq/selenium/selenium-manager/4.19.1/selenium-manager-4.19.1.jar:/Users/sivanesan.murugesan/.m2/repository/org/seleniumhq/selenium/selenium-devtools-v125/4.23.0/selenium-devtools-v125-4.23.0.jar:/Users/sivanesan.murugesan/.m2/repository/org/seleniumhq/selenium/selenium-devtools-v126/4.23.0/selenium-devtools-v126-4.23.0.jar:/Users/sivanesan.murugesan/.m2/repository/org/seleniumhq/selenium/selenium-devtools-v127/4.23.0/selenium-devtools-v127-4.23.0.jar:/Users/sivanesan.murugesan/.m2/repository/org/seleniumhq/selenium/selenium-devtools-v85/4.19.1/selenium-devtools-v85-4.19.1.jar:/Users/sivanesan.murugesan/.m2/repository/org/seleniumhq/selenium/selenium-edge-driver/4.19.1/selenium-edge-driver-4.19.1.jar:/Users/sivanesan.murugesan/.m2/repository/org/seleniumhq/selenium/selenium-firefox-driver/4.19.1/selenium-firefox-driver-4.19.1.jar:/Users/sivanesan.murugesan/.m2/repository/org/seleniumhq/selenium/selenium-http/4.19.1/selenium-http-4.19.1.jar:/Users/sivanesan.murugesan/.m2/repository/dev/failsafe/failsafe/3.3.2/failsafe-3.3.2.jar:/Users/sivanesan.murugesan/.m2/repository/org/seleniumhq/selenium/selenium-ie-driver/4.19.1/selenium-ie-driver-4.19.1.jar:/Users/sivanesan.murugesan/.m2/repository/org/seleniumhq/selenium/selenium-remote-driver/4.19.1/selenium-remote-driver-4.19.1.jar:/Users/sivanesan.murugesan/.m2/repository/io/opentelemetry/semconv/opentelemetry-semconv/1.23.1-alpha/opentelemetry-semconv-1.23.1-alpha.jar:/Users/sivanesan.murugesan/.m2/repository/io/opentelemetry/opentelemetry-api/1.37.0/opentelemetry-api-1.37.0.jar:/Users/sivanesan.murugesan/.m2/repository/io/opentelemetry/opentelemetry-context/1.37.0/opentelemetry-context-1.37.0.jar:/Users/sivanesan.murugesan/.m2/repository/io/opentelemetry/opentelemetry-exporter-logging/1.37.0/opentelemetry-exporter-logging-1.37.0.jar:/Users/sivanesan.murugesan/.m2/repository/io/opentelemetry/opentelemetry-sdk-common/1.37.0/opentelemetry-sdk-common-1.37.0.jar:/Users/sivanesan.murugesan/.m2/repository/io/opentelemetry/opentelemetry-sdk-extension-autoconfigure-spi/1.37.0/opentelemetry-sdk-extension-autoconfigure-spi-1.37.0.jar:/Users/sivanesan.murugesan/.m2/repository/io/opentelemetry/opentelemetry-sdk-extension-autoconfigure/1.37.0/opentelemetry-sdk-extension-autoconfigure-1.37.0.jar:/Users/sivanesan.murugesan/.m2/repository/io/opentelemetry/opentelemetry-api-incubator/1.37.0-alpha/opentelemetry-api-incubator-1.37.0-alpha.jar:/Users/sivanesan.murugesan/.m2/repository/io/opentelemetry/opentelemetry-sdk-trace/1.37.0/opentelemetry-sdk-trace-1.37.0.jar:/Users/sivanesan.murugesan/.m2/repository/io/opentelemetry/opentelemetry-sdk/1.37.0/opentelemetry-sdk-1.37.0.jar:/Users/sivanesan.murugesan/.m2/repository/io/opentelemetry/opentelemetry-sdk-metrics/1.37.0/opentelemetry-sdk-metrics-1.37.0.jar:/Users/sivanesan.murugesan/.m2/repository/io/opentelemetry/opentelemetry-sdk-logs/1.37.0/opentelemetry-sdk-logs-1.37.0.jar:/Users/sivanesan.murugesan/.m2/repository/org/seleniumhq/selenium/selenium-os/4.19.1/selenium-os-4.19.1.jar:/Users/sivanesan.murugesan/.m2/repository/org/apache/commons/commons-exec/1.3/commons-exec-1.3.jar:/Users/sivanesan.murugesan/.m2/repository/org/seleniumhq/selenium/selenium-safari-driver/4.19.1/selenium-safari-driver-4.19.1.jar:/Users/sivanesan.murugesan/.m2/repository/org/seleniumhq/selenium/selenium-support/4.19.1/selenium-support-4.19.1.jar:/Users/sivanesan.murugesan/.m2/repository/io/github/bonigarcia/webdrivermanager/5.9.2/webdrivermanager-5.9.2.jar:/Users/sivanesan.murugesan/.m2/repository/org/slf4j/slf4j-api/2.0.13/slf4j-api-2.0.13.jar:/Users/sivanesan.murugesan/.m2/repository/com/google/code/gson/gson/2.10.1/gson-2.10.1.jar:/Users/sivanesan.murugesan/.m2/repository/com/github/docker-java/docker-java/3.4.0/docker-java-3.4.0.jar:/Users/sivanesan.murugesan/.m2/repository/com/github/docker-java/docker-java-core/3.4.0/docker-java-core-3.4.0.jar:/Users/sivanesan.murugesan/.m2/repository/com/github/docker-java/docker-java-api/3.4.0/docker-java-api-3.4.0.jar:/Users/sivanesan.murugesan/.m2/repository/org/slf4j/jcl-over-slf4j/2.0.13/jcl-over-slf4j-2.0.13.jar:/Users/sivanesan.murugesan/.m2/repository/com/github/docker-java/docker-java-transport-httpclient5/3.4.0/docker-java-transport-httpclient5-3.4.0.jar:/Users/sivanesan.murugesan/.m2/repository/com/github/docker-java/docker-java-transport/3.4.0/docker-java-transport-3.4.0.jar:/Users/sivanesan.murugesan/.m2/repository/net/java/dev/jna/jna/5.13.0/jna-5.13.0.jar:/Users/sivanesan.murugesan/.m2/repository/org/brotli/dec/0.1.2/dec-0.1.2.jar:/Users/sivanesan.murugesan/.m2/repository/org/apache/commons/commons-lang3/3.14.0/commons-lang3-3.14.0.jar:/Users/sivanesan.murugesan/.m2/repository/org/apache/commons/commons-compress/1.26.2/commons-compress-1.26.2.jar:/Users/sivanesan.murugesan/.m2/repository/commons-io/commons-io/2.16.1/commons-io-2.16.1.jar:/Users/sivanesan.murugesan/.m2/repository/org/apache/httpcomponents/client5/httpclient5/5.3.1/httpclient5-5.3.1.jar:/Users/sivanesan.murugesan/.m2/repository/org/apache/httpcomponents/core5/httpcore5/5.2.5/httpcore5-5.2.5.jar:/Users/sivanesan.murugesan/.m2/repository/org/apache/httpcomponents/core5/httpcore5-h2/5.2.5/httpcore5-h2-5.2.5.jar:/Users/sivanesan.murugesan/.m2/repository/org/junit/jupiter/junit-jupiter-engine/5.10.3/junit-jupiter-engine-5.10.3.jar:/Users/sivanesan.murugesan/.m2/repository/org/junit/jupiter/junit-jupiter-api/5.10.3/junit-jupiter-api-5.10.3.jar:/Users/sivanesan.murugesan/.m2/repository/org/junit/jupiter/junit-jupiter/5.10.3/junit-jupiter-5.10.3.jar:/Users/sivanesan.murugesan/.m2/repository/org/junit/jupiter/junit-jupiter-params/5.10.3/junit-jupiter-params-5.10.3.jar:/Users/sivanesan.murugesan/.m2/repository/org/junit/platform/junit-platform-suite/1.10.1/junit-platform-suite-1.10.1.jar:/Users/sivanesan.murugesan/.m2/repository/org/junit/platform/junit-platform-suite-api/1.10.3/junit-platform-suite-api-1.10.3.jar:/Users/sivanesan.murugesan/.m2/repository/org/junit/platform/junit-platform-suite-engine/1.10.3/junit-platform-suite-engine-1.10.3.jar:/Users/sivanesan.murugesan/.m2/repository/org/junit/platform/junit-platform-suite-commons/1.10.3/junit-platform-suite-commons-1.10.3.jar:/Users/sivanesan.murugesan/.m2/repository/org/junit/platform/junit-platform-launcher/1.10.3/junit-platform-launcher-1.10.3.jar:"/>
    <property name="sun.cpu.endian" value="little"/>
    <property name="user.home" value="/Users/sivanesan.murugesan"/>
    <property name="user.language" value="en"/>
    <property name="java.specification.vendor" value="Oracle Corporation"/>
    <property name="java.version.date" value="2025-01-21"/>
    <property name="java.home" value="/usr/local/Cellar/sdkman-cli/5.19.0/libexec/candidates/java/17.0.14-amzn"/>
    <property name="file.separator" value="/"/>
    <property name="basedir" value="/Users/sivanesan.murugesan/Downloads/Siva_j3s/fintech-test-suites-fixed"/>
    <property name="java.vm.compressedOopsMode" value="Zero based"/>
    <property name="line.separator" value="&#10;"/>
    <property name="java.vm.specification.vendor" value="Oracle Corporation"/>
    <property name="java.specification.name" value="Java Platform API Specification"/>
    <property name="FILE_LOG_CHARSET" value="UTF-8"/>
    <property name="java.awt.headless" value="true"/>
    <property name="surefire.real.class.path" value="/Users/sivanesan.murugesan/Downloads/Siva_j3s/fintech-test-suites-fixed/target/surefire/surefirebooter-20250928145647021_3.jar"/>
    <property name="sun.management.compiler" value="HotSpot 64-Bit Tiered Compilers"/>
    <property name="ftp.nonProxyHosts" value="local|*.local|169.254/16|*.169.254/16"/>
    <property name="cucumber.plugin" value="pretty, summary, junit:target/cucumber-junit.xml, html:target/cucumber-report.html"/>
    <property name="java.runtime.version" value="17.0.14+7-LTS"/>
    <property name="user.name" value="sivanesan.murugesan"/>
    <property name="path.separator" value=":"/>
    <property name="os.version" value="15.6"/>
    <property name="java.runtime.name" value="OpenJDK Runtime Environment"/>
    <property name="file.encoding" value="UTF-8"/>
    <property name="java.vm.name" value="OpenJDK 64-Bit Server VM"/>
    <property name="java.vendor.version" value="Corretto-17.0.14.7.1"/>
    <property name="localRepository" value="/Users/sivanesan.murugesan/.m2/repository"/>
    <property name="java.vendor.url.bug" value="https://github.com/corretto/corretto-17/issues/"/>
    <property name="java.io.tmpdir" value="/var/folders/cp/6vgb87s90v7cklh9cdmfc4440000gn/T/"/>
    <property name="java.version" value="17.0.14"/>
    <property name="user.dir" value="/Users/sivanesan.murugesan/Downloads/Siva_j3s/fintech-test-suites-fixed"/>
    <property name="os.arch" value="x86_64"/>
    <property name="java.vm.specification.name" value="Java Virtual Machine Specification"/>
    <property name="PID" value="30688"/>
    <property name="CONSOLE_LOG_CHARSET" value="UTF-8"/>
    <property name="native.encoding" value="UTF-8"/>
    <property name="java.library.path" value="/Users/sivanesan.murugesan/Library/Java/Extensions:/Library/Java/Extensions:/Network/Library/Java/Extensions:/System/Library/Java/Extensions:/usr/lib/java:."/>
    <property name="java.vm.info" value="mixed mode, sharing"/>
    <property name="java.vendor" value="Amazon.com Inc."/>
    <property name="java.vm.version" value="17.0.14+7-LTS"/>
    <property name="java.specification.maintenance.version" value="1"/>
    <property name="sun.io.unicode.encoding" value="UnicodeBig"/>
    <property name="socksNonProxyHosts" value="local|*.local|169.254/16|*.169.254/16"/>
    <property name="java.class.version" value="61.0"/>
  </properties>
  <testcase name="Create and list usersx" classname="API CRUD and data validation" time="2.793">
    <system-out><![CDATA[
  .   ____          _            __ _ _
 /\\ / ___'_ __ _ _(_)_ __  __ _ \ \ \ \
( ( )\___ | '_ | '_| | '_ \/ _` | \ \ \ \
 \\/  ___)| |_)| | | | | || (_| |  ) ) ) )
  '  |____| .__|_| |_|_| |_\__, | / / / /
 =========|_|==============|___/=/_/_/_/

 :: Spring Boot ::                (v3.3.2)

2025-09-28T14:56:48.526-07:00  INFO 30688 --- [           main] j.qa.tests.support.CucumberSpringConfig  : Starting CucumberSpringConfig using Java 17.0.14 with PID 30688 (started by sivanesan.murugesan in /Users/sivanesan.murugesan/Downloads/Siva_j3s/fintech-test-suites-fixed)
2025-09-28T14:56:48.529-07:00  INFO 30688 --- [           main] j.qa.tests.support.CucumberSpringConfig  : The following 1 profile is active: "test"
2025-09-28T14:56:48.842-07:00  INFO 30688 --- [           main] j.qa.tests.support.CucumberSpringConfig  : Started CucumberSpringConfig in 0.583 seconds (process running for 1.75)

Scenario: Create and list usersx                                                    &amp#27;[90m# features/api_crud.feature:3&amp#27;[0m
  &amp#27;[32mGiven &amp#27;[0m&amp#27;[32mthe backend base URL is set&amp#27;[0m                                                 &amp#27;[90m# j3s.qa.tests.steps.ApiStepDefs.the_backend_base_url_is_set()&amp#27;[0m
  &amp#27;[32mWhen &amp#27;[0m&amp#27;[32mI create a user with name &amp#27;[0m&amp#27;[32m&amp#27;[1m"John Doe"&amp#27;[0m&amp#27;[32m email &amp#27;[0m&amp#27;[32m&amp#27;[1m"john@example.com"&amp#27;[0m&amp#27;[32m type &amp#27;[0m&amp#27;[32m&amp#27;[1m"premium"&amp#27;[0m &amp#27;[90m# j3s.qa.tests.steps.ApiStepDefs.i_create_user(java.lang.String,java.lang.String,java.lang.String)&amp#27;[0m
  &amp#27;[32mThen &amp#27;[0m&amp#27;[32mthe response code should be &amp#27;[0m&amp#27;[32m&amp#27;[1m200&amp#27;[0m                                              &amp#27;[90m# j3s.qa.tests.steps.ApiStepDefs.the_response_code_should_be(java.lang.Integer)&amp#27;[0m
  &amp#27;[32mAnd &amp#27;[0m&amp#27;[32mthe response should contain field &amp#27;[0m&amp#27;[32m&amp#27;[1m"data.id"&amp#27;[0m                                   &amp#27;[90m# j3s.qa.tests.steps.ApiStepDefs.response_should_contain_field(java.lang.String)&amp#27;[0m
  &amp#27;[32mWhen &amp#27;[0m&amp#27;[32mI request the list of users&amp#27;[0m                                                  &amp#27;[90m# j3s.qa.tests.steps.ApiStepDefs.i_request_users()&amp#27;[0m
  &amp#27;[32mThen &amp#27;[0m&amp#27;[32mthe response code should be &amp#27;[0m&amp#27;[32m&amp#27;[1m200&amp#27;[0m                                              &amp#27;[90m# j3s.qa.tests.steps.ApiStepDefs.the_response_code_should_be(java.lang.Integer)&amp#27;[0m
  &amp#27;[32mAnd &amp#27;[0m&amp#27;[32mthe list should contain at least &amp#27;[0m&amp#27;[32m&amp#27;[1m1&amp#27;[0m&amp#27;[32m user&amp#27;[0m                                       &amp#27;[90m# j3s.qa.tests.steps.ApiStepDefs.list_contains_users(java.lang.Integer)&amp#27;[0m
]]></system-out>
  </testcase>
  <testcase name="Create transaction between two users" classname="API CRUD and data validation" time="0.081">
    <system-out><![CDATA[
Scenario: Create transaction between two users                                    &amp#27;[90m# features/api_crud.feature:12&amp#27;[0m
  &amp#27;[32mGiven &amp#27;[0m&amp#27;[32mthe backend base URL is set&amp#27;[0m                                               &amp#27;[90m# j3s.qa.tests.steps.ApiStepDefs.the_backend_base_url_is_set()&amp#27;[0m
  &amp#27;[32mAnd &amp#27;[0m&amp#27;[32mI create a user with name &amp#27;[0m&amp#27;[32m&amp#27;[1m"Alice"&amp#27;[0m&amp#27;[32m email &amp#27;[0m&amp#27;[32m&amp#27;[1m"alice@example.com"&amp#27;[0m&amp#27;[32m type &amp#27;[0m&amp#27;[32m&amp#27;[1m"standard"&amp#27;[0m &amp#27;[90m# j3s.qa.tests.steps.ApiStepDefs.i_create_user(java.lang.String,java.lang.String,java.lang.String)&amp#27;[0m
  &amp#27;[32mAnd &amp#27;[0m&amp#27;[32mI create a user with name &amp#27;[0m&amp#27;[32m&amp#27;[1m"Bob"&amp#27;[0m&amp#27;[32m email &amp#27;[0m&amp#27;[32m&amp#27;[1m"bob@example.com"&amp#27;[0m&amp#27;[32m type &amp#27;[0m&amp#27;[32m&amp#27;[1m"standard"&amp#27;[0m     &amp#27;[90m# j3s.qa.tests.steps.ApiStepDefs.i_create_user(java.lang.String,java.lang.String,java.lang.String)&amp#27;[0m
  &amp#27;[32mWhen &amp#27;[0m&amp#27;[32mI create a transfer of &amp#27;[0m&amp#27;[32m&amp#27;[1m50.25&amp#27;[0m&amp#27;[32m from the last user to the previous user&amp#27;[0m       &amp#27;[90m# j3s.qa.tests.steps.ApiStepDefs.i_create_transfer_between_last_two(double)&amp#27;[0m
  &amp#27;[32mThen &amp#27;[0m&amp#27;[32mthe response code should be &amp#27;[0m&amp#27;[32m&amp#27;[1m200&amp#27;[0m                                            &amp#27;[90m# j3s.qa.tests.steps.ApiStepDefs.the_response_code_should_be(java.lang.Integer)&amp#27;[0m
  &amp#27;[32mAnd &amp#27;[0m&amp#27;[32mthe response message should contain &amp#27;[0m&amp#27;[32m&amp#27;[1m"Transfer successful"&amp#27;[0m                   &amp#27;[90m# j3s.qa.tests.steps.ApiStepDefs.message_contains(java.lang.String)&amp#27;[0m
]]></system-out>
  </testcase>
  <testcase name="Validation errors for user creation" classname="API error handling and (placeholder) auth tests" time="0.025">
    <system-out><![CDATA[
Scenario: Validation errors for user creation                   &amp#27;[90m# features/api_errors_auth.feature:6&amp#27;[0m
  &amp#27;[32mGiven &amp#27;[0m&amp#27;[32mthe backend base URL is set&amp#27;[0m                             &amp#27;[90m# j3s.qa.tests.steps.ApiStepDefs.the_backend_base_url_is_set()&amp#27;[0m
  &amp#27;[32mWhen &amp#27;[0m&amp#27;[32mI try to create a user with invalid email &amp#27;[0m&amp#27;[32m&amp#27;[1m"not-an-email"&amp#27;[0m &amp#27;[90m# j3s.qa.tests.steps.ApiStepDefs.create_user_invalid_email(java.lang.String)&amp#27;[0m
  &amp#27;[32mThen &amp#27;[0m&amp#27;[32mthe response code should be &amp#27;[0m&amp#27;[32m&amp#27;[1m400&amp#27;[0m                          &amp#27;[90m# j3s.qa.tests.steps.ApiStepDefs.the_response_code_should_be(java.lang.Integer)&amp#27;[0m
]]></system-out>
  </testcase>
  <testcase name="Insufficient funds" classname="API error handling and (placeholder) auth tests" time="0.058">
    <system-out><![CDATA[
Scenario: Insufficient funds                                                    &amp#27;[90m# features/api_errors_auth.feature:10&amp#27;[0m
  &amp#27;[32mGiven &amp#27;[0m&amp#27;[32mthe backend base URL is set&amp#27;[0m                                             &amp#27;[90m# j3s.qa.tests.steps.ApiStepDefs.the_backend_base_url_is_set()&amp#27;[0m
  &amp#27;[32mGiven &amp#27;[0m&amp#27;[32mI create a user with name &amp#27;[0m&amp#27;[32m&amp#27;[1m"Low"&amp#27;[0m&amp#27;[32m email &amp#27;[0m&amp#27;[32m&amp#27;[1m"low@example.com"&amp#27;[0m&amp#27;[32m type &amp#27;[0m&amp#27;[32m&amp#27;[1m"standard"&amp#27;[0m &amp#27;[90m# j3s.qa.tests.steps.ApiStepDefs.i_create_user(java.lang.String,java.lang.String,java.lang.String)&amp#27;[0m
  &amp#27;[32mAnd &amp#27;[0m&amp#27;[32mI create a user with name &amp#27;[0m&amp#27;[32m&amp#27;[1m"Rich"&amp#27;[0m&amp#27;[32m email &amp#27;[0m&amp#27;[32m&amp#27;[1m"rich@example.com"&amp#27;[0m&amp#27;[32m type &amp#27;[0m&amp#27;[32m&amp#27;[1m"standard"&amp#27;[0m &amp#27;[90m# j3s.qa.tests.steps.ApiStepDefs.i_create_user(java.lang.String,java.lang.String,java.lang.String)&amp#27;[0m
  &amp#27;[32mWhen &amp#27;[0m&amp#27;[32mI create a transfer of &amp#27;[0m&amp#27;[32m&amp#27;[1m2000.00&amp#27;[0m&amp#27;[32m from the last user to the previous user&amp#27;[0m   &amp#27;[90m# j3s.qa.tests.steps.ApiStepDefs.i_create_transfer_between_last_two(double)&amp#27;[0m
  &amp#27;[32mThen &amp#27;[0m&amp#27;[32mthe response code should be &amp#27;[0m&amp#27;[32m&amp#27;[1m400&amp#27;[0m                                          &amp#27;[90m# j3s.qa.tests.steps.ApiStepDefs.the_response_code_should_be(java.lang.Integer)&amp#27;[0m
  &amp#27;[32mAnd &amp#27;[0m&amp#27;[32mthe response message should contain &amp#27;[0m&amp#27;[32m&amp#27;[1m"Insufficient funds"&amp#27;[0m                  &amp#27;[90m# j3s.qa.tests.steps.ApiStepDefs.message_contains(java.lang.String)&amp#27;[0m
]]></system-out>
  </testcase>
  <testcase name="Placeholder auth test (no auth required in sample backend)" classname="API error handling and (placeholder) auth tests" time="0.033">
    <system-out><![CDATA[
Scenario: Placeholder auth test (no auth required in sample backend)                 &amp#27;[90m# features/api_errors_auth.feature:17&amp#27;[0m
  &amp#27;[32mGiven &amp#27;[0m&amp#27;[32mthe backend base URL is set&amp#27;[0m                                                  &amp#27;[90m# j3s.qa.tests.steps.ApiStepDefs.the_backend_base_url_is_set()&amp#27;[0m
  &amp#27;[32mWhen &amp#27;[0m&amp#27;[32mI create a user with name &amp#27;[0m&amp#27;[32m&amp#27;[1m"NoAuth"&amp#27;[0m&amp#27;[32m email &amp#27;[0m&amp#27;[32m&amp#27;[1m"noauth@example.com"&amp#27;[0m&amp#27;[32m type &amp#27;[0m&amp#27;[32m&amp#27;[1m"standard"&amp#27;[0m &amp#27;[90m# j3s.qa.tests.steps.ApiStepDefs.i_create_user(java.lang.String,java.lang.String,java.lang.String)&amp#27;[0m
  &amp#27;[32mThen &amp#27;[0m&amp#27;[32mthe response code should be &amp#27;[0m&amp#27;[32m&amp#27;[1m200&amp#27;[0m                                               &amp#27;[90m# j3s.qa.tests.steps.ApiStepDefs.the_response_code_should_be(java.lang.Integer)&amp#27;[0m
  &amp#27;[32mAnd &amp#27;[0m&amp#27;[32mthe response json path &amp#27;[0m&amp#27;[32m&amp#27;[1m"success"&amp#27;[0m&amp#27;[32m should be true&amp#27;[0m                                &amp#27;[90m# j3s.qa.tests.steps.ApiStepDefs.the_response_json_path_should_be_true(java.lang.String)&amp#27;[0m
]]></system-out>
  </testcase>
  <testcase name="User registration flow" classname="UI flows on mock frontend" time="2.23">
    <system-out><![CDATA[
Scenario: User registration flow                                      &amp#27;[90m# features/ui_flows.feature:7&amp#27;[0m
  &amp#27;[32mGiven &amp#27;[0m&amp#27;[32mthe mock UI server is running&amp#27;[0m                                 &amp#27;[90m# j3s.qa.tests.steps.UiStepDefs.mock_ui_running()&amp#27;[0m
  &amp#27;[32mAnd &amp#27;[0m&amp#27;[32mthe backend base URL is set&amp#27;[0m                                     &amp#27;[90m# j3s.qa.tests.steps.ApiStepDefs.the_backend_base_url_is_set()&amp#27;[0m
************getting driver....
2025-09-28T14:56:51.183-07:00  INFO 30688 --- [           main] i.g.bonigarcia.wdm.WebDriverManager      : Using chromedriver 140.0.7339.207 (resolved driver for Chrome 140)
2025-09-28T14:56:51.198-07:00  INFO 30688 --- [           main] i.g.bonigarcia.wdm.WebDriverManager      : Exporting webdriver.chrome.driver as /Users/sivanesan.murugesan/.cache/selenium/chromedriver/mac64/140.0.7339.207/chromedriver
2025-09-28T14:56:52.139-07:00  WARN 30688 --- [           main] o.o.selenium.devtools.CdpVersionFinder   : Unable to find CDP implementation matching 140
2025-09-28T14:56:52.139-07:00  WARN 30688 --- [           main] o.o.selenium.chromium.ChromiumDriver     : Unable to find version of CDP to use for 140.0.7339.208. You may need to include a dependency on a specific version of the CDP using something similar to `org.seleniumhq.selenium:selenium-devtools-v86:4.19.1` where the version ("v86") matches the version of the chromium-based browser you're using and the version number of the artifact is the same as Selenium's.
  &amp#27;[32mWhen &amp#27;[0m&amp#27;[32mI open the mock UI&amp#27;[0m                                             &amp#27;[90m# j3s.qa.tests.steps.UiStepDefs.open_mock_ui()&amp#27;[0m
  &amp#27;[32mAnd &amp#27;[0m&amp#27;[32mI register user &amp#27;[0m&amp#27;[32m&amp#27;[1m"Jane Roe"&amp#27;[0m&amp#27;[32m with &amp#27;[0m&amp#27;[32m&amp#27;[1m"jane@example.com"&amp#27;[0m&amp#27;[32m as &amp#27;[0m&amp#27;[32m&amp#27;[1m"premium"&amp#27;[0m &amp#27;[90m# j3s.qa.tests.steps.UiStepDefs.register_user(java.lang.String,java.lang.String,java.lang.String)&amp#27;[0m
  &amp#27;[32mThen &amp#27;[0m&amp#27;[32mI should see a status message containing &amp#27;[0m&amp#27;[32m&amp#27;[1m"User created"&amp#27;[0m        &amp#27;[90m# j3s.qa.tests.steps.UiStepDefs.i_should_see_a_status_message_containing(java.lang.String)&amp#27;[0m
]]></system-out>
  </testcase>
  <testcase name="Transaction creation flow" classname="UI flows on mock frontend" time="8.606">
    <system-out><![CDATA[
Scenario: Transaction creation flow                                  &amp#27;[90m# features/ui_flows.feature:12&amp#27;[0m
  &amp#27;[32mGiven &amp#27;[0m&amp#27;[32mthe mock UI server is running&amp#27;[0m                                &amp#27;[90m# j3s.qa.tests.steps.UiStepDefs.mock_ui_running()&amp#27;[0m
  &amp#27;[32mAnd &amp#27;[0m&amp#27;[32mthe backend base URL is set&amp#27;[0m                                    &amp#27;[90m# j3s.qa.tests.steps.ApiStepDefs.the_backend_base_url_is_set()&amp#27;[0m
************getting driver....
2025-09-28T14:56:53.248-07:00  INFO 30688 --- [           main] i.g.bonigarcia.wdm.WebDriverManager      : Using chromedriver 140.0.7339.207 (resolved driver for Chrome 140)
2025-09-28T14:56:53.254-07:00  INFO 30688 --- [           main] i.g.bonigarcia.wdm.WebDriverManager      : Exporting webdriver.chrome.driver as /Users/sivanesan.murugesan/.cache/selenium/chromedriver/mac64/140.0.7339.207/chromedriver
2025-09-28T14:56:53.909-07:00  WARN 30688 --- [           main] o.o.selenium.devtools.CdpVersionFinder   : Unable to find CDP implementation matching 140
2025-09-28T14:56:53.910-07:00  WARN 30688 --- [           main] o.o.selenium.chromium.ChromiumDriver     : Unable to find version of CDP to use for 140.0.7339.208. You may need to include a dependency on a specific version of the CDP using something similar to `org.seleniumhq.selenium:selenium-devtools-v86:4.19.1` where the version ("v86") matches the version of the chromium-based browser you're using and the version number of the artifact is the same as Selenium's.
  &amp#27;[32mWhen &amp#27;[0m&amp#27;[32mI open the mock UI&amp#27;[0m                                            &amp#27;[90m# j3s.qa.tests.steps.UiStepDefs.open_mock_ui()&amp#27;[0m
****user 'alice+1759096614061@example.com' in row: 230 NoAuth noauth@example.com standard 1000.00
****user 'alice+1759096614061@example.com' in row: 110 Low low@example.com standard 1000.00
****user 'alice+1759096614061@example.com' in row: 231 Jane Roe jane@example.com premium 1000.00
****user 'alice+1759096614061@example.com' in row: 111 Rich rich@example.com standard 1000.00
****user 'alice+1759096614061@example.com' in row: 232 John Doe john@example.com premium 1000.00
****user 'alice+1759096614061@example.com' in row: 112 NoAuth noauth@example.com standard 1000.00
****user 'alice+1759096614061@example.com' in row: 233 Alice alice@example.com standard 1050.25
****user 'alice+1759096614061@example.com' in row: 113 John Doe john@example.com premium 1000.00
****user 'alice+1759096614061@example.com' in row: 234 Bob bob@example.com standard 949.75
****user 'alice+1759096614061@example.com' in row: 114 Alice alice@example.com standard 1050.25
****user 'alice+1759096614061@example.com' in row: 235 Low low@example.com standard 1000.00
****user 'alice+1759096614061@example.com' in row: 115 Bob bob@example.com standard 949.75
****user 'alice+1759096614061@example.com' in row: 236 Rich rich@example.com standard 1000.00
****user 'alice+1759096614061@example.com' in row: 116 Low low@example.com standard 1000.00
****user 'alice+1759096614061@example.com' in row: 237 NoAuth noauth@example.com standard 1000.00
****user 'alice+1759096614061@example.com' in row: 117 Rich rich@example.com standard 1000.00
****user 'alice+1759096614061@example.com' in row: 238 jai jai@gmail standard 1000.00
****user 'alice+1759096614061@example.com' in row: 118 NoAuth noauth@example.com standard 1000.00
****user 'alice+1759096614061@example.com' in row: 239 jai jai@gmail standard 1000.00
****user 'alice+1759096614061@example.com' in row: 119 John Doe john@example.com premium 1000.00
****user 'alice+1759096614061@example.com' in row: 240 jai jai@gmail standard 1000.00
****user 'alice+1759096614061@example.com' in row: 120 Alice alice@example.com standard 1050.25
****user 'alice+1759096614061@example.com' in row: 241 jai jai@gmail standard 1000.00
****user 'alice+1759096614061@example.com' in row: 121 Bob bob@example.com standard 949.75
****user 'alice+1759096614061@example.com' in row: 242 jai jai@gmail standard 1000.00
****user 'alice+1759096614061@example.com' in row: 122 Low low@example.com standard 1000.00
****user 'alice+1759096614061@example.com' in row: 243 jai jai@gmail standard 1000.00
****user 'alice+1759096614061@example.com' in row: 123 Rich rich@example.com standard 1000.00
****user 'alice+1759096614061@example.com' in row: 244 jai jai@gmail standard 1000.00
****user 'alice+1759096614061@example.com' in row: 124 NoAuth noauth@example.com standard 1000.00
****user 'alice+1759096614061@example.com' in row: 245 John Doe john@example.com premium 1000.00
****user 'alice+1759096614061@example.com' in row: 125 John Doe john@example.com premium 1000.00
****user 'alice+1759096614061@example.com' in row: 246 Alice alice@example.com standard 1050.25
****user 'alice+1759096614061@example.com' in row: 126 Alice alice@example.com standard 1050.25
****user 'alice+1759096614061@example.com' in row: 247 Bob bob@example.com standard 949.75
****user 'alice+1759096614061@example.com' in row: 127 Bob bob@example.com standard 949.75
****user 'alice+1759096614061@example.com' in row: 248 Low low@example.com standard 1000.00
****user 'alice+1759096614061@example.com' in row: 128 Low low@example.com standard 1000.00
****user 'alice+1759096614061@example.com' in row: 249 Rich rich@example.com standard 1000.00
****user 'alice+1759096614061@example.com' in row: 129 Rich rich@example.com standard 1000.00
****user 'alice+1759096614061@example.com' in row: 250 NoAuth noauth@example.com standard 1000.00
****user 'alice+1759096614061@example.com' in row: 130 NoAuth noauth@example.com standard 1000.00
****user 'alice+1759096614061@example.com' in row: 251 John Doe john@example.com premium 1000.00
****user 'alice+1759096614061@example.com' in row: 131 John Doe john@example.com premium 1000.00
****user 'alice+1759096614061@example.com' in row: 252 Alice alice@example.com standard 1050.25
****user 'alice+1759096614061@example.com' in row: 132 Alice alice@example.com standard 1050.25
****user 'alice+1759096614061@example.com' in row: 253 Bob bob@example.com standard 949.75
****user 'alice+1759096614061@example.com' in row: 133 Bob bob@example.com standard 949.75
****user 'alice+1759096614061@example.com' in row: 254 Low low@example.com standard 1000.00
****user 'alice+1759096614061@example.com' in row: 134 Low low@example.com standard 1000.00
****user 'alice+1759096614061@example.com' in row: 255 Rich rich@example.com standard 1000.00
****user 'alice+1759096614061@example.com' in row: 135 Rich rich@example.com standard 1000.00
****user 'alice+1759096614061@example.com' in row: 256 NoAuth noauth@example.com standard 1000.00
****user 'alice+1759096614061@example.com' in row: 136 NoAuth noauth@example.com standard 1000.00
****user 'alice+1759096614061@example.com' in row: 257 Alice alice+1759091035833@example.com standard 1000.00
****user 'alice+1759096614061@example.com' in row: 137 John Doe john@example.com premium 1000.00
****user 'alice+1759096614061@example.com' in row: 258 Bob bob+1759091037655@example.com standard 1000.00
****user 'alice+1759096614061@example.com' in row: 138 Alice alice@example.com standard 1050.25
****user 'alice+1759096614061@example.com' in row: 259 John Doe john@example.com premium 1000.00
****user 'alice+1759096614061@example.com' in row: 139 Bob bob@example.com standard 949.75
****user 'alice+1759096614061@example.com' in row: 260 Alice alice@example.com standard 1050.25
****user 'alice+1759096614061@example.com' in row: 140 Low low@example.com standard 1000.00
****user 'alice+1759096614061@example.com' in row: 261 Bob bob@example.com standard 949.75
****user 'alice+1759096614061@example.com' in row: 141 Rich rich@example.com standard 1000.00
****user 'alice+1759096614061@example.com' in row: 262 Low low@example.com standard 1000.00
****user 'alice+1759096614061@example.com' in row: 142 NoAuth noauth@example.com standard 1000.00
****user 'alice+1759096614061@example.com' in row: 263 Rich rich@example.com standard 1000.00
****user 'alice+1759096614061@example.com' in row: 143 John Doe john@example.com premium 1000.00
****user 'alice+1759096614061@example.com' in row: 264 NoAuth noauth@example.com standard 1000.00
****user 'alice+1759096614061@example.com' in row: 144 Alice alice@example.com standard 1050.25
****user 'alice+1759096614061@example.com' in row: 265 Alice alice+1759091565158@example.com standard 1000.00
****user 'alice+1759096614061@example.com' in row: 145 Bob bob@example.com standard 949.75
****user 'alice+1759096614061@example.com' in row: 266 Bob bob+1759091567253@example.com standard 1000.00
****user 'alice+1759096614061@example.com' in row: 146 Low low@example.com standard 1000.00
****user 'alice+1759096614061@example.com' in row: 267 John Doe john@example.com premium 1000.00
****user 'alice+1759096614061@example.com' in row: 147 Rich rich@example.com standard 1000.00
****user 'alice+1759096614061@example.com' in row: 268 Alice alice@example.com standard 1050.25
****user 'alice+1759096614061@example.com' in row: 148 NoAuth noauth@example.com standard 1000.00
****user 'alice+1759096614061@example.com' in row: 269 Bob bob@example.com standard 949.75
****user 'alice+1759096614061@example.com' in row: 149 John Doe john@example.com premium 1000.00
****user 'alice+1759096614061@example.com' in row: 270 Low low@example.com standard 1000.00
****user 'alice+1759096614061@example.com' in row: 150 Alice alice@example.com standard 1050.25
****user 'alice+1759096614061@example.com' in row: 271 Rich rich@example.com standard 1000.00
****user 'alice+1759096614061@example.com' in row: 151 Bob bob@example.com standard 949.75
****user 'alice+1759096614061@example.com' in row: 272 NoAuth noauth@example.com standard 1000.00
****user 'alice+1759096614061@example.com' in row: 152 Low low@example.com standard 1000.00
****user 'alice+1759096614061@example.com' in row: 273 Alice alice+1759091629995@example.com standard 1000.00
****user 'alice+1759096614061@example.com' in row: 153 Rich rich@example.com standard 1000.00
****user 'alice+1759096614061@example.com' in row: 274 Bob bob+1759091632273@example.com standard 1000.00
****user 'alice+1759096614061@example.com' in row: 154 NoAuth noauth@example.com standard 1000.00
****user 'alice+1759096614061@example.com' in row: 275 John Doe john@example.com premium 1000.00
****user 'alice+1759096614061@example.com' in row: 155 John Doe john@example.com premium 1000.00
****user 'alice+1759096614061@example.com' in row: 276 Alice alice@example.com standard 1050.25
****user 'alice+1759096614061@example.com' in row: 156 Alice alice@example.com standard 1050.25
****user 'alice+1759096614061@example.com' in row: 277 Bob bob@example.com standard 949.75
****user 'alice+1759096614061@example.com' in row: 157 Bob bob@example.com standard 949.75
****user 'alice+1759096614061@example.com' in row: 278 Low low@example.com standard 1000.00
****user 'alice+1759096614061@example.com' in row: 158 Low low@example.com standard 1000.00
****user 'alice+1759096614061@example.com' in row: 279 Rich rich@example.com standard 1000.00
****user 'alice+1759096614061@example.com' in row: 159 Rich rich@example.com standard 1000.00
****user 'alice+1759096614061@example.com' in row: 280 NoAuth noauth@example.com standard 1000.00
****user 'alice+1759096614061@example.com' in row: 160 NoAuth noauth@example.com standard 1000.00
****user 'alice+1759096614061@example.com' in row: 281 John Doe john@example.com premium 1000.00
****user 'alice+1759096614061@example.com' in row: 161 John Doe john@example.com premium 1000.00
****user 'alice+1759096614061@example.com' in row: 282 Alice alice@example.com standard 1050.25
****user 'alice+1759096614061@example.com' in row: 162 Alice alice@example.com standard 1050.25
****user 'alice+1759096614061@example.com' in row: 283 Bob bob@example.com standard 949.75
****user 'alice+1759096614061@example.com' in row: 163 Bob bob@example.com standard 949.75
****user 'alice+1759096614061@example.com' in row: 284 Low low@example.com standard 1000.00
****user 'alice+1759096614061@example.com' in row: 164 Low low@example.com standard 1000.00
****user 'alice+1759096614061@example.com' in row: 285 Rich rich@example.com standard 1000.00
****user 'alice+1759096614061@example.com' in row: 165 Rich rich@example.com standard 1000.00
****user 'alice+1759096614061@example.com' in row: 286 NoAuth noauth@example.com standard 1000.00
****user 'alice+1759096614061@example.com' in row: 166 NoAuth noauth@example.com standard 1000.00
****user 'alice+1759096614061@example.com' in row: 287 Alice alice+1759092142789@example.com standard 1000.00
****user 'alice+1759096614061@example.com' in row: 167 John Doe john@example.com premium 1000.00
****user 'alice+1759096614061@example.com' in row: 288 Bob bob+1759092145943@example.com standard 1000.00
****user 'alice+1759096614061@example.com' in row: 168 Alice alice@example.com standard 1050.25
****user 'alice+1759096614061@example.com' in row: 289 John Doe john@example.com premium 1000.00
****user 'alice+1759096614061@example.com' in row: 169 Bob bob@example.com standard 949.75
****user 'alice+1759096614061@example.com' in row: 290 Alice alice@example.com standard 1050.25
****user 'alice+1759096614061@example.com' in row: 170 Low low@example.com standard 1000.00
****user 'alice+1759096614061@example.com' in row: 291 Bob bob@example.com standard 949.75
****user 'alice+1759096614061@example.com' in row: 171 Rich rich@example.com standard 1000.00
****user 'alice+1759096614061@example.com' in row: 292 Low low@example.com standard 1000.00
****user 'alice+1759096614061@example.com' in row: 172 NoAuth noauth@example.com standard 1000.00
****user 'alice+1759096614061@example.com' in row: 293 Rich rich@example.com standard 1000.00
****user 'alice+1759096614061@example.com' in row: 173 Alice alice+1759088118139@example.com standard 1000.00
****user 'alice+1759096614061@example.com' in row: 294 NoAuth noauth@example.com standard 1000.00
****user 'alice+1759096614061@example.com' in row: 174 Bob bob+1759088118897@example.com standard 1000.00
****user 'alice+1759096614061@example.com' in row: 295 Jane Roe jane@example.com premium 1000.00
****user 'alice+1759096614061@example.com' in row: 175 Alice alice+1759088262893@example.com standard 1000.00
****user 'alice+1759096614061@example.com' in row: 296 Alice alice+1759092171871@example.com standard 1000.00
****user 'alice+1759096614061@example.com' in row: 176 Bob bob+1759088263677@example.com standard 1000.00
****user 'alice+1759096614061@example.com' in row: 297 Bob bob+1759092174791@example.com standard 1000.00
****user 'alice+1759096614061@example.com' in row: 177 John Doe john@example.com premium 1000.00
****user 'alice+1759096614061@example.com' in row: 298 John Doe john@example.com premium 1000.00
****user 'alice+1759096614061@example.com' in row: 178 Alice alice@example.com standard 1050.25
****user 'alice+1759096614061@example.com' in row: 299 Alice alice@example.com standard 1050.25
****user 'alice+1759096614061@example.com' in row: 179 Bob bob@example.com standard 949.75
****user 'alice+1759096614061@example.com' in row: 180 Low low@example.com standard 1000.00
****user 'alice+1759096614061@example.com' in row: 181 Rich rich@example.com standard 1000.00
****user 'alice+1759096614061@example.com' in row: 182 NoAuth noauth@example.com standard 1000.00
****user 'alice+1759096614061@example.com' in row: 183 Alice alice+1759088326698@example.com standard 1000.00
****user 'alice+1759096614061@example.com' in row: 184 Bob bob+1759088327469@example.com standard 1000.00
****user 'alice+1759096614061@example.com' in row: 185 John Doe john@example.com premium 1000.00
****user 'alice+1759096614061@example.com' in row: 186 Alice alice@example.com standard 1050.25
****user 'alice+1759096614061@example.com' in row: 187 Bob bob@example.com standard 949.75
****user 'alice+1759096614061@example.com' in row: 188 Low low@example.com standard 1000.00
****user 'alice+1759096614061@example.com' in row: 189 Rich rich@example.com standard 1000.00
****user 'alice+1759096614061@example.com' in row: 190 NoAuth noauth@example.com standard 1000.00
****user 'alice+1759096614061@example.com' in row: 191 Alice alice+1759088623728@example.com standard 1000.00
****user 'alice+1759096614061@example.com' in row: 192 Bob bob+1759088624511@example.com standard 1000.00
****user 'alice+1759096614061@example.com' in row: 193 John Doe john@example.com premium 1000.00
****user 'alice+1759096614061@example.com' in row: 194 Alice alice@example.com standard 1050.25
****user 'alice+1759096614061@example.com' in row: 195 Bob bob@example.com standard 949.75
****user 'alice+1759096614061@example.com' in row: 196 Low low@example.com standard 1000.00
****user 'alice+1759096614061@example.com' in row: 197 Rich rich@example.com standard 1000.00
****user 'alice+1759096614061@example.com' in row: 198 NoAuth noauth@example.com standard 1000.00
****user 'alice+1759096614061@example.com' in row: 199 Alice alice+1759088639832@example.com standard 1000.00
****user 'alice+1759096614061@example.com' in row: 300 Bob bob@example.com standard 949.75
****user 'alice+1759096614061@example.com' in row: 301 Low low@example.com standard 1000.00
****user 'alice+1759096614061@example.com' in row: 302 Rich rich@example.com standard 1000.00
****user 'alice+1759096614061@example.com' in row: 303 NoAuth noauth@example.com standard 1000.00
****user 'alice+1759096614061@example.com' in row: 304 Jane Roe jane@example.com premium 1000.00
****user 'alice+1759096614061@example.com' in row: 305 Alice alice+1759092317547@example.com standard 1000.00
****user 'alice+1759096614061@example.com' in row: 306 Bob bob+1759092320782@example.com standard 1000.00
****user 'alice+1759096614061@example.com' in row: 307 John Doe john@example.com premium 1000.00
****user 'alice+1759096614061@example.com' in row: 308 Alice alice@example.com standard 1050.25
****user 'alice+1759096614061@example.com' in row: 309 Bob bob@example.com standard 949.75
****user 'alice+1759096614061@example.com' in row: 310 Low low@example.com standard 1000.00
****user 'alice+1759096614061@example.com' in row: 311 Rich rich@example.com standard 1000.00
****user 'alice+1759096614061@example.com' in row: 312 NoAuth noauth@example.com standard 1000.00
****user 'alice+1759096614061@example.com' in row: 313 Jane Roe jane@example.com premium 1000.00
****user 'alice+1759096614061@example.com' in row: 314 Alice alice+1759092395394@example.com standard 1000.00
****user 'alice+1759096614061@example.com' in row: 315 Bob bob+1759092398825@example.com standard 1000.00
****user 'alice+1759096614061@example.com' in row: 316 John Doe john@example.com premium 1000.00
****user 'alice+1759096614061@example.com' in row: 317 Alice alice@example.com standard 1050.25
****user 'alice+1759096614061@example.com' in row: 318 Bob bob@example.com standard 949.75
****user 'alice+1759096614061@example.com' in row: 319 Low low@example.com standard 1000.00
****user 'alice+1759096614061@example.com' in row: 320 Rich rich@example.com standard 1000.00
****user 'alice+1759096614061@example.com' in row: 200 Bob bob+1759088640618@example.com standard 1000.00
****user 'alice+1759096614061@example.com' in row: 321 NoAuth noauth@example.com standard 1000.00
****user 'alice+1759096614061@example.com' in row: 201 John Doe john@example.com premium 1000.00
****user 'alice+1759096614061@example.com' in row: 322 Jane Roe jane@example.com premium 1000.00
****user 'alice+1759096614061@example.com' in row: 202 Alice alice@example.com standard 1050.25
****user 'alice+1759096614061@example.com' in row: 323 Alice alice+1759096233896@example.com standard 1000.00
****user 'alice+1759096614061@example.com' in row: 203 Bob bob@example.com standard 949.75
****user 'alice+1759096614061@example.com' in row: 324 Bob bob+1759096237149@example.com standard 1000.00
****user 'alice+1759096614061@example.com' in row: 204 Low low@example.com standard 1000.00
****user 'alice+1759096614061@example.com' in row: 325 John Doe john@example.com premium 1000.00
****user 'alice+1759096614061@example.com' in row: 205 Rich rich@example.com standard 1000.00
****user 'alice+1759096614061@example.com' in row: 326 Alice alice@example.com standard 1050.25
****user 'alice+1759096614061@example.com' in row: 206 NoAuth noauth@example.com standard 1000.00
****user 'alice+1759096614061@example.com' in row: 327 Bob bob@example.com standard 949.75
****user 'alice+1759096614061@example.com' in row: 207 Alice alice+1759088968798@example.com standard 1000.00
****user 'alice+1759096614061@example.com' in row: 328 Low low@example.com standard 1000.00
****user 'alice+1759096614061@example.com' in row: 208 Bob bob+1759088969619@example.com standard 1000.00
****user 'alice+1759096614061@example.com' in row: 329 Rich rich@example.com standard 1000.00
****user 'alice+1759096614061@example.com' in row: 209 John Doe john@example.com premium 1000.00
****user 'alice+1759096614061@example.com' in row: 330 NoAuth noauth@example.com standard 1000.00
****user 'alice+1759096614061@example.com' in row: 210 Alice alice@example.com standard 1050.25
****user 'alice+1759096614061@example.com' in row: 331 Jane Roe jane@example.com premium 1000.00
****user 'alice+1759096614061@example.com' in row: 211 Bob bob@example.com standard 949.75
****user 'alice+1759096614061@example.com' in row: 332 Alice alice+1759096496704@example.com standard 989.50
****user 'alice+1759096614061@example.com' in row: 212 Low low@example.com standard 1000.00
****user 'alice+1759096614061@example.com' in row: 333 Bob bob+1759096500242@example.com standard 1010.50
****user 'alice+1759096614061@example.com' in row: 213 Rich rich@example.com standard 1000.00
****user 'alice+1759096614061@example.com' in row: 334 John Doe john@example.com premium 1000.00
****user 'alice+1759096614061@example.com' in row: 214 NoAuth noauth@example.com standard 1000.00
****user 'alice+1759096614061@example.com' in row: 335 Alice alice@example.com standard 1050.25
****user 'alice+1759096614061@example.com' in row: 215 Alice alice+1759089076412@example.com standard 1000.00
****user 'alice+1759096614061@example.com' in row: 336 Bob bob@example.com standard 949.75
****user 'alice+1759096614061@example.com' in row: 216 Bob bob+1759089077231@example.com standard 1000.00
****user 'alice+1759096614061@example.com' in row: 337 Low low@example.com standard 1000.00
****user 'alice+1759096614061@example.com' in row: 217 jai jai@gmail.com standard 1000.00
****user 'alice+1759096614061@example.com' in row: 338 Rich rich@example.com standard 1000.00
****user 'alice+1759096614061@example.com' in row: 218 John Doe john@example.com premium 1000.00
****user 'alice+1759096614061@example.com' in row: 339 NoAuth noauth@example.com standard 1000.00
****user 'alice+1759096614061@example.com' in row: 219 Alice alice@example.com standard 1050.25
****user 'alice+1759096614061@example.com' in row: 340 Jane Roe jane@example.com premium 1000.00
****user 'alice+1759096614061@example.com' in row: 220 Bob bob@example.com standard 949.75
****user 'alice+1759096614061@example.com' in row: 341 Alice alice+1759096614061@example.com standard 1000.00
Found user 'alice+1759096614061@example.com' in row: 341 Alice alice+1759096614061@example.com standard 1000.00
****** newUserId: 341
****user 'bob+1759096618026@example.com' in row: 230 NoAuth noauth@example.com standard 1000.00
****user 'bob+1759096618026@example.com' in row: 110 Low low@example.com standard 1000.00
****user 'bob+1759096618026@example.com' in row: 231 Jane Roe jane@example.com premium 1000.00
****user 'bob+1759096618026@example.com' in row: 111 Rich rich@example.com standard 1000.00
****user 'bob+1759096618026@example.com' in row: 232 John Doe john@example.com premium 1000.00
****user 'bob+1759096618026@example.com' in row: 112 NoAuth noauth@example.com standard 1000.00
****user 'bob+1759096618026@example.com' in row: 233 Alice alice@example.com standard 1050.25
****user 'bob+1759096618026@example.com' in row: 113 John Doe john@example.com premium 1000.00
****user 'bob+1759096618026@example.com' in row: 234 Bob bob@example.com standard 949.75
****user 'bob+1759096618026@example.com' in row: 114 Alice alice@example.com standard 1050.25
****user 'bob+1759096618026@example.com' in row: 235 Low low@example.com standard 1000.00
****user 'bob+1759096618026@example.com' in row: 115 Bob bob@example.com standard 949.75
****user 'bob+1759096618026@example.com' in row: 236 Rich rich@example.com standard 1000.00
****user 'bob+1759096618026@example.com' in row: 116 Low low@example.com standard 1000.00
****user 'bob+1759096618026@example.com' in row: 237 NoAuth noauth@example.com standard 1000.00
****user 'bob+1759096618026@example.com' in row: 117 Rich rich@example.com standard 1000.00
****user 'bob+1759096618026@example.com' in row: 238 jai jai@gmail standard 1000.00
****user 'bob+1759096618026@example.com' in row: 118 NoAuth noauth@example.com standard 1000.00
****user 'bob+1759096618026@example.com' in row: 239 jai jai@gmail standard 1000.00
****user 'bob+1759096618026@example.com' in row: 119 John Doe john@example.com premium 1000.00
****user 'bob+1759096618026@example.com' in row: 240 jai jai@gmail standard 1000.00
****user 'bob+1759096618026@example.com' in row: 120 Alice alice@example.com standard 1050.25
****user 'bob+1759096618026@example.com' in row: 241 jai jai@gmail standard 1000.00
****user 'bob+1759096618026@example.com' in row: 121 Bob bob@example.com standard 949.75
****user 'bob+1759096618026@example.com' in row: 242 jai jai@gmail standard 1000.00
****user 'bob+1759096618026@example.com' in row: 122 Low low@example.com standard 1000.00
****user 'bob+1759096618026@example.com' in row: 243 jai jai@gmail standard 1000.00
****user 'bob+1759096618026@example.com' in row: 123 Rich rich@example.com standard 1000.00
****user 'bob+1759096618026@example.com' in row: 244 jai jai@gmail standard 1000.00
****user 'bob+1759096618026@example.com' in row: 124 NoAuth noauth@example.com standard 1000.00
****user 'bob+1759096618026@example.com' in row: 245 John Doe john@example.com premium 1000.00
****user 'bob+1759096618026@example.com' in row: 125 John Doe john@example.com premium 1000.00
****user 'bob+1759096618026@example.com' in row: 246 Alice alice@example.com standard 1050.25
****user 'bob+1759096618026@example.com' in row: 126 Alice alice@example.com standard 1050.25
****user 'bob+1759096618026@example.com' in row: 247 Bob bob@example.com standard 949.75
****user 'bob+1759096618026@example.com' in row: 127 Bob bob@example.com standard 949.75
****user 'bob+1759096618026@example.com' in row: 248 Low low@example.com standard 1000.00
****user 'bob+1759096618026@example.com' in row: 128 Low low@example.com standard 1000.00
****user 'bob+1759096618026@example.com' in row: 249 Rich rich@example.com standard 1000.00
****user 'bob+1759096618026@example.com' in row: 129 Rich rich@example.com standard 1000.00
****user 'bob+1759096618026@example.com' in row: 250 NoAuth noauth@example.com standard 1000.00
****user 'bob+1759096618026@example.com' in row: 130 NoAuth noauth@example.com standard 1000.00
****user 'bob+1759096618026@example.com' in row: 251 John Doe john@example.com premium 1000.00
****user 'bob+1759096618026@example.com' in row: 131 John Doe john@example.com premium 1000.00
****user 'bob+1759096618026@example.com' in row: 252 Alice alice@example.com standard 1050.25
****user 'bob+1759096618026@example.com' in row: 132 Alice alice@example.com standard 1050.25
****user 'bob+1759096618026@example.com' in row: 253 Bob bob@example.com standard 949.75
****user 'bob+1759096618026@example.com' in row: 133 Bob bob@example.com standard 949.75
****user 'bob+1759096618026@example.com' in row: 254 Low low@example.com standard 1000.00
****user 'bob+1759096618026@example.com' in row: 134 Low low@example.com standard 1000.00
****user 'bob+1759096618026@example.com' in row: 255 Rich rich@example.com standard 1000.00
****user 'bob+1759096618026@example.com' in row: 135 Rich rich@example.com standard 1000.00
****user 'bob+1759096618026@example.com' in row: 256 NoAuth noauth@example.com standard 1000.00
****user 'bob+1759096618026@example.com' in row: 136 NoAuth noauth@example.com standard 1000.00
****user 'bob+1759096618026@example.com' in row: 257 Alice alice+1759091035833@example.com standard 1000.00
****user 'bob+1759096618026@example.com' in row: 137 John Doe john@example.com premium 1000.00
****user 'bob+1759096618026@example.com' in row: 258 Bob bob+1759091037655@example.com standard 1000.00
****user 'bob+1759096618026@example.com' in row: 138 Alice alice@example.com standard 1050.25
****user 'bob+1759096618026@example.com' in row: 259 John Doe john@example.com premium 1000.00
****user 'bob+1759096618026@example.com' in row: 139 Bob bob@example.com standard 949.75
****user 'bob+1759096618026@example.com' in row: 260 Alice alice@example.com standard 1050.25
****user 'bob+1759096618026@example.com' in row: 140 Low low@example.com standard 1000.00
****user 'bob+1759096618026@example.com' in row: 261 Bob bob@example.com standard 949.75
****user 'bob+1759096618026@example.com' in row: 141 Rich rich@example.com standard 1000.00
****user 'bob+1759096618026@example.com' in row: 262 Low low@example.com standard 1000.00
****user 'bob+1759096618026@example.com' in row: 142 NoAuth noauth@example.com standard 1000.00
****user 'bob+1759096618026@example.com' in row: 263 Rich rich@example.com standard 1000.00
****user 'bob+1759096618026@example.com' in row: 143 John Doe john@example.com premium 1000.00
****user 'bob+1759096618026@example.com' in row: 264 NoAuth noauth@example.com standard 1000.00
****user 'bob+1759096618026@example.com' in row: 144 Alice alice@example.com standard 1050.25
****user 'bob+1759096618026@example.com' in row: 265 Alice alice+1759091565158@example.com standard 1000.00
****user 'bob+1759096618026@example.com' in row: 145 Bob bob@example.com standard 949.75
****user 'bob+1759096618026@example.com' in row: 266 Bob bob+1759091567253@example.com standard 1000.00
****user 'bob+1759096618026@example.com' in row: 146 Low low@example.com standard 1000.00
****user 'bob+1759096618026@example.com' in row: 267 John Doe john@example.com premium 1000.00
****user 'bob+1759096618026@example.com' in row: 147 Rich rich@example.com standard 1000.00
****user 'bob+1759096618026@example.com' in row: 268 Alice alice@example.com standard 1050.25
****user 'bob+1759096618026@example.com' in row: 148 NoAuth noauth@example.com standard 1000.00
****user 'bob+1759096618026@example.com' in row: 269 Bob bob@example.com standard 949.75
****user 'bob+1759096618026@example.com' in row: 149 John Doe john@example.com premium 1000.00
****user 'bob+1759096618026@example.com' in row: 270 Low low@example.com standard 1000.00
****user 'bob+1759096618026@example.com' in row: 150 Alice alice@example.com standard 1050.25
****user 'bob+1759096618026@example.com' in row: 271 Rich rich@example.com standard 1000.00
****user 'bob+1759096618026@example.com' in row: 151 Bob bob@example.com standard 949.75
****user 'bob+1759096618026@example.com' in row: 272 NoAuth noauth@example.com standard 1000.00
****user 'bob+1759096618026@example.com' in row: 152 Low low@example.com standard 1000.00
****user 'bob+1759096618026@example.com' in row: 273 Alice alice+1759091629995@example.com standard 1000.00
****user 'bob+1759096618026@example.com' in row: 153 Rich rich@example.com standard 1000.00
****user 'bob+1759096618026@example.com' in row: 274 Bob bob+1759091632273@example.com standard 1000.00
****user 'bob+1759096618026@example.com' in row: 154 NoAuth noauth@example.com standard 1000.00
****user 'bob+1759096618026@example.com' in row: 275 John Doe john@example.com premium 1000.00
****user 'bob+1759096618026@example.com' in row: 155 John Doe john@example.com premium 1000.00
****user 'bob+1759096618026@example.com' in row: 276 Alice alice@example.com standard 1050.25
****user 'bob+1759096618026@example.com' in row: 156 Alice alice@example.com standard 1050.25
****user 'bob+1759096618026@example.com' in row: 277 Bob bob@example.com standard 949.75
****user 'bob+1759096618026@example.com' in row: 157 Bob bob@example.com standard 949.75
****user 'bob+1759096618026@example.com' in row: 278 Low low@example.com standard 1000.00
****user 'bob+1759096618026@example.com' in row: 158 Low low@example.com standard 1000.00
****user 'bob+1759096618026@example.com' in row: 279 Rich rich@example.com standard 1000.00
****user 'bob+1759096618026@example.com' in row: 159 Rich rich@example.com standard 1000.00
****user 'bob+1759096618026@example.com' in row: 280 NoAuth noauth@example.com standard 1000.00
****user 'bob+1759096618026@example.com' in row: 160 NoAuth noauth@example.com standard 1000.00
****user 'bob+1759096618026@example.com' in row: 281 John Doe john@example.com premium 1000.00
****user 'bob+1759096618026@example.com' in row: 161 John Doe john@example.com premium 1000.00
****user 'bob+1759096618026@example.com' in row: 282 Alice alice@example.com standard 1050.25
****user 'bob+1759096618026@example.com' in row: 162 Alice alice@example.com standard 1050.25
****user 'bob+1759096618026@example.com' in row: 283 Bob bob@example.com standard 949.75
****user 'bob+1759096618026@example.com' in row: 163 Bob bob@example.com standard 949.75
****user 'bob+1759096618026@example.com' in row: 284 Low low@example.com standard 1000.00
****user 'bob+1759096618026@example.com' in row: 164 Low low@example.com standard 1000.00
****user 'bob+1759096618026@example.com' in row: 285 Rich rich@example.com standard 1000.00
****user 'bob+1759096618026@example.com' in row: 165 Rich rich@example.com standard 1000.00
****user 'bob+1759096618026@example.com' in row: 286 NoAuth noauth@example.com standard 1000.00
****user 'bob+1759096618026@example.com' in row: 166 NoAuth noauth@example.com standard 1000.00
****user 'bob+1759096618026@example.com' in row: 287 Alice alice+1759092142789@example.com standard 1000.00
****user 'bob+1759096618026@example.com' in row: 167 John Doe john@example.com premium 1000.00
****user 'bob+1759096618026@example.com' in row: 288 Bob bob+1759092145943@example.com standard 1000.00
****user 'bob+1759096618026@example.com' in row: 168 Alice alice@example.com standard 1050.25
****user 'bob+1759096618026@example.com' in row: 289 John Doe john@example.com premium 1000.00
****user 'bob+1759096618026@example.com' in row: 169 Bob bob@example.com standard 949.75
****user 'bob+1759096618026@example.com' in row: 290 Alice alice@example.com standard 1050.25
****user 'bob+1759096618026@example.com' in row: 170 Low low@example.com standard 1000.00
****user 'bob+1759096618026@example.com' in row: 291 Bob bob@example.com standard 949.75
****user 'bob+1759096618026@example.com' in row: 171 Rich rich@example.com standard 1000.00
****user 'bob+1759096618026@example.com' in row: 292 Low low@example.com standard 1000.00
****user 'bob+1759096618026@example.com' in row: 172 NoAuth noauth@example.com standard 1000.00
****user 'bob+1759096618026@example.com' in row: 293 Rich rich@example.com standard 1000.00
****user 'bob+1759096618026@example.com' in row: 173 Alice alice+1759088118139@example.com standard 1000.00
****user 'bob+1759096618026@example.com' in row: 294 NoAuth noauth@example.com standard 1000.00
****user 'bob+1759096618026@example.com' in row: 174 Bob bob+1759088118897@example.com standard 1000.00
****user 'bob+1759096618026@example.com' in row: 295 Jane Roe jane@example.com premium 1000.00
****user 'bob+1759096618026@example.com' in row: 175 Alice alice+1759088262893@example.com standard 1000.00
****user 'bob+1759096618026@example.com' in row: 296 Alice alice+1759092171871@example.com standard 1000.00
****user 'bob+1759096618026@example.com' in row: 176 Bob bob+1759088263677@example.com standard 1000.00
****user 'bob+1759096618026@example.com' in row: 297 Bob bob+1759092174791@example.com standard 1000.00
****user 'bob+1759096618026@example.com' in row: 177 John Doe john@example.com premium 1000.00
****user 'bob+1759096618026@example.com' in row: 298 John Doe john@example.com premium 1000.00
****user 'bob+1759096618026@example.com' in row: 178 Alice alice@example.com standard 1050.25
****user 'bob+1759096618026@example.com' in row: 299 Alice alice@example.com standard 1050.25
****user 'bob+1759096618026@example.com' in row: 179 Bob bob@example.com standard 949.75
****user 'bob+1759096618026@example.com' in row: 180 Low low@example.com standard 1000.00
****user 'bob+1759096618026@example.com' in row: 181 Rich rich@example.com standard 1000.00
****user 'bob+1759096618026@example.com' in row: 182 NoAuth noauth@example.com standard 1000.00
****user 'bob+1759096618026@example.com' in row: 183 Alice alice+1759088326698@example.com standard 1000.00
****user 'bob+1759096618026@example.com' in row: 184 Bob bob+1759088327469@example.com standard 1000.00
****user 'bob+1759096618026@example.com' in row: 185 John Doe john@example.com premium 1000.00
****user 'bob+1759096618026@example.com' in row: 186 Alice alice@example.com standard 1050.25
****user 'bob+1759096618026@example.com' in row: 187 Bob bob@example.com standard 949.75
****user 'bob+1759096618026@example.com' in row: 188 Low low@example.com standard 1000.00
****user 'bob+1759096618026@example.com' in row: 189 Rich rich@example.com standard 1000.00
****user 'bob+1759096618026@example.com' in row: 190 NoAuth noauth@example.com standard 1000.00
****user 'bob+1759096618026@example.com' in row: 191 Alice alice+1759088623728@example.com standard 1000.00
****user 'bob+1759096618026@example.com' in row: 192 Bob bob+1759088624511@example.com standard 1000.00
****user 'bob+1759096618026@example.com' in row: 193 John Doe john@example.com premium 1000.00
****user 'bob+1759096618026@example.com' in row: 194 Alice alice@example.com standard 1050.25
****user 'bob+1759096618026@example.com' in row: 195 Bob bob@example.com standard 949.75
****user 'bob+1759096618026@example.com' in row: 196 Low low@example.com standard 1000.00
****user 'bob+1759096618026@example.com' in row: 197 Rich rich@example.com standard 1000.00
****user 'bob+1759096618026@example.com' in row: 198 NoAuth noauth@example.com standard 1000.00
****user 'bob+1759096618026@example.com' in row: 199 Alice alice+1759088639832@example.com standard 1000.00
****user 'bob+1759096618026@example.com' in row: 300 Bob bob@example.com standard 949.75
****user 'bob+1759096618026@example.com' in row: 301 Low low@example.com standard 1000.00
****user 'bob+1759096618026@example.com' in row: 302 Rich rich@example.com standard 1000.00
****user 'bob+1759096618026@example.com' in row: 303 NoAuth noauth@example.com standard 1000.00
****user 'bob+1759096618026@example.com' in row: 304 Jane Roe jane@example.com premium 1000.00
****user 'bob+1759096618026@example.com' in row: 305 Alice alice+1759092317547@example.com standard 1000.00
****user 'bob+1759096618026@example.com' in row: 306 Bob bob+1759092320782@example.com standard 1000.00
****user 'bob+1759096618026@example.com' in row: 307 John Doe john@example.com premium 1000.00
****user 'bob+1759096618026@example.com' in row: 308 Alice alice@example.com standard 1050.25
****user 'bob+1759096618026@example.com' in row: 309 Bob bob@example.com standard 949.75
****user 'bob+1759096618026@example.com' in row: 310 Low low@example.com standard 1000.00
****user 'bob+1759096618026@example.com' in row: 311 Rich rich@example.com standard 1000.00
****user 'bob+1759096618026@example.com' in row: 312 NoAuth noauth@example.com standard 1000.00
****user 'bob+1759096618026@example.com' in row: 313 Jane Roe jane@example.com premium 1000.00
****user 'bob+1759096618026@example.com' in row: 314 Alice alice+1759092395394@example.com standard 1000.00
****user 'bob+1759096618026@example.com' in row: 315 Bob bob+1759092398825@example.com standard 1000.00
****user 'bob+1759096618026@example.com' in row: 316 John Doe john@example.com premium 1000.00
****user 'bob+1759096618026@example.com' in row: 317 Alice alice@example.com standard 1050.25
****user 'bob+1759096618026@example.com' in row: 318 Bob bob@example.com standard 949.75
****user 'bob+1759096618026@example.com' in row: 319 Low low@example.com standard 1000.00
****user 'bob+1759096618026@example.com' in row: 320 Rich rich@example.com standard 1000.00
****user 'bob+1759096618026@example.com' in row: 200 Bob bob+1759088640618@example.com standard 1000.00
****user 'bob+1759096618026@example.com' in row: 321 NoAuth noauth@example.com standard 1000.00
****user 'bob+1759096618026@example.com' in row: 201 John Doe john@example.com premium 1000.00
****user 'bob+1759096618026@example.com' in row: 322 Jane Roe jane@example.com premium 1000.00
****user 'bob+1759096618026@example.com' in row: 202 Alice alice@example.com standard 1050.25
****user 'bob+1759096618026@example.com' in row: 323 Alice alice+1759096233896@example.com standard 1000.00
****user 'bob+1759096618026@example.com' in row: 203 Bob bob@example.com standard 949.75
****user 'bob+1759096618026@example.com' in row: 324 Bob bob+1759096237149@example.com standard 1000.00
****user 'bob+1759096618026@example.com' in row: 204 Low low@example.com standard 1000.00
****user 'bob+1759096618026@example.com' in row: 325 John Doe john@example.com premium 1000.00
****user 'bob+1759096618026@example.com' in row: 205 Rich rich@example.com standard 1000.00
****user 'bob+1759096618026@example.com' in row: 326 Alice alice@example.com standard 1050.25
****user 'bob+1759096618026@example.com' in row: 206 NoAuth noauth@example.com standard 1000.00
****user 'bob+1759096618026@example.com' in row: 327 Bob bob@example.com standard 949.75
****user 'bob+1759096618026@example.com' in row: 207 Alice alice+1759088968798@example.com standard 1000.00
****user 'bob+1759096618026@example.com' in row: 328 Low low@example.com standard 1000.00
****user 'bob+1759096618026@example.com' in row: 208 Bob bob+1759088969619@example.com standard 1000.00
****user 'bob+1759096618026@example.com' in row: 329 Rich rich@example.com standard 1000.00
****user 'bob+1759096618026@example.com' in row: 209 John Doe john@example.com premium 1000.00
****user 'bob+1759096618026@example.com' in row: 330 NoAuth noauth@example.com standard 1000.00
****user 'bob+1759096618026@example.com' in row: 210 Alice alice@example.com standard 1050.25
****user 'bob+1759096618026@example.com' in row: 331 Jane Roe jane@example.com premium 1000.00
****user 'bob+1759096618026@example.com' in row: 211 Bob bob@example.com standard 949.75
****user 'bob+1759096618026@example.com' in row: 332 Alice alice+1759096496704@example.com standard 989.50
****user 'bob+1759096618026@example.com' in row: 212 Low low@example.com standard 1000.00
****user 'bob+1759096618026@example.com' in row: 333 Bob bob+1759096500242@example.com standard 1010.50
****user 'bob+1759096618026@example.com' in row: 213 Rich rich@example.com standard 1000.00
****user 'bob+1759096618026@example.com' in row: 334 John Doe john@example.com premium 1000.00
****user 'bob+1759096618026@example.com' in row: 214 NoAuth noauth@example.com standard 1000.00
****user 'bob+1759096618026@example.com' in row: 335 Alice alice@example.com standard 1050.25
****user 'bob+1759096618026@example.com' in row: 215 Alice alice+1759089076412@example.com standard 1000.00
****user 'bob+1759096618026@example.com' in row: 336 Bob bob@example.com standard 949.75
****user 'bob+1759096618026@example.com' in row: 216 Bob bob+1759089077231@example.com standard 1000.00
****user 'bob+1759096618026@example.com' in row: 337 Low low@example.com standard 1000.00
****user 'bob+1759096618026@example.com' in row: 217 jai jai@gmail.com standard 1000.00
****user 'bob+1759096618026@example.com' in row: 338 Rich rich@example.com standard 1000.00
****user 'bob+1759096618026@example.com' in row: 218 John Doe john@example.com premium 1000.00
****user 'bob+1759096618026@example.com' in row: 339 NoAuth noauth@example.com standard 1000.00
****user 'bob+1759096618026@example.com' in row: 219 Alice alice@example.com standard 1050.25
****user 'bob+1759096618026@example.com' in row: 340 Jane Roe jane@example.com premium 1000.00
****user 'bob+1759096618026@example.com' in row: 220 Bob bob@example.com standard 949.75
****user 'bob+1759096618026@example.com' in row: 341 Alice alice+1759096614061@example.com standard 1000.00
****user 'bob+1759096618026@example.com' in row: 100 jai jai@example.com standard 813.00
****user 'bob+1759096618026@example.com' in row: 221 Low low@example.com standard 1000.00
****user 'bob+1759096618026@example.com' in row: 342 Bob bob+1759096618026@example.com standard 1000.00
Found user 'bob+1759096618026@example.com' in row: 342 Bob bob+1759096618026@example.com standard 1000.00
****** newUserId: 342
  &amp#27;[32mAnd &amp#27;[0m&amp#27;[32mI ensure users exist for a transfer&amp#27;[0m                            &amp#27;[90m# j3s.qa.tests.steps.UiStepDefs.i_ensure_users_exist_for_a_transfer()&amp#27;[0m
  &amp#27;[32mAnd &amp#27;[0m&amp#27;[32mI submit a transfer of &amp#27;[0m&amp#27;[32m&amp#27;[1m10.5&amp#27;[0m&amp#27;[32m between the last two created users&amp#27;[0m &amp#27;[90m# j3s.qa.tests.steps.UiStepDefs.i_submit_a_transfer_of_between_the_last_two_created_users(java.lang.Double)&amp#27;[0m
*******Rows count: 53
  &amp#27;[32mThen &amp#27;[0m&amp#27;[32mI should see the respective transaction rows&amp#27;[0m                  &amp#27;[90m# j3s.qa.tests.steps.UiStepDefs.i_should_see_the_respective_transaction_rows()&amp#27;[0m
]]></system-out>
  </testcase>
  <testcase name="Transfer to invalid recipient" classname="UI flows on mock frontend" time="1.642">
    <system-out><![CDATA[
Scenario: Transfer to invalid recipient                                         &amp#27;[90m# features/ui_flows.feature:18&amp#27;[0m
  &amp#27;[32mGiven &amp#27;[0m&amp#27;[32mthe mock UI server is running&amp#27;[0m                                           &amp#27;[90m# j3s.qa.tests.steps.UiStepDefs.mock_ui_running()&amp#27;[0m
  &amp#27;[32mAnd &amp#27;[0m&amp#27;[32mthe backend base URL is set&amp#27;[0m                                               &amp#27;[90m# j3s.qa.tests.steps.ApiStepDefs.the_backend_base_url_is_set()&amp#27;[0m
************getting driver....
2025-09-28T14:57:01.854-07:00  INFO 30688 --- [           main] i.g.bonigarcia.wdm.WebDriverManager      : Using chromedriver 140.0.7339.207 (resolved driver for Chrome 140)
2025-09-28T14:57:01.857-07:00  INFO 30688 --- [           main] i.g.bonigarcia.wdm.WebDriverManager      : Exporting webdriver.chrome.driver as /Users/sivanesan.murugesan/.cache/selenium/chromedriver/mac64/140.0.7339.207/chromedriver
2025-09-28T14:57:02.602-07:00  WARN 30688 --- [           main] o.o.selenium.devtools.CdpVersionFinder   : Unable to find CDP implementation matching 140
2025-09-28T14:57:02.603-07:00  WARN 30688 --- [           main] o.o.selenium.chromium.ChromiumDriver     : Unable to find version of CDP to use for 140.0.7339.208. You may need to include a dependency on a specific version of the CDP using something similar to `org.seleniumhq.selenium:selenium-devtools-v86:4.19.1` where the version ("v86") matches the version of the chromium-based browser you're using and the version number of the artifact is the same as Selenium's.
  &amp#27;[32mWhen &amp#27;[0m&amp#27;[32mI open the mock UI&amp#27;[0m                                                       &amp#27;[90m# j3s.qa.tests.steps.UiStepDefs.open_mock_ui()&amp#27;[0m
  &amp#27;[32mAnd &amp#27;[0m&amp#27;[32mI submit a transfer to a invalid recipient&amp#27;[0m                                &amp#27;[90m# j3s.qa.tests.steps.UiStepDefs.i_submit_a_transfer_to_a_invalid_recipient()&amp#27;[0m
  &amp#27;[32mThen &amp#27;[0m&amp#27;[32mI should see a status message containing &amp#27;[0m&amp#27;[32m&amp#27;[1m"Invalid userId or recipientId"&amp#27;[0m &amp#27;[90m# j3s.qa.tests.steps.UiStepDefs.i_should_see_a_status_message_containing(java.lang.String)&amp#27;[0m
]]></system-out>
  </testcase>
</testsuite>